{"C:\\Users\\user\\Desktop\\GoodMorning_BE\\GoodMorning-BE\\src\\controller\\Auth.Controller.ts": {"path":"C:\\Users\\user\\Desktop\\GoodMorning_BE\\GoodMorning-BE\\src\\controller\\Auth.Controller.ts","statementMap":{"0":{"start":{"line":1,"column":0},"end":{"line":1,"column":93}},"1":{"start":{"line":3,"column":0},"end":{"line":3,"column":33}},"2":{"start":{"line":4,"column":0},"end":{"line":4,"column":54}},"3":{"start":{"line":5,"column":0},"end":{"line":5,"column":68}},"4":{"start":{"line":6,"column":0},"end":{"line":6,"column":57}},"5":{"start":{"line":7,"column":0},"end":{"line":7,"column":53}},"6":{"start":{"line":12,"column":7},"end":{"line":32,"column":null}},"7":{"start":{"line":14,"column":16},"end":{"line":14,"column":29}},"8":{"start":{"line":14,"column":51},"end":{"line":14,"column":65}},"9":{"start":{"line":20,"column":28},"end":{"line":20,"column":53}},"10":{"start":{"line":21,"column":23},"end":{"line":21,"column":73}},"11":{"start":{"line":22,"column":8},"end":{"line":22,"column":45}},"12":{"start":{"line":29,"column":8},"end":{"line":29,"column":77}},"13":{"start":{"line":30,"column":8},"end":{"line":30,"column":39}},"14":{"start":{"line":12,"column":13},"end":{"line":12,"column":27}},"15":{"start":{"line":18,"column":6},"end":{"line":23,"column":null}},"16":{"start":{"line":27,"column":6},"end":{"line":31,"column":null}},"17":{"start":{"line":12,"column":13},"end":{"line":32,"column":null}}},"fnMap":{"0":{"name":"(anonymous_4)","decl":{"start":{"line":13,"column":4},"end":{"line":13,"column":null}},"loc":{"start":{"line":14,"column":77},"end":{"line":14,"column":81}}},"1":{"name":"(anonymous_5)","decl":{"start":{"line":18,"column":0},"end":{"line":18,"column":5}},"loc":{"start":{"line":19,"column":22},"end":{"line":23,"column":1}}},"2":{"name":"(anonymous_6)","decl":{"start":{"line":27,"column":0},"end":{"line":27,"column":5}},"loc":{"start":{"line":28,"column":27},"end":{"line":31,"column":1}}}},"branchMap":{},"s":{"0":1,"1":1,"2":1,"3":1,"4":1,"5":1,"6":1,"7":1,"8":1,"9":1,"10":1,"11":1,"12":1,"13":1,"14":1,"15":1,"16":1,"17":1},"f":{"0":1,"1":1,"2":1},"b":{}}
,"C:\\Users\\user\\Desktop\\GoodMorning_BE\\GoodMorning-BE\\src\\controller\\Calendar.Controller.ts": {"path":"C:\\Users\\user\\Desktop\\GoodMorning_BE\\GoodMorning-BE\\src\\controller\\Calendar.Controller.ts","statementMap":{"0":{"start":{"line":1,"column":0},"end":{"line":1,"column":143}},"1":{"start":{"line":2,"column":0},"end":{"line":2,"column":33}},"2":{"start":{"line":3,"column":0},"end":{"line":3,"column":68}},"3":{"start":{"line":4,"column":0},"end":{"line":4,"column":63}},"4":{"start":{"line":5,"column":0},"end":{"line":5,"column":64}},"5":{"start":{"line":6,"column":0},"end":{"line":6,"column":62}},"6":{"start":{"line":8,"column":0},"end":{"line":8,"column":61}},"7":{"start":{"line":9,"column":0},"end":{"line":9,"column":63}},"8":{"start":{"line":15,"column":7},"end":{"line":100,"column":null}},"9":{"start":{"line":18,"column":25},"end":{"line":18,"column":42}},"10":{"start":{"line":31,"column":8},"end":{"line":31,"column":96}},"11":{"start":{"line":32,"column":8},"end":{"line":32,"column":43}},"12":{"start":{"line":33,"column":8},"end":{"line":33,"column":39}},"13":{"start":{"line":47,"column":8},"end":{"line":47,"column":106}},"14":{"start":{"line":48,"column":8},"end":{"line":48,"column":43}},"15":{"start":{"line":49,"column":8},"end":{"line":49,"column":39}},"16":{"start":{"line":63,"column":23},"end":{"line":63,"column":94}},"17":{"start":{"line":64,"column":8},"end":{"line":64,"column":47}},"18":{"start":{"line":65,"column":8},"end":{"line":65,"column":45}},"19":{"start":{"line":79,"column":8},"end":{"line":79,"column":91}},"20":{"start":{"line":80,"column":8},"end":{"line":80,"column":43}},"21":{"start":{"line":81,"column":8},"end":{"line":81,"column":39}},"22":{"start":{"line":95,"column":8},"end":{"line":95,"column":null}},"23":{"start":{"line":96,"column":23},"end":{"line":96,"column":103}},"24":{"start":{"line":97,"column":8},"end":{"line":97,"column":53}},"25":{"start":{"line":98,"column":8},"end":{"line":98,"column":45}},"26":{"start":{"line":15,"column":13},"end":{"line":15,"column":31}},"27":{"start":{"line":30,"column":10},"end":{"line":34,"column":null}},"28":{"start":{"line":46,"column":10},"end":{"line":50,"column":null}},"29":{"start":{"line":62,"column":10},"end":{"line":66,"column":null}},"30":{"start":{"line":78,"column":10},"end":{"line":82,"column":null}},"31":{"start":{"line":94,"column":10},"end":{"line":99,"column":null}},"32":{"start":{"line":15,"column":13},"end":{"line":100,"column":null}}},"fnMap":{"0":{"name":"(anonymous_4)","decl":{"start":{"line":17,"column":4},"end":{"line":17,"column":null}},"loc":{"start":{"line":18,"column":57},"end":{"line":19,"column":7}}},"1":{"name":"(anonymous_5)","decl":{"start":{"line":30,"column":4},"end":{"line":30,"column":9}},"loc":{"start":{"line":30,"column":98},"end":{"line":34,"column":5}}},"2":{"name":"(anonymous_6)","decl":{"start":{"line":46,"column":4},"end":{"line":46,"column":9}},"loc":{"start":{"line":46,"column":90},"end":{"line":50,"column":5}}},"3":{"name":"(anonymous_7)","decl":{"start":{"line":62,"column":4},"end":{"line":62,"column":9}},"loc":{"start":{"line":62,"column":80},"end":{"line":66,"column":5}}},"4":{"name":"(anonymous_8)","decl":{"start":{"line":78,"column":4},"end":{"line":78,"column":9}},"loc":{"start":{"line":78,"column":93},"end":{"line":82,"column":5}}},"5":{"name":"(anonymous_9)","decl":{"start":{"line":94,"column":4},"end":{"line":94,"column":9}},"loc":{"start":{"line":94,"column":95},"end":{"line":99,"column":5}}}},"branchMap":{},"s":{"0":0,"1":0,"2":0,"3":0,"4":0,"5":0,"6":0,"7":0,"8":0,"9":0,"10":0,"11":0,"12":0,"13":0,"14":0,"15":0,"16":0,"17":0,"18":0,"19":0,"20":0,"21":0,"22":0,"23":0,"24":0,"25":0,"26":0,"27":0,"28":0,"29":0,"30":0,"31":0,"32":0},"f":{"0":0,"1":0,"2":0,"3":0,"4":0,"5":0},"b":{}}
,"C:\\Users\\user\\Desktop\\GoodMorning_BE\\GoodMorning-BE\\src\\controller\\FamousSaying.Controller.ts": {"path":"C:\\Users\\user\\Desktop\\GoodMorning_BE\\GoodMorning-BE\\src\\controller\\FamousSaying.Controller.ts","statementMap":{"0":{"start":{"line":1,"column":0},"end":{"line":1,"column":98}},"1":{"start":{"line":2,"column":0},"end":{"line":2,"column":33}},"2":{"start":{"line":3,"column":0},"end":{"line":3,"column":68}},"3":{"start":{"line":4,"column":0},"end":{"line":4,"column":70}},"4":{"start":{"line":9,"column":7},"end":{"line":20,"column":null}},"5":{"start":{"line":10,"column":33},"end":{"line":10,"column":53}},"6":{"start":{"line":15,"column":21},"end":{"line":15,"column":71}},"7":{"start":{"line":16,"column":6},"end":{"line":16,"column":33}},"8":{"start":{"line":17,"column":6},"end":{"line":17,"column":43}},"9":{"start":{"line":9,"column":13},"end":{"line":9,"column":35}},"10":{"start":{"line":14,"column":10},"end":{"line":18,"column":null}},"11":{"start":{"line":9,"column":13},"end":{"line":20,"column":null}}},"fnMap":{"0":{"name":"(anonymous_2)","decl":{"start":{"line":10,"column":4},"end":{"line":10,"column":33}},"loc":{"start":{"line":10,"column":72},"end":{"line":10,"column":76}}},"1":{"name":"(anonymous_3)","decl":{"start":{"line":14,"column":4},"end":{"line":14,"column":9}},"loc":{"start":{"line":14,"column":27},"end":{"line":18,"column":5}}}},"branchMap":{},"s":{"0":1,"1":1,"2":1,"3":1,"4":1,"5":1,"6":1,"7":1,"8":1,"9":1,"10":1,"11":1},"f":{"0":1,"1":1},"b":{}}
,"C:\\Users\\user\\Desktop\\GoodMorning_BE\\GoodMorning-BE\\src\\controller\\Firebase.Controller.ts": {"path":"C:\\Users\\user\\Desktop\\GoodMorning_BE\\GoodMorning-BE\\src\\controller\\Firebase.Controller.ts","statementMap":{"0":{"start":{"line":1,"column":0},"end":{"line":1,"column":75}},"1":{"start":{"line":2,"column":0},"end":{"line":2,"column":33}},"2":{"start":{"line":3,"column":0},"end":{"line":3,"column":69}},"3":{"start":{"line":4,"column":0},"end":{"line":4,"column":51}},"4":{"start":{"line":5,"column":0},"end":{"line":5,"column":68}},"5":{"start":{"line":10,"column":7},"end":{"line":23,"column":null}},"6":{"start":{"line":20,"column":8},"end":{"line":20,"column":null}},"7":{"start":{"line":21,"column":8},"end":{"line":21,"column":43}},"8":{"start":{"line":10,"column":13},"end":{"line":10,"column":31}},"9":{"start":{"line":19,"column":10},"end":{"line":22,"column":null}},"10":{"start":{"line":10,"column":13},"end":{"line":23,"column":null}}},"fnMap":{"0":{"name":"(anonymous_4)","decl":{"start":{"line":19,"column":4},"end":{"line":19,"column":9}},"loc":{"start":{"line":19,"column":72},"end":{"line":22,"column":5}}}},"branchMap":{},"s":{"0":1,"1":1,"2":1,"3":1,"4":1,"5":1,"6":1,"7":1,"8":1,"9":1,"10":1},"f":{"0":1},"b":{}}
,"C:\\Users\\user\\Desktop\\GoodMorning_BE\\GoodMorning-BE\\src\\controller\\Kakao.Controller.ts": {"path":"C:\\Users\\user\\Desktop\\GoodMorning_BE\\GoodMorning-BE\\src\\controller\\Kakao.Controller.ts","statementMap":{"0":{"start":{"line":3,"column":0},"end":{"line":3,"column":97}},"1":{"start":{"line":4,"column":0},"end":{"line":4,"column":33}},"2":{"start":{"line":5,"column":0},"end":{"line":5,"column":68}},"3":{"start":{"line":6,"column":0},"end":{"line":6,"column":56}},"4":{"start":{"line":12,"column":7},"end":{"line":38,"column":null}},"5":{"start":{"line":15,"column":25},"end":{"line":15,"column":38}},"6":{"start":{"line":34,"column":23},"end":{"line":34,"column":84}},"7":{"start":{"line":35,"column":8},"end":{"line":35,"column":46}},"8":{"start":{"line":36,"column":8},"end":{"line":36,"column":45}},"9":{"start":{"line":12,"column":13},"end":{"line":12,"column":28}},"10":{"start":{"line":28,"column":10},"end":{"line":37,"column":null}},"11":{"start":{"line":12,"column":13},"end":{"line":38,"column":null}}},"fnMap":{"0":{"name":"(anonymous_4)","decl":{"start":{"line":14,"column":4},"end":{"line":14,"column":null}},"loc":{"start":{"line":15,"column":50},"end":{"line":16,"column":7}}},"1":{"name":"(anonymous_5)","decl":{"start":{"line":28,"column":4},"end":{"line":28,"column":9}},"loc":{"start":{"line":32,"column":43},"end":{"line":37,"column":5}}}},"branchMap":{},"s":{"0":1,"1":1,"2":1,"3":1,"4":1,"5":1,"6":1,"7":1,"8":1,"9":1,"10":1,"11":1},"f":{"0":1,"1":1},"b":{}}
,"C:\\Users\\user\\Desktop\\GoodMorning_BE\\GoodMorning-BE\\src\\controller\\Music.Controller.ts": {"path":"C:\\Users\\user\\Desktop\\GoodMorning_BE\\GoodMorning-BE\\src\\controller\\Music.Controller.ts","statementMap":{"0":{"start":{"line":1,"column":0},"end":{"line":1,"column":68}},"1":{"start":{"line":2,"column":0},"end":{"line":2,"column":33}},"2":{"start":{"line":3,"column":0},"end":{"line":3,"column":68}},"3":{"start":{"line":4,"column":0},"end":{"line":4,"column":56}},"4":{"start":{"line":8,"column":7},"end":{"line":20,"column":null}},"5":{"start":{"line":10,"column":33},"end":{"line":10,"column":46}},"6":{"start":{"line":15,"column":23},"end":{"line":15,"column":63}},"7":{"start":{"line":16,"column":8},"end":{"line":16,"column":32}},"8":{"start":{"line":17,"column":8},"end":{"line":17,"column":45}},"9":{"start":{"line":8,"column":13},"end":{"line":8,"column":28}},"10":{"start":{"line":14,"column":10},"end":{"line":18,"column":null}},"11":{"start":{"line":8,"column":13},"end":{"line":20,"column":null}}},"fnMap":{"0":{"name":"(anonymous_2)","decl":{"start":{"line":10,"column":4},"end":{"line":10,"column":33}},"loc":{"start":{"line":10,"column":58},"end":{"line":10,"column":61}}},"1":{"name":"(anonymous_3)","decl":{"start":{"line":14,"column":4},"end":{"line":14,"column":9}},"loc":{"start":{"line":14,"column":24},"end":{"line":18,"column":5}}}},"branchMap":{},"s":{"0":1,"1":1,"2":1,"3":1,"4":1,"5":1,"6":1,"7":1,"8":1,"9":1,"10":1,"11":1},"f":{"0":1,"1":1},"b":{}}
,"C:\\Users\\user\\Desktop\\GoodMorning_BE\\GoodMorning-BE\\src\\controller\\Token.Controller.ts": {"path":"C:\\Users\\user\\Desktop\\GoodMorning_BE\\GoodMorning-BE\\src\\controller\\Token.Controller.ts","statementMap":{"0":{"start":{"line":1,"column":0},"end":{"line":1,"column":85}},"1":{"start":{"line":3,"column":0},"end":{"line":3,"column":33}},"2":{"start":{"line":4,"column":0},"end":{"line":4,"column":56}},"3":{"start":{"line":5,"column":0},"end":{"line":5,"column":68}},"4":{"start":{"line":6,"column":0},"end":{"line":6,"column":57}},"5":{"start":{"line":10,"column":7},"end":{"line":21,"column":null}},"6":{"start":{"line":11,"column":24},"end":{"line":11,"column":38}},"7":{"start":{"line":11,"column":60},"end":{"line":11,"column":74}},"8":{"start":{"line":17,"column":25},"end":{"line":17,"column":65}},"9":{"start":{"line":18,"column":22},"end":{"line":18,"column":78}},"10":{"start":{"line":19,"column":4},"end":{"line":19,"column":44}},"11":{"start":{"line":10,"column":13},"end":{"line":10,"column":28}},"12":{"start":{"line":15,"column":6},"end":{"line":20,"column":null}},"13":{"start":{"line":10,"column":13},"end":{"line":21,"column":null}}},"fnMap":{"0":{"name":"(anonymous_4)","decl":{"start":{"line":11,"column":4},"end":{"line":11,"column":24}},"loc":{"start":{"line":11,"column":86},"end":{"line":11,"column":90}}},"1":{"name":"(anonymous_5)","decl":{"start":{"line":15,"column":0},"end":{"line":15,"column":5}},"loc":{"start":{"line":16,"column":23},"end":{"line":20,"column":1}}}},"branchMap":{},"s":{"0":1,"1":1,"2":1,"3":1,"4":1,"5":1,"6":1,"7":1,"8":1,"9":1,"10":1,"11":1,"12":1,"13":1},"f":{"0":1,"1":1},"b":{}}
,"C:\\Users\\user\\Desktop\\GoodMorning_BE\\GoodMorning-BE\\src\\controller\\Traffic.Controller.ts": {"path":"C:\\Users\\user\\Desktop\\GoodMorning_BE\\GoodMorning-BE\\src\\controller\\Traffic.Controller.ts","statementMap":{"0":{"start":{"line":1,"column":0},"end":{"line":1,"column":143}},"1":{"start":{"line":2,"column":0},"end":{"line":2,"column":33}},"2":{"start":{"line":3,"column":0},"end":{"line":3,"column":68}},"3":{"start":{"line":4,"column":0},"end":{"line":4,"column":63}},"4":{"start":{"line":6,"column":0},"end":{"line":6,"column":60}},"5":{"start":{"line":7,"column":0},"end":{"line":7,"column":67}},"6":{"start":{"line":8,"column":0},"end":{"line":8,"column":65}},"7":{"start":{"line":9,"column":0},"end":{"line":9,"column":65}},"8":{"start":{"line":10,"column":0},"end":{"line":10,"column":67}},"9":{"start":{"line":11,"column":0},"end":{"line":11,"column":67}},"10":{"start":{"line":12,"column":0},"end":{"line":12,"column":72}},"11":{"start":{"line":13,"column":0},"end":{"line":13,"column":75}},"12":{"start":{"line":14,"column":0},"end":{"line":14,"column":79}},"13":{"start":{"line":18,"column":7},"end":{"line":205,"column":null}},"14":{"start":{"line":21,"column":25},"end":{"line":21,"column":41}},"15":{"start":{"line":22,"column":25},"end":{"line":22,"column":47}},"16":{"start":{"line":35,"column":8},"end":{"line":35,"column":95}},"17":{"start":{"line":36,"column":8},"end":{"line":36,"column":null}},"18":{"start":{"line":37,"column":8},"end":{"line":37,"column":39}},"19":{"start":{"line":50,"column":8},"end":{"line":50,"column":108}},"20":{"start":{"line":51,"column":8},"end":{"line":51,"column":36}},"21":{"start":{"line":52,"column":8},"end":{"line":52,"column":39}},"22":{"start":{"line":65,"column":8},"end":{"line":65,"column":100}},"23":{"start":{"line":66,"column":8},"end":{"line":66,"column":39}},"24":{"start":{"line":67,"column":8},"end":{"line":67,"column":39}},"25":{"start":{"line":80,"column":8},"end":{"line":80,"column":104}},"26":{"start":{"line":81,"column":8},"end":{"line":81,"column":43}},"27":{"start":{"line":82,"column":8},"end":{"line":82,"column":39}},"28":{"start":{"line":93,"column":28},"end":{"line":93,"column":38}},"29":{"start":{"line":94,"column":28},"end":{"line":94,"column":114}},"30":{"start":{"line":95,"column":8},"end":{"line":95,"column":36}},"31":{"start":{"line":96,"column":8},"end":{"line":96,"column":50}},"32":{"start":{"line":108,"column":34},"end":{"line":108,"column":144}},"33":{"start":{"line":109,"column":8},"end":{"line":109,"column":39}},"34":{"start":{"line":110,"column":8},"end":{"line":110,"column":56}},"35":{"start":{"line":122,"column":8},"end":{"line":122,"column":110}},"36":{"start":{"line":123,"column":8},"end":{"line":123,"column":43}},"37":{"start":{"line":124,"column":8},"end":{"line":124,"column":39}},"38":{"start":{"line":135,"column":27},"end":{"line":135,"column":95}},"39":{"start":{"line":136,"column":8},"end":{"line":136,"column":42}},"40":{"start":{"line":137,"column":8},"end":{"line":137,"column":49}},"41":{"start":{"line":149,"column":30},"end":{"line":149,"column":120}},"42":{"start":{"line":150,"column":8},"end":{"line":150,"column":39}},"43":{"start":{"line":151,"column":8},"end":{"line":151,"column":52}},"44":{"start":{"line":161,"column":23},"end":{"line":161,"column":91}},"45":{"start":{"line":162,"column":8},"end":{"line":162,"column":46}},"46":{"start":{"line":163,"column":8},"end":{"line":163,"column":45}},"47":{"start":{"line":173,"column":23},"end":{"line":173,"column":92}},"48":{"start":{"line":174,"column":8},"end":{"line":174,"column":46}},"49":{"start":{"line":175,"column":8},"end":{"line":175,"column":45}},"50":{"start":{"line":186,"column":23},"end":{"line":186,"column":89}},"51":{"start":{"line":187,"column":8},"end":{"line":187,"column":null}},"52":{"start":{"line":188,"column":8},"end":{"line":188,"column":45}},"53":{"start":{"line":201,"column":23},"end":{"line":201,"column":101}},"54":{"start":{"line":202,"column":8},"end":{"line":202,"column":null}},"55":{"start":{"line":203,"column":8},"end":{"line":203,"column":45}},"56":{"start":{"line":18,"column":13},"end":{"line":18,"column":30}},"57":{"start":{"line":34,"column":10},"end":{"line":38,"column":null}},"58":{"start":{"line":49,"column":10},"end":{"line":53,"column":null}},"59":{"start":{"line":64,"column":10},"end":{"line":68,"column":null}},"60":{"start":{"line":79,"column":10},"end":{"line":83,"column":null}},"61":{"start":{"line":92,"column":10},"end":{"line":97,"column":null}},"62":{"start":{"line":107,"column":10},"end":{"line":111,"column":null}},"63":{"start":{"line":121,"column":10},"end":{"line":125,"column":null}},"64":{"start":{"line":134,"column":10},"end":{"line":138,"column":null}},"65":{"start":{"line":148,"column":10},"end":{"line":152,"column":null}},"66":{"start":{"line":160,"column":10},"end":{"line":164,"column":null}},"67":{"start":{"line":172,"column":10},"end":{"line":176,"column":null}},"68":{"start":{"line":184,"column":10},"end":{"line":189,"column":null}},"69":{"start":{"line":198,"column":10},"end":{"line":204,"column":null}},"70":{"start":{"line":18,"column":13},"end":{"line":205,"column":null}}},"fnMap":{"0":{"name":"(anonymous_4)","decl":{"start":{"line":20,"column":4},"end":{"line":20,"column":null}},"loc":{"start":{"line":22,"column":67},"end":{"line":23,"column":7}}},"1":{"name":"(anonymous_5)","decl":{"start":{"line":34,"column":4},"end":{"line":34,"column":9}},"loc":{"start":{"line":34,"column":100},"end":{"line":38,"column":5}}},"2":{"name":"(anonymous_6)","decl":{"start":{"line":49,"column":4},"end":{"line":49,"column":9}},"loc":{"start":{"line":49,"column":94},"end":{"line":53,"column":5}}},"3":{"name":"(anonymous_7)","decl":{"start":{"line":64,"column":4},"end":{"line":64,"column":9}},"loc":{"start":{"line":64,"column":109},"end":{"line":68,"column":5}}},"4":{"name":"(anonymous_8)","decl":{"start":{"line":79,"column":4},"end":{"line":79,"column":9}},"loc":{"start":{"line":79,"column":115},"end":{"line":83,"column":5}}},"5":{"name":"(anonymous_9)","decl":{"start":{"line":92,"column":4},"end":{"line":92,"column":9}},"loc":{"start":{"line":92,"column":53},"end":{"line":97,"column":5}}},"6":{"name":"(anonymous_10)","decl":{"start":{"line":107,"column":4},"end":{"line":107,"column":9}},"loc":{"start":{"line":107,"column":101},"end":{"line":111,"column":5}}},"7":{"name":"(anonymous_11)","decl":{"start":{"line":121,"column":4},"end":{"line":121,"column":9}},"loc":{"start":{"line":121,"column":97},"end":{"line":125,"column":5}}},"8":{"name":"(anonymous_12)","decl":{"start":{"line":134,"column":4},"end":{"line":134,"column":9}},"loc":{"start":{"line":134,"column":56},"end":{"line":138,"column":5}}},"9":{"name":"(anonymous_13)","decl":{"start":{"line":148,"column":4},"end":{"line":148,"column":9}},"loc":{"start":{"line":148,"column":91},"end":{"line":152,"column":5}}},"10":{"name":"(anonymous_14)","decl":{"start":{"line":160,"column":4},"end":{"line":160,"column":9}},"loc":{"start":{"line":160,"column":80},"end":{"line":164,"column":5}}},"11":{"name":"(anonymous_15)","decl":{"start":{"line":172,"column":4},"end":{"line":172,"column":9}},"loc":{"start":{"line":172,"column":80},"end":{"line":176,"column":5}}},"12":{"name":"(anonymous_16)","decl":{"start":{"line":184,"column":4},"end":{"line":184,"column":9}},"loc":{"start":{"line":185,"column":52},"end":{"line":189,"column":5}}},"13":{"name":"(anonymous_17)","decl":{"start":{"line":198,"column":4},"end":{"line":198,"column":9}},"loc":{"start":{"line":200,"column":56},"end":{"line":204,"column":5}}}},"branchMap":{},"s":{"0":1,"1":1,"2":1,"3":1,"4":1,"5":1,"6":1,"7":1,"8":1,"9":1,"10":1,"11":1,"12":1,"13":1,"14":1,"15":1,"16":1,"17":1,"18":1,"19":1,"20":1,"21":1,"22":1,"23":1,"24":1,"25":1,"26":1,"27":1,"28":1,"29":1,"30":1,"31":1,"32":1,"33":1,"34":1,"35":1,"36":1,"37":1,"38":1,"39":1,"40":1,"41":1,"42":1,"43":1,"44":1,"45":1,"46":1,"47":1,"48":1,"49":1,"50":1,"51":1,"52":1,"53":1,"54":1,"55":1,"56":1,"57":1,"58":1,"59":1,"60":1,"61":1,"62":1,"63":1,"64":1,"65":1,"66":1,"67":1,"68":1,"69":1,"70":1},"f":{"0":1,"1":1,"2":1,"3":1,"4":1,"5":1,"6":1,"7":1,"8":1,"9":1,"10":1,"11":1,"12":1,"13":1},"b":{}}
,"C:\\Users\\user\\Desktop\\GoodMorning_BE\\GoodMorning-BE\\src\\controller\\User.Controller.ts": {"path":"C:\\Users\\user\\Desktop\\GoodMorning_BE\\GoodMorning-BE\\src\\controller\\User.Controller.ts","statementMap":{"0":{"start":{"line":1,"column":0},"end":{"line":1,"column":null}},"1":{"start":{"line":14,"column":0},"end":{"line":14,"column":40}},"2":{"start":{"line":15,"column":0},"end":{"line":15,"column":68}},"3":{"start":{"line":16,"column":0},"end":{"line":16,"column":63}},"4":{"start":{"line":18,"column":0},"end":{"line":18,"column":54}},"5":{"start":{"line":21,"column":0},"end":{"line":21,"column":67}},"6":{"start":{"line":22,"column":0},"end":{"line":22,"column":57}},"7":{"start":{"line":23,"column":0},"end":{"line":23,"column":53}},"8":{"start":{"line":29,"column":7},"end":{"line":132,"column":null}},"9":{"start":{"line":31,"column":16},"end":{"line":31,"column":29}},"10":{"start":{"line":46,"column":23},"end":{"line":46,"column":77}},"11":{"start":{"line":47,"column":8},"end":{"line":47,"column":45}},"12":{"start":{"line":62,"column":23},"end":{"line":62,"column":76}},"13":{"start":{"line":63,"column":8},"end":{"line":63,"column":45}},"14":{"start":{"line":79,"column":8},"end":{"line":79,"column":112}},"15":{"start":{"line":80,"column":8},"end":{"line":80,"column":39}},"16":{"start":{"line":97,"column":8},"end":{"line":97,"column":89}},"17":{"start":{"line":98,"column":8},"end":{"line":98,"column":null}},"18":{"start":{"line":99,"column":8},"end":{"line":99,"column":39}},"19":{"start":{"line":115,"column":8},"end":{"line":115,"column":115}},"20":{"start":{"line":116,"column":8},"end":{"line":116,"column":null}},"21":{"start":{"line":117,"column":8},"end":{"line":117,"column":39}},"22":{"start":{"line":126,"column":8},"end":{"line":126,"column":57}},"23":{"start":{"line":127,"column":8},"end":{"line":127,"column":null}},"24":{"start":{"line":128,"column":8},"end":{"line":128,"column":39}},"25":{"start":{"line":29,"column":13},"end":{"line":29,"column":27}},"26":{"start":{"line":42,"column":17},"end":{"line":49,"column":null}},"27":{"start":{"line":59,"column":17},"end":{"line":64,"column":null}},"28":{"start":{"line":75,"column":17},"end":{"line":82,"column":null}},"29":{"start":{"line":93,"column":17},"end":{"line":100,"column":null}},"30":{"start":{"line":111,"column":17},"end":{"line":118,"column":null}},"31":{"start":{"line":123,"column":17},"end":{"line":129,"column":null}},"32":{"start":{"line":29,"column":13},"end":{"line":132,"column":null}}},"fnMap":{"0":{"name":"(anonymous_4)","decl":{"start":{"line":30,"column":4},"end":{"line":30,"column":null}},"loc":{"start":{"line":31,"column":40},"end":{"line":32,"column":8}}},"1":{"name":"(anonymous_5)","decl":{"start":{"line":42,"column":11},"end":{"line":42,"column":16}},"loc":{"start":{"line":43,"column":26},"end":{"line":49,"column":5}}},"2":{"name":"(anonymous_6)","decl":{"start":{"line":59,"column":11},"end":{"line":59,"column":16}},"loc":{"start":{"line":60,"column":26},"end":{"line":64,"column":5}}},"3":{"name":"(anonymous_7)","decl":{"start":{"line":75,"column":11},"end":{"line":75,"column":16}},"loc":{"start":{"line":77,"column":63},"end":{"line":82,"column":5}}},"4":{"name":"(anonymous_8)","decl":{"start":{"line":93,"column":11},"end":{"line":93,"column":16}},"loc":{"start":{"line":95,"column":40},"end":{"line":100,"column":5}}},"5":{"name":"(anonymous_9)","decl":{"start":{"line":111,"column":11},"end":{"line":111,"column":16}},"loc":{"start":{"line":113,"column":36},"end":{"line":118,"column":5}}},"6":{"name":"(anonymous_10)","decl":{"start":{"line":123,"column":11},"end":{"line":123,"column":16}},"loc":{"start":{"line":124,"column":27},"end":{"line":129,"column":5}}}},"branchMap":{},"s":{"0":0,"1":0,"2":0,"3":0,"4":0,"5":0,"6":0,"7":0,"8":0,"9":0,"10":0,"11":0,"12":0,"13":0,"14":0,"15":0,"16":0,"17":0,"18":0,"19":0,"20":0,"21":0,"22":0,"23":0,"24":0,"25":0,"26":0,"27":0,"28":0,"29":0,"30":0,"31":0,"32":0},"f":{"0":0,"1":0,"2":0,"3":0,"4":0,"5":0,"6":0},"b":{}}
,"C:\\Users\\user\\Desktop\\GoodMorning_BE\\GoodMorning-BE\\src\\controller\\Weather.Controller.ts": {"path":"C:\\Users\\user\\Desktop\\GoodMorning_BE\\GoodMorning-BE\\src\\controller\\Weather.Controller.ts","statementMap":{"0":{"start":{"line":1,"column":0},"end":{"line":1,"column":97}},"1":{"start":{"line":2,"column":0},"end":{"line":2,"column":33}},"2":{"start":{"line":3,"column":0},"end":{"line":3,"column":68}},"3":{"start":{"line":4,"column":0},"end":{"line":4,"column":60}},"4":{"start":{"line":8,"column":7},"end":{"line":39,"column":null}},"5":{"start":{"line":10,"column":16},"end":{"line":10,"column":32}},"6":{"start":{"line":33,"column":23},"end":{"line":33,"column":133}},"7":{"start":{"line":34,"column":8},"end":{"line":34,"column":38}},"8":{"start":{"line":35,"column":8},"end":{"line":35,"column":45}},"9":{"start":{"line":8,"column":13},"end":{"line":8,"column":30}},"10":{"start":{"line":25,"column":10},"end":{"line":37,"column":null}},"11":{"start":{"line":8,"column":13},"end":{"line":39,"column":null}}},"fnMap":{"0":{"name":"(anonymous_4)","decl":{"start":{"line":9,"column":4},"end":{"line":9,"column":null}},"loc":{"start":{"line":10,"column":46},"end":{"line":11,"column":8}}},"1":{"name":"(anonymous_5)","decl":{"start":{"line":25,"column":4},"end":{"line":25,"column":9}},"loc":{"start":{"line":31,"column":48},"end":{"line":37,"column":5}}}},"branchMap":{},"s":{"0":1,"1":1,"2":1,"3":1,"4":1,"5":1,"6":1,"7":1,"8":1,"9":1,"10":1,"11":1},"f":{"0":1,"1":1},"b":{}}
,"C:\\Users\\user\\Desktop\\GoodMorning_BE\\GoodMorning-BE\\src\\middleware\\jwtMiddleware.ts": {"path":"C:\\Users\\user\\Desktop\\GoodMorning_BE\\GoodMorning-BE\\src\\middleware\\jwtMiddleware.ts","statementMap":{"0":{"start":{"line":2,"column":0},"end":{"line":2,"column":31}},"1":{"start":{"line":3,"column":0},"end":{"line":3,"column":48}},"2":{"start":{"line":12,"column":32},"end":{"line":16,"column":1}},"3":{"start":{"line":13,"column":4},"end":{"line":15,"column":5}},"4":{"start":{"line":14,"column":8},"end":{"line":14,"column":55}},"5":{"start":{"line":12,"column":13},"end":{"line":12,"column":32}},"6":{"start":{"line":18,"column":32},"end":{"line":28,"column":1}},"7":{"start":{"line":20,"column":26},"end":{"line":20,"column":47}},"8":{"start":{"line":22,"column":4},"end":{"line":27,"column":5}},"9":{"start":{"line":23,"column":24},"end":{"line":23,"column":50}},"10":{"start":{"line":24,"column":8},"end":{"line":24,"column":85}},"11":{"start":{"line":26,"column":8},"end":{"line":26,"column":30}},"12":{"start":{"line":26,"column":22},"end":{"line":26,"column":30}},"13":{"start":{"line":18,"column":13},"end":{"line":18,"column":32}},"14":{"start":{"line":30,"column":32},"end":{"line":39,"column":1}},"15":{"start":{"line":31,"column":4},"end":{"line":37,"column":5}},"16":{"start":{"line":32,"column":38},"end":{"line":32,"column":65}},"17":{"start":{"line":33,"column":8},"end":{"line":33,"column":32}},"18":{"start":{"line":36,"column":8},"end":{"line":36,"column":50}},"19":{"start":{"line":38,"column":4},"end":{"line":38,"column":11}},"20":{"start":{"line":30,"column":13},"end":{"line":30,"column":32}}},"fnMap":{"0":{"name":"(anonymous_1)","decl":{"start":{"line":12,"column":32},"end":{"line":12,"column":33}},"loc":{"start":{"line":12,"column":49},"end":{"line":16,"column":1}}},"1":{"name":"(anonymous_2)","decl":{"start":{"line":18,"column":32},"end":{"line":18,"column":33}},"loc":{"start":{"line":18,"column":68},"end":{"line":28,"column":1}}},"2":{"name":"(anonymous_3)","decl":{"start":{"line":30,"column":32},"end":{"line":30,"column":33}},"loc":{"start":{"line":30,"column":88},"end":{"line":39,"column":1}}}},"branchMap":{"0":{"loc":{"start":{"line":13,"column":4},"end":{"line":15,"column":5}},"type":"if","locations":[{"start":{"line":13,"column":4},"end":{"line":15,"column":5}}]},"1":{"loc":{"start":{"line":13,"column":8},"end":{"line":13,"column":89}},"type":"binary-expr","locations":[{"start":{"line":13,"column":8},"end":{"line":13,"column":33}},{"start":{"line":13,"column":37},"end":{"line":13,"column":89}}]},"2":{"loc":{"start":{"line":24,"column":15},"end":{"line":24,"column":84}},"type":"cond-expr","locations":[{"start":{"line":24,"column":45},"end":{"line":24,"column":74}},{"start":{"line":24,"column":77},"end":{"line":24,"column":84}}]},"3":{"loc":{"start":{"line":26,"column":8},"end":{"line":26,"column":30}},"type":"if","locations":[{"start":{"line":26,"column":8},"end":{"line":26,"column":30}}]}},"s":{"0":2,"1":2,"2":2,"3":8,"4":6,"5":2,"6":2,"7":5,"8":5,"9":5,"10":4,"11":2,"12":1,"13":2,"14":2,"15":2,"16":2,"17":1,"18":1,"19":1,"20":2},"f":{"0":8,"1":5,"2":2},"b":{"0":[6],"1":[8,7],"2":[1,3],"3":[1]}}
,"C:\\Users\\user\\Desktop\\GoodMorning_BE\\GoodMorning-BE\\src\\middleware\\before\\HelmetMiddleware.ts": {"path":"C:\\Users\\user\\Desktop\\GoodMorning_BE\\GoodMorning-BE\\src\\middleware\\before\\HelmetMiddleware.ts","statementMap":{"0":{"start":{"line":1,"column":0},"end":{"line":1,"column":29}},"1":{"start":{"line":3,"column":0},"end":{"line":3,"column":33}},"2":{"start":{"line":4,"column":0},"end":{"line":4,"column":77}},"3":{"start":{"line":8,"column":7},"end":{"line":14,"column":null}},"4":{"start":{"line":9,"column":47},"end":{"line":9,"column":55}},"5":{"start":{"line":12,"column":8},"end":{"line":12,"column":37}},"6":{"start":{"line":8,"column":13},"end":{"line":8,"column":29}},"7":{"start":{"line":8,"column":13},"end":{"line":14,"column":null}}},"fnMap":{"0":{"name":"(anonymous_2)","decl":{"start":{"line":11,"column":11},"end":{"line":11,"column":14}},"loc":{"start":{"line":11,"column":62},"end":{"line":13,"column":5}}}},"branchMap":{},"s":{"0":1,"1":1,"2":1,"3":1,"4":1,"5":1,"6":1,"7":1},"f":{"0":1},"b":{}}
,"C:\\Users\\user\\Desktop\\GoodMorning_BE\\GoodMorning-BE\\src\\repository\\Alarm.Repository.ts": {"path":"C:\\Users\\user\\Desktop\\GoodMorning_BE\\GoodMorning-BE\\src\\repository\\Alarm.Repository.ts","statementMap":{"0":{"start":{"line":2,"column":0},"end":{"line":2,"column":33}},"1":{"start":{"line":3,"column":0},"end":{"line":3,"column":37}},"2":{"start":{"line":7,"column":7},"end":{"line":24,"column":null}},"3":{"start":{"line":11,"column":8},"end":{"line":11,"column":37}},"4":{"start":{"line":15,"column":8},"end":{"line":22,"column":10}},"5":{"start":{"line":7,"column":13},"end":{"line":7,"column":28}},"6":{"start":{"line":7,"column":13},"end":{"line":24,"column":null}}},"fnMap":{"0":{"name":"(anonymous_2)","decl":{"start":{"line":10,"column":4},"end":{"line":10,"column":16}},"loc":{"start":{"line":10,"column":38},"end":{"line":12,"column":5}}},"1":{"name":"(anonymous_3)","decl":{"start":{"line":14,"column":11},"end":{"line":14,"column":16}},"loc":{"start":{"line":14,"column":33},"end":{"line":23,"column":5}}}},"branchMap":{},"s":{"0":0,"1":0,"2":0,"3":0,"4":0,"5":0,"6":0},"f":{"0":0,"1":0},"b":{}}
,"C:\\Users\\user\\Desktop\\GoodMorning_BE\\GoodMorning-BE\\src\\repository\\Bus.Repository.ts": {"path":"C:\\Users\\user\\Desktop\\GoodMorning_BE\\GoodMorning-BE\\src\\repository\\Bus.Repository.ts","statementMap":{"0":{"start":{"line":1,"column":0},"end":{"line":1,"column":63}},"1":{"start":{"line":2,"column":0},"end":{"line":2,"column":36}},"2":{"start":{"line":5,"column":7},"end":{"line":17,"column":null}},"3":{"start":{"line":12,"column":8},"end":{"line":15,"column":23}},"4":{"start":{"line":5,"column":13},"end":{"line":5,"column":26}},"5":{"start":{"line":5,"column":13},"end":{"line":17,"column":null}}},"fnMap":{"0":{"name":"(anonymous_1)","decl":{"start":{"line":11,"column":4},"end":{"line":11,"column":9}},"loc":{"start":{"line":11,"column":50},"end":{"line":16,"column":5}}}},"branchMap":{},"s":{"0":0,"1":0,"2":0,"3":0,"4":0,"5":0},"f":{"0":0},"b":{}}
,"C:\\Users\\user\\Desktop\\GoodMorning_BE\\GoodMorning-BE\\src\\repository\\BusStation.Repository.ts": {"path":"C:\\Users\\user\\Desktop\\GoodMorning_BE\\GoodMorning-BE\\src\\repository\\BusStation.Repository.ts","statementMap":{"0":{"start":{"line":1,"column":0},"end":{"line":1,"column":55}},"1":{"start":{"line":2,"column":0},"end":{"line":2,"column":50}},"2":{"start":{"line":5,"column":7},"end":{"line":51,"column":null}},"3":{"start":{"line":13,"column":8},"end":{"line":13,"column":55}},"4":{"start":{"line":22,"column":8},"end":{"line":24,"column":23}},"5":{"start":{"line":33,"column":8},"end":{"line":35,"column":23}},"6":{"start":{"line":44,"column":27},"end":{"line":47,"column":21}},"7":{"start":{"line":49,"column":8},"end":{"line":49,"column":37}},"8":{"start":{"line":5,"column":13},"end":{"line":5,"column":33}},"9":{"start":{"line":5,"column":13},"end":{"line":51,"column":null}}},"fnMap":{"0":{"name":"(anonymous_1)","decl":{"start":{"line":12,"column":4},"end":{"line":12,"column":9}},"loc":{"start":{"line":12,"column":61},"end":{"line":14,"column":5}}},"1":{"name":"(anonymous_2)","decl":{"start":{"line":21,"column":4},"end":{"line":21,"column":9}},"loc":{"start":{"line":21,"column":47},"end":{"line":25,"column":5}}},"2":{"name":"(anonymous_3)","decl":{"start":{"line":32,"column":4},"end":{"line":32,"column":9}},"loc":{"start":{"line":32,"column":44},"end":{"line":36,"column":5}}},"3":{"name":"(anonymous_4)","decl":{"start":{"line":43,"column":4},"end":{"line":43,"column":9}},"loc":{"start":{"line":43,"column":56},"end":{"line":50,"column":5}}}},"branchMap":{},"s":{"0":3,"1":3,"2":3,"3":0,"4":0,"5":0,"6":0,"7":0,"8":3,"9":3},"f":{"0":0,"1":0,"2":0,"3":0},"b":{}}
,"C:\\Users\\user\\Desktop\\GoodMorning_BE\\GoodMorning-BE\\src\\repository\\Calendar.Repository.ts": {"path":"C:\\Users\\user\\Desktop\\GoodMorning_BE\\GoodMorning-BE\\src\\repository\\Calendar.Repository.ts","statementMap":{"0":{"start":{"line":1,"column":0},"end":{"line":1,"column":55}},"1":{"start":{"line":2,"column":0},"end":{"line":2,"column":46}},"2":{"start":{"line":4,"column":0},"end":{"line":4,"column":53}},"3":{"start":{"line":7,"column":7},"end":{"line":93,"column":null}},"4":{"start":{"line":15,"column":29},"end":{"line":16,"column":129}},"5":{"start":{"line":16,"column":12},"end":{"line":16,"column":128}},"6":{"start":{"line":17,"column":8},"end":{"line":17,"column":38}},"7":{"start":{"line":28,"column":8},"end":{"line":33,"column":23}},"8":{"start":{"line":43,"column":8},"end":{"line":48,"column":22}},"9":{"start":{"line":58,"column":8},"end":{"line":63,"column":19}},"10":{"start":{"line":73,"column":8},"end":{"line":73,"column":null}},"11":{"start":{"line":83,"column":8},"end":{"line":87,"column":23}},"12":{"start":{"line":7,"column":13},"end":{"line":7,"column":31}},"13":{"start":{"line":7,"column":13},"end":{"line":93,"column":null}}},"fnMap":{"0":{"name":"(anonymous_1)","decl":{"start":{"line":14,"column":11},"end":{"line":14,"column":16}},"loc":{"start":{"line":14,"column":87},"end":{"line":18,"column":5}}},"1":{"name":"(anonymous_2)","decl":{"start":{"line":15,"column":71},"end":{"line":15,"column":72}},"loc":{"start":{"line":16,"column":12},"end":{"line":16,"column":128}}},"2":{"name":"(anonymous_3)","decl":{"start":{"line":27,"column":11},"end":{"line":27,"column":16}},"loc":{"start":{"line":27,"column":79},"end":{"line":34,"column":5}}},"3":{"name":"(anonymous_4)","decl":{"start":{"line":42,"column":11},"end":{"line":42,"column":16}},"loc":{"start":{"line":42,"column":75},"end":{"line":49,"column":5}}},"4":{"name":"(anonymous_5)","decl":{"start":{"line":57,"column":11},"end":{"line":57,"column":16}},"loc":{"start":{"line":57,"column":67},"end":{"line":64,"column":5}}},"5":{"name":"(anonymous_6)","decl":{"start":{"line":72,"column":11},"end":{"line":72,"column":16}},"loc":{"start":{"line":72,"column":58},"end":{"line":74,"column":5}}},"6":{"name":"(anonymous_7)","decl":{"start":{"line":82,"column":11},"end":{"line":82,"column":16}},"loc":{"start":{"line":82,"column":52},"end":{"line":88,"column":5}}}},"branchMap":{},"s":{"0":0,"1":0,"2":0,"3":0,"4":0,"5":0,"6":0,"7":0,"8":0,"9":0,"10":0,"11":0,"12":0,"13":0},"f":{"0":0,"1":0,"2":0,"3":0,"4":0,"5":0,"6":0},"b":{}}
,"C:\\Users\\user\\Desktop\\GoodMorning_BE\\GoodMorning-BE\\src\\repository\\FirebaseToken.Repository.ts": {"path":"C:\\Users\\user\\Desktop\\GoodMorning_BE\\GoodMorning-BE\\src\\repository\\FirebaseToken.Repository.ts","statementMap":{"0":{"start":{"line":1,"column":0},"end":{"line":1,"column":55}},"1":{"start":{"line":2,"column":0},"end":{"line":2,"column":56}},"2":{"start":{"line":6,"column":7},"end":{"line":19,"column":null}},"3":{"start":{"line":8,"column":30},"end":{"line":8,"column":58}},"4":{"start":{"line":9,"column":8},"end":{"line":9,"column":40}},"5":{"start":{"line":13,"column":8},"end":{"line":17,"column":null}},"6":{"start":{"line":6,"column":13},"end":{"line":6,"column":36}},"7":{"start":{"line":6,"column":13},"end":{"line":19,"column":null}}},"fnMap":{"0":{"name":"(anonymous_1)","decl":{"start":{"line":7,"column":11},"end":{"line":7,"column":16}},"loc":{"start":{"line":7,"column":54},"end":{"line":10,"column":5}}},"1":{"name":"(anonymous_2)","decl":{"start":{"line":12,"column":11},"end":{"line":12,"column":16}},"loc":{"start":{"line":12,"column":75},"end":{"line":18,"column":5}}}},"branchMap":{},"s":{"0":2,"1":2,"2":2,"3":0,"4":0,"5":0,"6":2,"7":2},"f":{"0":0,"1":0},"b":{}}
,"C:\\Users\\user\\Desktop\\GoodMorning_BE\\GoodMorning-BE\\src\\repository\\GridCoordinates.Repository.ts": {"path":"C:\\Users\\user\\Desktop\\GoodMorning_BE\\GoodMorning-BE\\src\\repository\\GridCoordinates.Repository.ts","statementMap":{"0":{"start":{"line":1,"column":0},"end":{"line":1,"column":55}},"1":{"start":{"line":2,"column":0},"end":{"line":2,"column":60}},"2":{"start":{"line":5,"column":7},"end":{"line":22,"column":null}},"3":{"start":{"line":15,"column":26},"end":{"line":15,"column":30}},"4":{"start":{"line":17,"column":8},"end":{"line":20,"column":22}},"5":{"start":{"line":5,"column":13},"end":{"line":5,"column":38}},"6":{"start":{"line":5,"column":13},"end":{"line":22,"column":null}}},"fnMap":{"0":{"name":"(anonymous_1)","decl":{"start":{"line":13,"column":4},"end":{"line":13,"column":9}},"loc":{"start":{"line":13,"column":87},"end":{"line":21,"column":5}}}},"branchMap":{},"s":{"0":1,"1":1,"2":1,"3":0,"4":0,"5":1,"6":1},"f":{"0":0},"b":{}}
,"C:\\Users\\user\\Desktop\\GoodMorning_BE\\GoodMorning-BE\\src\\repository\\SubwayStation.Repository.ts": {"path":"C:\\Users\\user\\Desktop\\GoodMorning_BE\\GoodMorning-BE\\src\\repository\\SubwayStation.Repository.ts","statementMap":{"0":{"start":{"line":1,"column":0},"end":{"line":1,"column":55}},"1":{"start":{"line":2,"column":0},"end":{"line":2,"column":56}},"2":{"start":{"line":5,"column":7},"end":{"line":35,"column":null}},"3":{"start":{"line":13,"column":8},"end":{"line":13,"column":54}},"4":{"start":{"line":22,"column":8},"end":{"line":22,"column":67}},"5":{"start":{"line":31,"column":8},"end":{"line":33,"column":23}},"6":{"start":{"line":5,"column":13},"end":{"line":5,"column":36}},"7":{"start":{"line":5,"column":13},"end":{"line":35,"column":null}}},"fnMap":{"0":{"name":"(anonymous_1)","decl":{"start":{"line":12,"column":4},"end":{"line":12,"column":9}},"loc":{"start":{"line":12,"column":63},"end":{"line":14,"column":5}}},"1":{"name":"(anonymous_2)","decl":{"start":{"line":21,"column":4},"end":{"line":21,"column":9}},"loc":{"start":{"line":21,"column":47},"end":{"line":23,"column":5}}},"2":{"name":"(anonymous_3)","decl":{"start":{"line":30,"column":4},"end":{"line":30,"column":9}},"loc":{"start":{"line":30,"column":47},"end":{"line":34,"column":5}}}},"branchMap":{},"s":{"0":2,"1":2,"2":2,"3":0,"4":0,"5":0,"6":2,"7":2},"f":{"0":0,"1":0,"2":0},"b":{}}
,"C:\\Users\\user\\Desktop\\GoodMorning_BE\\GoodMorning-BE\\src\\repository\\TrafficCollection.Reposiotry.ts": {"path":"C:\\Users\\user\\Desktop\\GoodMorning_BE\\GoodMorning-BE\\src\\repository\\TrafficCollection.Reposiotry.ts","statementMap":{"0":{"start":{"line":1,"column":0},"end":{"line":1,"column":55}},"1":{"start":{"line":2,"column":0},"end":{"line":2,"column":64}},"2":{"start":{"line":7,"column":7},"end":{"line":161,"column":null}},"3":{"start":{"line":16,"column":34},"end":{"line":19,"column":null}},"4":{"start":{"line":22,"column":8},"end":{"line":22,"column":50}},"5":{"start":{"line":31,"column":8},"end":{"line":36,"column":23}},"6":{"start":{"line":46,"column":8},"end":{"line":49,"column":null}},"7":{"start":{"line":58,"column":8},"end":{"line":63,"column":null}},"8":{"start":{"line":72,"column":8},"end":{"line":83,"column":23}},"9":{"start":{"line":93,"column":8},"end":{"line":108,"column":22}},"10":{"start":{"line":116,"column":8},"end":{"line":120,"column":23}},"11":{"start":{"line":129,"column":8},"end":{"line":133,"column":23}},"12":{"start":{"line":143,"column":8},"end":{"line":159,"column":22}},"13":{"start":{"line":7,"column":13},"end":{"line":7,"column":40}},"14":{"start":{"line":7,"column":13},"end":{"line":161,"column":null}}},"fnMap":{"0":{"name":"(anonymous_1)","decl":{"start":{"line":15,"column":4},"end":{"line":15,"column":9}},"loc":{"start":{"line":15,"column":84},"end":{"line":23,"column":5}}},"1":{"name":"(anonymous_2)","decl":{"start":{"line":30,"column":4},"end":{"line":30,"column":9}},"loc":{"start":{"line":30,"column":70},"end":{"line":37,"column":5}}},"2":{"name":"(anonymous_3)","decl":{"start":{"line":45,"column":4},"end":{"line":45,"column":9}},"loc":{"start":{"line":45,"column":91},"end":{"line":50,"column":5}}},"3":{"name":"(anonymous_4)","decl":{"start":{"line":57,"column":4},"end":{"line":57,"column":9}},"loc":{"start":{"line":57,"column":92},"end":{"line":64,"column":5}}},"4":{"name":"(anonymous_5)","decl":{"start":{"line":71,"column":4},"end":{"line":71,"column":9}},"loc":{"start":{"line":71,"column":55},"end":{"line":84,"column":5}}},"5":{"name":"(anonymous_6)","decl":{"start":{"line":92,"column":4},"end":{"line":92,"column":9}},"loc":{"start":{"line":92,"column":79},"end":{"line":109,"column":5}}},"6":{"name":"(anonymous_7)","decl":{"start":{"line":115,"column":4},"end":{"line":115,"column":9}},"loc":{"start":{"line":115,"column":48},"end":{"line":121,"column":5}}},"7":{"name":"(anonymous_8)","decl":{"start":{"line":128,"column":4},"end":{"line":128,"column":9}},"loc":{"start":{"line":128,"column":73},"end":{"line":134,"column":5}}},"8":{"name":"(anonymous_9)","decl":{"start":{"line":142,"column":4},"end":{"line":142,"column":9}},"loc":{"start":{"line":142,"column":66},"end":{"line":160,"column":5}}}},"branchMap":{},"s":{"0":1,"1":1,"2":1,"3":0,"4":0,"5":0,"6":0,"7":0,"8":0,"9":0,"10":0,"11":0,"12":0,"13":1,"14":1},"f":{"0":0,"1":0,"2":0,"3":0,"4":0,"5":0,"6":0,"7":0,"8":0},"b":{}}
,"C:\\Users\\user\\Desktop\\GoodMorning_BE\\GoodMorning-BE\\src\\repository\\TrafficCollectionDetail.Repository.ts": {"path":"C:\\Users\\user\\Desktop\\GoodMorning_BE\\GoodMorning-BE\\src\\repository\\TrafficCollectionDetail.Repository.ts","statementMap":{"0":{"start":{"line":1,"column":0},"end":{"line":1,"column":55}},"1":{"start":{"line":2,"column":0},"end":{"line":2,"column":76}},"2":{"start":{"line":7,"column":7},"end":{"line":33,"column":null}},"3":{"start":{"line":15,"column":23},"end":{"line":17,"column":null}},"4":{"start":{"line":19,"column":8},"end":{"line":19,"column":39}},"5":{"start":{"line":27,"column":8},"end":{"line":31,"column":23}},"6":{"start":{"line":7,"column":13},"end":{"line":7,"column":46}},"7":{"start":{"line":7,"column":13},"end":{"line":33,"column":null}}},"fnMap":{"0":{"name":"(anonymous_1)","decl":{"start":{"line":14,"column":4},"end":{"line":14,"column":9}},"loc":{"start":{"line":14,"column":112},"end":{"line":20,"column":5}}},"1":{"name":"(anonymous_2)","decl":{"start":{"line":26,"column":4},"end":{"line":26,"column":9}},"loc":{"start":{"line":26,"column":82},"end":{"line":32,"column":5}}}},"branchMap":{},"s":{"0":1,"1":1,"2":1,"3":0,"4":0,"5":0,"6":1,"7":1},"f":{"0":0,"1":0},"b":{}}
,"C:\\Users\\user\\Desktop\\GoodMorning_BE\\GoodMorning-BE\\src\\repository\\Transportation.Repository.ts": {"path":"C:\\Users\\user\\Desktop\\GoodMorning_BE\\GoodMorning-BE\\src\\repository\\Transportation.Repository.ts","statementMap":{"0":{"start":{"line":1,"column":0},"end":{"line":1,"column":55}},"1":{"start":{"line":2,"column":0},"end":{"line":2,"column":58}},"2":{"start":{"line":8,"column":7},"end":{"line":25,"column":null}},"3":{"start":{"line":17,"column":31},"end":{"line":21,"column":null}},"4":{"start":{"line":23,"column":8},"end":{"line":23,"column":47}},"5":{"start":{"line":8,"column":13},"end":{"line":8,"column":37}},"6":{"start":{"line":8,"column":13},"end":{"line":25,"column":null}}},"fnMap":{"0":{"name":"(anonymous_1)","decl":{"start":{"line":16,"column":4},"end":{"line":16,"column":9}},"loc":{"start":{"line":16,"column":86},"end":{"line":24,"column":5}}}},"branchMap":{},"s":{"0":1,"1":1,"2":1,"3":0,"4":0,"5":1,"6":1},"f":{"0":0},"b":{}}
,"C:\\Users\\user\\Desktop\\GoodMorning_BE\\GoodMorning-BE\\src\\repository\\TransportationNumber.Repository.ts": {"path":"C:\\Users\\user\\Desktop\\GoodMorning_BE\\GoodMorning-BE\\src\\repository\\TransportationNumber.Repository.ts","statementMap":{"0":{"start":{"line":1,"column":0},"end":{"line":1,"column":55}},"1":{"start":{"line":2,"column":0},"end":{"line":2,"column":70}},"2":{"start":{"line":6,"column":7},"end":{"line":37,"column":null}},"3":{"start":{"line":15,"column":38},"end":{"line":21,"column":10}},"4":{"start":{"line":16,"column":41},"end":{"line":18,"column":null}},"5":{"start":{"line":20,"column":12},"end":{"line":20,"column":40}},"6":{"start":{"line":22,"column":8},"end":{"line":22,"column":47}},"7":{"start":{"line":23,"column":8},"end":{"line":23,"column":37}},"8":{"start":{"line":32,"column":8},"end":{"line":35,"column":23}},"9":{"start":{"line":6,"column":13},"end":{"line":6,"column":43}},"10":{"start":{"line":6,"column":13},"end":{"line":37,"column":null}}},"fnMap":{"0":{"name":"(anonymous_1)","decl":{"start":{"line":14,"column":4},"end":{"line":14,"column":9}},"loc":{"start":{"line":14,"column":87},"end":{"line":24,"column":5}}},"1":{"name":"(anonymous_2)","decl":{"start":{"line":15,"column":50},"end":{"line":15,"column":56}},"loc":{"start":{"line":15,"column":59},"end":{"line":21,"column":9}}},"2":{"name":"(anonymous_3)","decl":{"start":{"line":31,"column":4},"end":{"line":31,"column":9}},"loc":{"start":{"line":31,"column":60},"end":{"line":36,"column":5}}}},"branchMap":{},"s":{"0":1,"1":1,"2":1,"3":0,"4":0,"5":0,"6":0,"7":0,"8":0,"9":1,"10":1},"f":{"0":0,"1":0,"2":0},"b":{}}
,"C:\\Users\\user\\Desktop\\GoodMorning_BE\\GoodMorning-BE\\src\\repository\\User.Repository.ts": {"path":"C:\\Users\\user\\Desktop\\GoodMorning_BE\\GoodMorning-BE\\src\\repository\\User.Repository.ts","statementMap":{"0":{"start":{"line":1,"column":0},"end":{"line":1,"column":55}},"1":{"start":{"line":2,"column":0},"end":{"line":2,"column":38}},"2":{"start":{"line":11,"column":7},"end":{"line":68,"column":null}},"3":{"start":{"line":15,"column":8},"end":{"line":15,"column":58}},"4":{"start":{"line":20,"column":21},"end":{"line":20,"column":42}},"5":{"start":{"line":21,"column":8},"end":{"line":21,"column":31}},"6":{"start":{"line":26,"column":8},"end":{"line":26,"column":null}},"7":{"start":{"line":36,"column":8},"end":{"line":40,"column":23}},"8":{"start":{"line":51,"column":8},"end":{"line":55,"column":23}},"9":{"start":{"line":59,"column":8},"end":{"line":63,"column":23}},"10":{"start":{"line":11,"column":13},"end":{"line":11,"column":27}},"11":{"start":{"line":11,"column":13},"end":{"line":68,"column":null}}},"fnMap":{"0":{"name":"(anonymous_1)","decl":{"start":{"line":14,"column":11},"end":{"line":14,"column":16}},"loc":{"start":{"line":14,"column":46},"end":{"line":16,"column":5}}},"1":{"name":"(anonymous_2)","decl":{"start":{"line":19,"column":11},"end":{"line":19,"column":16}},"loc":{"start":{"line":19,"column":70},"end":{"line":22,"column":5}}},"2":{"name":"(anonymous_3)","decl":{"start":{"line":25,"column":11},"end":{"line":25,"column":16}},"loc":{"start":{"line":25,"column":40},"end":{"line":27,"column":5}}},"3":{"name":"(anonymous_4)","decl":{"start":{"line":35,"column":11},"end":{"line":35,"column":16}},"loc":{"start":{"line":35,"column":66},"end":{"line":41,"column":5}}},"4":{"name":"(anonymous_5)","decl":{"start":{"line":50,"column":11},"end":{"line":50,"column":16}},"loc":{"start":{"line":50,"column":82},"end":{"line":56,"column":5}}},"5":{"name":"(anonymous_6)","decl":{"start":{"line":58,"column":11},"end":{"line":58,"column":16}},"loc":{"start":{"line":58,"column":41},"end":{"line":64,"column":5}}}},"branchMap":{},"s":{"0":3,"1":3,"2":3,"3":0,"4":0,"5":0,"6":0,"7":0,"8":0,"9":0,"10":3,"11":3},"f":{"0":0,"1":0,"2":0,"3":0,"4":0,"5":0},"b":{}}
,"C:\\Users\\user\\Desktop\\GoodMorning_BE\\GoodMorning-BE\\src\\service\\Auth.Service.ts": {"path":"C:\\Users\\user\\Desktop\\GoodMorning_BE\\GoodMorning-BE\\src\\service\\Auth.Service.ts","statementMap":{"0":{"start":{"line":1,"column":0},"end":{"line":1,"column":33}},"1":{"start":{"line":2,"column":0},"end":{"line":2,"column":61}},"2":{"start":{"line":3,"column":0},"end":{"line":3,"column":63}},"3":{"start":{"line":4,"column":0},"end":{"line":4,"column":30}},"4":{"start":{"line":5,"column":0},"end":{"line":5,"column":44}},"5":{"start":{"line":6,"column":0},"end":{"line":6,"column":53}},"6":{"start":{"line":7,"column":0},"end":{"line":7,"column":81}},"7":{"start":{"line":12,"column":7},"end":{"line":62,"column":null}},"8":{"start":{"line":14,"column":50},"end":{"line":14,"column":66}},"9":{"start":{"line":15,"column":59},"end":{"line":15,"column":84}},"10":{"start":{"line":16,"column":16},"end":{"line":16,"column":33}},"11":{"start":{"line":17,"column":16},"end":{"line":17,"column":30}},"12":{"start":{"line":24,"column":25},"end":{"line":24,"column":78}},"13":{"start":{"line":25,"column":19},"end":{"line":25,"column":76}},"14":{"start":{"line":26,"column":8},"end":{"line":31,"column":9}},"15":{"start":{"line":27,"column":12},"end":{"line":30,"column":11}},"16":{"start":{"line":33,"column":23},"end":{"line":33,"column":54}},"17":{"start":{"line":34,"column":8},"end":{"line":34,"column":84}},"18":{"start":{"line":35,"column":8},"end":{"line":35,"column":59}},"19":{"start":{"line":36,"column":8},"end":{"line":36,"column":null}},"20":{"start":{"line":40,"column":28},"end":{"line":40,"column":103}},"21":{"start":{"line":41,"column":29},"end":{"line":41,"column":104}},"22":{"start":{"line":42,"column":8},"end":{"line":42,"column":44}},"23":{"start":{"line":46,"column":34},"end":{"line":46,"column":58}},"24":{"start":{"line":47,"column":8},"end":{"line":49,"column":9}},"25":{"start":{"line":48,"column":12},"end":{"line":48,"column":45}},"26":{"start":{"line":51,"column":8},"end":{"line":51,"column":34}},"27":{"start":{"line":53,"column":23},"end":{"line":53,"column":38}},"28":{"start":{"line":54,"column":8},"end":{"line":56,"column":9}},"29":{"start":{"line":55,"column":12},"end":{"line":55,"column":58}},"30":{"start":{"line":58,"column":8},"end":{"line":58,"column":58}},"31":{"start":{"line":59,"column":8},"end":{"line":59,"column":87}},"32":{"start":{"line":12,"column":13},"end":{"line":12,"column":24}},"33":{"start":{"line":12,"column":13},"end":{"line":62,"column":null}}},"fnMap":{"0":{"name":"(anonymous_5)","decl":{"start":{"line":13,"column":4},"end":{"line":13,"column":null}},"loc":{"start":{"line":17,"column":42},"end":{"line":18,"column":8}}},"1":{"name":"(anonymous_6)","decl":{"start":{"line":20,"column":4},"end":{"line":20,"column":9}},"loc":{"start":{"line":20,"column":44},"end":{"line":37,"column":5}}},"2":{"name":"(anonymous_7)","decl":{"start":{"line":39,"column":12},"end":{"line":39,"column":29}},"loc":{"start":{"line":39,"column":44},"end":{"line":43,"column":5}}},"3":{"name":"(anonymous_8)","decl":{"start":{"line":45,"column":4},"end":{"line":45,"column":9}},"loc":{"start":{"line":45,"column":60},"end":{"line":60,"column":5}}}},"branchMap":{"0":{"loc":{"start":{"line":26,"column":8},"end":{"line":31,"column":9}},"type":"if","locations":[{"start":{"line":26,"column":8},"end":{"line":31,"column":9}}]},"1":{"loc":{"start":{"line":47,"column":8},"end":{"line":49,"column":9}},"type":"if","locations":[{"start":{"line":47,"column":8},"end":{"line":49,"column":9}}]},"2":{"loc":{"start":{"line":47,"column":12},"end":{"line":47,"column":61}},"type":"binary-expr","locations":[{"start":{"line":47,"column":12},"end":{"line":47,"column":25}},{"start":{"line":47,"column":29},"end":{"line":47,"column":61}}]},"3":{"loc":{"start":{"line":54,"column":8},"end":{"line":56,"column":9}},"type":"if","locations":[{"start":{"line":54,"column":8},"end":{"line":56,"column":9}}]}},"s":{"0":1,"1":1,"2":1,"3":1,"4":1,"5":1,"6":1,"7":1,"8":0,"9":0,"10":0,"11":0,"12":0,"13":0,"14":0,"15":0,"16":0,"17":0,"18":0,"19":0,"20":0,"21":0,"22":0,"23":0,"24":0,"25":0,"26":0,"27":0,"28":0,"29":0,"30":0,"31":0,"32":1,"33":1},"f":{"0":0,"1":0,"2":0,"3":0},"b":{"0":[0],"1":[0],"2":[0,0],"3":[0]}}
,"C:\\Users\\user\\Desktop\\GoodMorning_BE\\GoodMorning-BE\\src\\service\\Calendar.Service.ts": {"path":"C:\\Users\\user\\Desktop\\GoodMorning_BE\\GoodMorning-BE\\src\\service\\Calendar.Service.ts","statementMap":{"0":{"start":{"line":2,"column":0},"end":{"line":2,"column":33}},"1":{"start":{"line":3,"column":0},"end":{"line":3,"column":61}},"2":{"start":{"line":4,"column":0},"end":{"line":4,"column":71}},"3":{"start":{"line":6,"column":0},"end":{"line":6,"column":46}},"4":{"start":{"line":8,"column":0},"end":{"line":8,"column":70}},"5":{"start":{"line":9,"column":0},"end":{"line":9,"column":75}},"6":{"start":{"line":10,"column":0},"end":{"line":10,"column":51}},"7":{"start":{"line":11,"column":0},"end":{"line":11,"column":61}},"8":{"start":{"line":12,"column":0},"end":{"line":12,"column":63}},"9":{"start":{"line":17,"column":7},"end":{"line":247,"column":null}},"10":{"start":{"line":20,"column":36},"end":{"line":20,"column":56}},"11":{"start":{"line":21,"column":36},"end":{"line":21,"column":52}},"12":{"start":{"line":29,"column":21},"end":{"line":29,"column":67}},"13":{"start":{"line":30,"column":8},"end":{"line":30,"column":25}},"14":{"start":{"line":31,"column":8},"end":{"line":31,"column":87}},"15":{"start":{"line":41,"column":30},"end":{"line":41,"column":107}},"16":{"start":{"line":42,"column":8},"end":{"line":42,"column":59}},"17":{"start":{"line":43,"column":8},"end":{"line":43,"column":74}},"18":{"start":{"line":55,"column":26},"end":{"line":55,"column":85}},"19":{"start":{"line":56,"column":34},"end":{"line":56,"column":87}},"20":{"start":{"line":57,"column":8},"end":{"line":57,"column":77}},"21":{"start":{"line":68,"column":8},"end":{"line":70,"column":null}},"22":{"start":{"line":69,"column":12},"end":{"line":69,"column":132}},"23":{"start":{"line":81,"column":23},"end":{"line":87,"column":10}},"24":{"start":{"line":82,"column":30},"end":{"line":82,"column":58}},"25":{"start":{"line":83,"column":31},"end":{"line":83,"column":45}},"26":{"start":{"line":84,"column":34},"end":{"line":84,"column":76}},"27":{"start":{"line":85,"column":29},"end":{"line":85,"column":71}},"28":{"start":{"line":86,"column":12},"end":{"line":86,"column":67}},"29":{"start":{"line":88,"column":8},"end":{"line":88,"column":22}},"30":{"start":{"line":99,"column":28},"end":{"line":99,"column":66}},"31":{"start":{"line":100,"column":30},"end":{"line":100,"column":107}},"32":{"start":{"line":101,"column":8},"end":{"line":101,"column":83}},"33":{"start":{"line":102,"column":43},"end":{"line":102,"column":99}},"34":{"start":{"line":103,"column":8},"end":{"line":103,"column":81}},"35":{"start":{"line":114,"column":8},"end":{"line":116,"column":11}},"36":{"start":{"line":115,"column":12},"end":{"line":115,"column":null}},"37":{"start":{"line":126,"column":8},"end":{"line":126,"column":86}},"38":{"start":{"line":126,"column":64},"end":{"line":126,"column":84}},"39":{"start":{"line":136,"column":26},"end":{"line":136,"column":85}},"40":{"start":{"line":137,"column":22},"end":{"line":137,"column":68}},"41":{"start":{"line":138,"column":8},"end":{"line":138,"column":43}},"42":{"start":{"line":149,"column":47},"end":{"line":149,"column":74}},"43":{"start":{"line":150,"column":28},"end":{"line":150,"column":86}},"44":{"start":{"line":151,"column":8},"end":{"line":151,"column":109}},"45":{"start":{"line":151,"column":51},"end":{"line":151,"column":65}},"46":{"start":{"line":151,"column":82},"end":{"line":151,"column":107}},"47":{"start":{"line":163,"column":28},"end":{"line":163,"column":45}},"48":{"start":{"line":164,"column":8},"end":{"line":166,"column":11}},"49":{"start":{"line":165,"column":12},"end":{"line":165,"column":91}},"50":{"start":{"line":167,"column":8},"end":{"line":167,"column":27}},"51":{"start":{"line":179,"column":30},"end":{"line":179,"column":61}},"52":{"start":{"line":180,"column":26},"end":{"line":180,"column":54}},"53":{"start":{"line":181,"column":8},"end":{"line":185,"column":9}},"54":{"start":{"line":182,"column":12},"end":{"line":182,"column":100}},"55":{"start":{"line":184,"column":12},"end":{"line":184,"column":106}},"56":{"start":{"line":194,"column":8},"end":{"line":194,"column":58}},"57":{"start":{"line":205,"column":8},"end":{"line":207,"column":9}},"58":{"start":{"line":206,"column":12},"end":{"line":206,"column":51}},"59":{"start":{"line":220,"column":8},"end":{"line":225,"column":9}},"60":{"start":{"line":221,"column":12},"end":{"line":223,"column":13}},"61":{"start":{"line":222,"column":16},"end":{"line":222,"column":55}},"62":{"start":{"line":224,"column":12},"end":{"line":224,"column":74}},"63":{"start":{"line":235,"column":35},"end":{"line":235,"column":63}},"64":{"start":{"line":236,"column":26},"end":{"line":236,"column":69}},"65":{"start":{"line":237,"column":24},"end":{"line":237,"column":63}},"66":{"start":{"line":238,"column":8},"end":{"line":238,"column":36}},"67":{"start":{"line":17,"column":13},"end":{"line":17,"column":28}},"68":{"start":{"line":17,"column":13},"end":{"line":247,"column":null}}},"fnMap":{"0":{"name":"(anonymous_4)","decl":{"start":{"line":19,"column":4},"end":{"line":19,"column":null}},"loc":{"start":{"line":21,"column":66},"end":{"line":22,"column":7}}},"1":{"name":"(anonymous_5)","decl":{"start":{"line":28,"column":4},"end":{"line":28,"column":9}},"loc":{"start":{"line":28,"column":84},"end":{"line":32,"column":5}}},"2":{"name":"(anonymous_6)","decl":{"start":{"line":40,"column":4},"end":{"line":40,"column":9}},"loc":{"start":{"line":40,"column":68},"end":{"line":44,"column":5}}},"3":{"name":"(anonymous_7)","decl":{"start":{"line":54,"column":4},"end":{"line":54,"column":9}},"loc":{"start":{"line":54,"column":59},"end":{"line":59,"column":5}}},"4":{"name":"(anonymous_8)","decl":{"start":{"line":67,"column":11},"end":{"line":67,"column":30}},"loc":{"start":{"line":67,"column":52},"end":{"line":71,"column":5}}},"5":{"name":"(anonymous_9)","decl":{"start":{"line":68,"column":29},"end":{"line":68,"column":30}},"loc":{"start":{"line":68,"column":41},"end":{"line":70,"column":9}}},"6":{"name":"(anonymous_10)","decl":{"start":{"line":80,"column":11},"end":{"line":80,"column":42}},"loc":{"start":{"line":80,"column":77},"end":{"line":89,"column":5}}},"7":{"name":"(anonymous_11)","decl":{"start":{"line":81,"column":40},"end":{"line":81,"column":48}},"loc":{"start":{"line":81,"column":51},"end":{"line":87,"column":9}}},"8":{"name":"(anonymous_12)","decl":{"start":{"line":98,"column":4},"end":{"line":98,"column":9}},"loc":{"start":{"line":98,"column":79},"end":{"line":104,"column":5}}},"9":{"name":"(anonymous_13)","decl":{"start":{"line":113,"column":12},"end":{"line":113,"column":39}},"loc":{"start":{"line":113,"column":85},"end":{"line":117,"column":5}}},"10":{"name":"(anonymous_14)","decl":{"start":{"line":114,"column":55},"end":{"line":114,"column":61}},"loc":{"start":{"line":114,"column":64},"end":{"line":116,"column":9}}},"11":{"name":"(anonymous_15)","decl":{"start":{"line":125,"column":12},"end":{"line":125,"column":29}},"loc":{"start":{"line":125,"column":60},"end":{"line":127,"column":5}}},"12":{"name":"(anonymous_16)","decl":{"start":{"line":126,"column":55},"end":{"line":126,"column":56}},"loc":{"start":{"line":126,"column":64},"end":{"line":126,"column":84}}},"13":{"name":"(anonymous_17)","decl":{"start":{"line":135,"column":4},"end":{"line":135,"column":9}},"loc":{"start":{"line":135,"column":68},"end":{"line":139,"column":5}}},"14":{"name":"(anonymous_18)","decl":{"start":{"line":148,"column":11},"end":{"line":148,"column":34}},"loc":{"start":{"line":148,"column":70},"end":{"line":152,"column":5}}},"15":{"name":"(anonymous_19)","decl":{"start":{"line":151,"column":43},"end":{"line":151,"column":47}},"loc":{"start":{"line":151,"column":51},"end":{"line":151,"column":65}}},"16":{"name":"(anonymous_20)","decl":{"start":{"line":151,"column":72},"end":{"line":151,"column":73}},"loc":{"start":{"line":151,"column":82},"end":{"line":151,"column":107}}},"17":{"name":"(anonymous_21)","decl":{"start":{"line":162,"column":11},"end":{"line":162,"column":23}},"loc":{"start":{"line":162,"column":87},"end":{"line":168,"column":5}}},"18":{"name":"(anonymous_22)","decl":{"start":{"line":164,"column":26},"end":{"line":164,"column":34}},"loc":{"start":{"line":164,"column":37},"end":{"line":166,"column":9}}},"19":{"name":"(anonymous_23)","decl":{"start":{"line":178,"column":12},"end":{"line":178,"column":32}},"loc":{"start":{"line":178,"column":119},"end":{"line":186,"column":5}}},"20":{"name":"(anonymous_24)","decl":{"start":{"line":193,"column":12},"end":{"line":193,"column":28}},"loc":{"start":{"line":193,"column":47},"end":{"line":195,"column":5}}},"21":{"name":"(anonymous_25)","decl":{"start":{"line":204,"column":12},"end":{"line":204,"column":38}},"loc":{"start":{"line":204,"column":124},"end":{"line":208,"column":5}}},"22":{"name":"(anonymous_26)","decl":{"start":{"line":219,"column":12},"end":{"line":219,"column":29}},"loc":{"start":{"line":219,"column":138},"end":{"line":226,"column":5}}},"23":{"name":"(anonymous_27)","decl":{"start":{"line":234,"column":11},"end":{"line":234,"column":26}},"loc":{"start":{"line":234,"column":40},"end":{"line":239,"column":5}}}},"branchMap":{"0":{"loc":{"start":{"line":86,"column":19},"end":{"line":86,"column":66}},"type":"binary-expr","locations":[{"start":{"line":86,"column":19},"end":{"line":86,"column":32}},{"start":{"line":86,"column":36},"end":{"line":86,"column":66}}]},"1":{"loc":{"start":{"line":181,"column":8},"end":{"line":185,"column":9}},"type":"if","locations":[{"start":{"line":181,"column":8},"end":{"line":185,"column":9}},{"start":{"line":183,"column":15},"end":{"line":185,"column":9}}]},"2":{"loc":{"start":{"line":205,"column":8},"end":{"line":207,"column":9}},"type":"if","locations":[{"start":{"line":205,"column":8},"end":{"line":207,"column":9}}]},"3":{"loc":{"start":{"line":205,"column":12},"end":{"line":205,"column":72}},"type":"binary-expr","locations":[{"start":{"line":205,"column":12},"end":{"line":205,"column":41}},{"start":{"line":205,"column":45},"end":{"line":205,"column":72}}]},"4":{"loc":{"start":{"line":221,"column":12},"end":{"line":223,"column":13}},"type":"if","locations":[{"start":{"line":221,"column":12},"end":{"line":223,"column":13}}]},"5":{"loc":{"start":{"line":221,"column":16},"end":{"line":221,"column":76}},"type":"binary-expr","locations":[{"start":{"line":221,"column":16},"end":{"line":221,"column":45}},{"start":{"line":221,"column":49},"end":{"line":221,"column":76}}]}},"s":{"0":0,"1":0,"2":0,"3":0,"4":0,"5":0,"6":0,"7":0,"8":0,"9":0,"10":0,"11":0,"12":0,"13":0,"14":0,"15":0,"16":0,"17":0,"18":0,"19":0,"20":0,"21":0,"22":0,"23":0,"24":0,"25":0,"26":0,"27":0,"28":0,"29":0,"30":0,"31":0,"32":0,"33":0,"34":0,"35":0,"36":0,"37":0,"38":0,"39":0,"40":0,"41":0,"42":0,"43":0,"44":0,"45":0,"46":0,"47":0,"48":0,"49":0,"50":0,"51":0,"52":0,"53":0,"54":0,"55":0,"56":0,"57":0,"58":0,"59":0,"60":0,"61":0,"62":0,"63":0,"64":0,"65":0,"66":0,"67":0,"68":0},"f":{"0":0,"1":0,"2":0,"3":0,"4":0,"5":0,"6":0,"7":0,"8":0,"9":0,"10":0,"11":0,"12":0,"13":0,"14":0,"15":0,"16":0,"17":0,"18":0,"19":0,"20":0,"21":0,"22":0,"23":0},"b":{"0":[0,0],"1":[0,0],"2":[0],"3":[0,0],"4":[0],"5":[0,0]}}
,"C:\\Users\\user\\Desktop\\GoodMorning_BE\\GoodMorning-BE\\src\\service\\FamousSaying.Service.ts": {"path":"C:\\Users\\user\\Desktop\\GoodMorning_BE\\GoodMorning-BE\\src\\service\\FamousSaying.Service.ts","statementMap":{"0":{"start":{"line":1,"column":0},"end":{"line":1,"column":33}},"1":{"start":{"line":2,"column":0},"end":{"line":2,"column":101}},"2":{"start":{"line":3,"column":0},"end":{"line":3,"column":60}},"3":{"start":{"line":8,"column":7},"end":{"line":15,"column":null}},"4":{"start":{"line":11,"column":23},"end":{"line":11,"column":52}},"5":{"start":{"line":12,"column":8},"end":{"line":12,"column":75}},"6":{"start":{"line":8,"column":13},"end":{"line":8,"column":32}},"7":{"start":{"line":8,"column":13},"end":{"line":15,"column":null}}},"fnMap":{"0":{"name":"(anonymous_1)","decl":{"start":{"line":10,"column":4},"end":{"line":10,"column":9}},"loc":{"start":{"line":10,"column":27},"end":{"line":13,"column":5}}}},"branchMap":{},"s":{"0":1,"1":1,"2":1,"3":1,"4":0,"5":0,"6":1,"7":1},"f":{"0":0},"b":{}}
,"C:\\Users\\user\\Desktop\\GoodMorning_BE\\GoodMorning-BE\\src\\service\\Kakao.Service.ts": {"path":"C:\\Users\\user\\Desktop\\GoodMorning_BE\\GoodMorning-BE\\src\\service\\Kakao.Service.ts","statementMap":{"0":{"start":{"line":2,"column":0},"end":{"line":2,"column":33}},"1":{"start":{"line":3,"column":0},"end":{"line":3,"column":76}},"2":{"start":{"line":4,"column":0},"end":{"line":4,"column":53}},"3":{"start":{"line":5,"column":0},"end":{"line":5,"column":58}},"4":{"start":{"line":6,"column":0},"end":{"line":6,"column":54}},"5":{"start":{"line":10,"column":7},"end":{"line":45,"column":null}},"6":{"start":{"line":12,"column":33},"end":{"line":12,"column":50}},"7":{"start":{"line":24,"column":8},"end":{"line":24,"column":70}},"8":{"start":{"line":25,"column":27},"end":{"line":25,"column":122}},"9":{"start":{"line":26,"column":8},"end":{"line":26,"column":50}},"10":{"start":{"line":38,"column":8},"end":{"line":40,"column":null}},"11":{"start":{"line":39,"column":12},"end":{"line":39,"column":168}},"12":{"start":{"line":10,"column":13},"end":{"line":10,"column":25}},"13":{"start":{"line":10,"column":13},"end":{"line":45,"column":null}}},"fnMap":{"0":{"name":"(anonymous_2)","decl":{"start":{"line":12,"column":4},"end":{"line":12,"column":33}},"loc":{"start":{"line":12,"column":65},"end":{"line":12,"column":68}}},"1":{"name":"(anonymous_3)","decl":{"start":{"line":23,"column":4},"end":{"line":23,"column":9}},"loc":{"start":{"line":23,"column":77},"end":{"line":28,"column":5}}},"2":{"name":"(anonymous_4)","decl":{"start":{"line":37,"column":11},"end":{"line":37,"column":28}},"loc":{"start":{"line":37,"column":43},"end":{"line":41,"column":5}}},"3":{"name":"(anonymous_5)","decl":{"start":{"line":38,"column":25},"end":{"line":38,"column":26}},"loc":{"start":{"line":38,"column":38},"end":{"line":40,"column":9}}}},"branchMap":{},"s":{"0":1,"1":1,"2":1,"3":1,"4":1,"5":1,"6":0,"7":0,"8":0,"9":0,"10":0,"11":0,"12":1,"13":1},"f":{"0":0,"1":0,"2":0,"3":0},"b":{}}
,"C:\\Users\\user\\Desktop\\GoodMorning_BE\\GoodMorning-BE\\src\\service\\KakaoApi.Service.ts": {"path":"C:\\Users\\user\\Desktop\\GoodMorning_BE\\GoodMorning-BE\\src\\service\\KakaoApi.Service.ts","statementMap":{"0":{"start":{"line":1,"column":0},"end":{"line":1,"column":26}},"1":{"start":{"line":2,"column":0},"end":{"line":2,"column":33}},"2":{"start":{"line":3,"column":0},"end":{"line":3,"column":45}},"3":{"start":{"line":7,"column":7},"end":{"line":41,"column":null}},"4":{"start":{"line":8,"column":37},"end":{"line":8,"column":72}},"5":{"start":{"line":9,"column":40},"end":{"line":9,"column":94}},"6":{"start":{"line":12,"column":8},"end":{"line":25,"column":9}},"7":{"start":{"line":13,"column":29},"end":{"line":17,"column":14}},"8":{"start":{"line":18,"column":12},"end":{"line":21,"column":14}},"9":{"start":{"line":23,"column":12},"end":{"line":23,"column":59}},"10":{"start":{"line":24,"column":12},"end":{"line":24,"column":52}},"11":{"start":{"line":30,"column":29},"end":{"line":31,"column":73}},"12":{"start":{"line":32,"column":12},"end":{"line":36,"column":13}},"13":{"start":{"line":33,"column":16},"end":{"line":33,"column":47}},"14":{"start":{"line":35,"column":16},"end":{"line":35,"column":45}},"15":{"start":{"line":7,"column":13},"end":{"line":7,"column":28}},"16":{"start":{"line":7,"column":13},"end":{"line":41,"column":null}}},"fnMap":{"0":{"name":"(anonymous_2)","decl":{"start":{"line":11,"column":4},"end":{"line":11,"column":9}},"loc":{"start":{"line":11,"column":43},"end":{"line":26,"column":5}}},"1":{"name":"(anonymous_3)","decl":{"start":{"line":29,"column":4},"end":{"line":29,"column":9}},"loc":{"start":{"line":29,"column":76},"end":{"line":37,"column":5}}}},"branchMap":{"0":{"loc":{"start":{"line":32,"column":12},"end":{"line":36,"column":13}},"type":"if","locations":[{"start":{"line":32,"column":12},"end":{"line":36,"column":13}},{"start":{"line":34,"column":19},"end":{"line":36,"column":13}}]}},"s":{"0":2,"1":2,"2":2,"3":2,"4":0,"5":0,"6":0,"7":0,"8":0,"9":0,"10":0,"11":0,"12":0,"13":0,"14":0,"15":2,"16":2},"f":{"0":0,"1":0},"b":{"0":[0,0]}}
,"C:\\Users\\user\\Desktop\\GoodMorning_BE\\GoodMorning-BE\\src\\service\\Music.Service.ts": {"path":"C:\\Users\\user\\Desktop\\GoodMorning_BE\\GoodMorning-BE\\src\\service\\Music.Service.ts","statementMap":{"0":{"start":{"line":2,"column":0},"end":{"line":2,"column":33}},"1":{"start":{"line":3,"column":0},"end":{"line":3,"column":47}},"2":{"start":{"line":4,"column":0},"end":{"line":4,"column":46}},"3":{"start":{"line":8,"column":7},"end":{"line":23,"column":null}},"4":{"start":{"line":10,"column":33},"end":{"line":10,"column":46}},"5":{"start":{"line":14,"column":65},"end":{"line":19,"column":10}},"6":{"start":{"line":20,"column":8},"end":{"line":20,"column":null}},"7":{"start":{"line":8,"column":13},"end":{"line":8,"column":25}},"8":{"start":{"line":8,"column":13},"end":{"line":23,"column":null}}},"fnMap":{"0":{"name":"(anonymous_2)","decl":{"start":{"line":10,"column":4},"end":{"line":10,"column":33}},"loc":{"start":{"line":10,"column":58},"end":{"line":10,"column":61}}},"1":{"name":"(anonymous_3)","decl":{"start":{"line":13,"column":4},"end":{"line":13,"column":9}},"loc":{"start":{"line":13,"column":24},"end":{"line":21,"column":5}}}},"branchMap":{},"s":{"0":1,"1":1,"2":1,"3":1,"4":0,"5":0,"6":0,"7":1,"8":1},"f":{"0":0,"1":0},"b":{}}
,"C:\\Users\\user\\Desktop\\GoodMorning_BE\\GoodMorning-BE\\src\\service\\Redis.Service.ts": {"path":"C:\\Users\\user\\Desktop\\GoodMorning_BE\\GoodMorning-BE\\src\\service\\Redis.Service.ts","statementMap":{"0":{"start":{"line":2,"column":0},"end":{"line":2,"column":33}},"1":{"start":{"line":3,"column":0},"end":{"line":3,"column":46}},"2":{"start":{"line":4,"column":0},"end":{"line":4,"column":33}},"3":{"start":{"line":6,"column":17},"end":{"line":6,"column":61}},"4":{"start":{"line":9,"column":7},"end":{"line":36,"column":null}},"5":{"start":{"line":11,"column":22},"end":{"line":11,"column":66}},"6":{"start":{"line":14,"column":8},"end":{"line":14,"column":null}},"7":{"start":{"line":15,"column":8},"end":{"line":15,"column":46}},"8":{"start":{"line":19,"column":8},"end":{"line":19,"column":56}},"9":{"start":{"line":20,"column":8},"end":{"line":20,"column":57}},"10":{"start":{"line":24,"column":22},"end":{"line":24,"column":69}},"11":{"start":{"line":25,"column":8},"end":{"line":25,"column":59}},"12":{"start":{"line":26,"column":8},"end":{"line":26,"column":21}},"13":{"start":{"line":30,"column":8},"end":{"line":30,"column":42}},"14":{"start":{"line":34,"column":8},"end":{"line":34,"column":29}},"15":{"start":{"line":9,"column":13},"end":{"line":9,"column":25}},"16":{"start":{"line":9,"column":13},"end":{"line":36,"column":null}}},"fnMap":{"0":{"name":"(anonymous_1)","decl":{"start":{"line":13,"column":4},"end":{"line":13,"column":9}},"loc":{"start":{"line":13,"column":61},"end":{"line":16,"column":5}}},"1":{"name":"(anonymous_2)","decl":{"start":{"line":18,"column":4},"end":{"line":18,"column":9}},"loc":{"start":{"line":18,"column":42},"end":{"line":21,"column":5}}},"2":{"name":"(anonymous_3)","decl":{"start":{"line":23,"column":4},"end":{"line":23,"column":9}},"loc":{"start":{"line":23,"column":42},"end":{"line":27,"column":5}}},"3":{"name":"(anonymous_4)","decl":{"start":{"line":29,"column":4},"end":{"line":29,"column":9}},"loc":{"start":{"line":29,"column":43},"end":{"line":31,"column":5}}},"4":{"name":"(anonymous_5)","decl":{"start":{"line":33,"column":4},"end":{"line":33,"column":9}},"loc":{"start":{"line":33,"column":29},"end":{"line":35,"column":5}}}},"branchMap":{},"s":{"0":3,"1":3,"2":3,"3":3,"4":3,"5":0,"6":0,"7":0,"8":0,"9":0,"10":0,"11":0,"12":0,"13":0,"14":0,"15":3,"16":3},"f":{"0":0,"1":0,"2":0,"3":0,"4":0},"b":{}}
,"C:\\Users\\user\\Desktop\\GoodMorning_BE\\GoodMorning-BE\\src\\service\\Token.Service.ts": {"path":"C:\\Users\\user\\Desktop\\GoodMorning_BE\\GoodMorning-BE\\src\\service\\Token.Service.ts","statementMap":{"0":{"start":{"line":1,"column":0},"end":{"line":1,"column":33}},"1":{"start":{"line":2,"column":0},"end":{"line":2,"column":30}},"2":{"start":{"line":3,"column":0},"end":{"line":3,"column":63}},"3":{"start":{"line":4,"column":0},"end":{"line":4,"column":61}},"4":{"start":{"line":5,"column":0},"end":{"line":5,"column":47}},"5":{"start":{"line":6,"column":0},"end":{"line":6,"column":81}},"6":{"start":{"line":9,"column":7},"end":{"line":52,"column":null}},"7":{"start":{"line":11,"column":50},"end":{"line":11,"column":66}},"8":{"start":{"line":12,"column":59},"end":{"line":12,"column":84}},"9":{"start":{"line":13,"column":16},"end":{"line":13,"column":30}},"10":{"start":{"line":17,"column":8},"end":{"line":43,"column":9}},"11":{"start":{"line":18,"column":33},"end":{"line":18,"column":89}},"12":{"start":{"line":19,"column":25},"end":{"line":19,"column":75}},"13":{"start":{"line":20,"column":12},"end":{"line":22,"column":13}},"14":{"start":{"line":21,"column":16},"end":{"line":21,"column":51}},"15":{"start":{"line":25,"column":35},"end":{"line":25,"column":111}},"16":{"start":{"line":26,"column":12},"end":{"line":29,"column":14}},"17":{"start":{"line":32,"column":12},"end":{"line":42,"column":13}},"18":{"start":{"line":33,"column":42},"end":{"line":33,"column":66}},"19":{"start":{"line":34,"column":31},"end":{"line":34,"column":46}},"20":{"start":{"line":35,"column":16},"end":{"line":38,"column":17}},"21":{"start":{"line":36,"column":42},"end":{"line":36,"column":79}},"22":{"start":{"line":37,"column":20},"end":{"line":37,"column":99}},"23":{"start":{"line":39,"column":16},"end":{"line":39,"column":61}},"24":{"start":{"line":41,"column":16},"end":{"line":41,"column":63}},"25":{"start":{"line":46,"column":22},"end":{"line":46,"column":102}},"26":{"start":{"line":47,"column":8},"end":{"line":49,"column":9}},"27":{"start":{"line":48,"column":12},"end":{"line":48,"column":null}},"28":{"start":{"line":50,"column":8},"end":{"line":50,"column":27}},"29":{"start":{"line":9,"column":13},"end":{"line":9,"column":25}},"30":{"start":{"line":9,"column":13},"end":{"line":52,"column":null}}},"fnMap":{"0":{"name":"(anonymous_5)","decl":{"start":{"line":10,"column":4},"end":{"line":10,"column":null}},"loc":{"start":{"line":13,"column":42},"end":{"line":14,"column":8}}},"1":{"name":"(anonymous_6)","decl":{"start":{"line":16,"column":4},"end":{"line":16,"column":9}},"loc":{"start":{"line":16,"column":49},"end":{"line":44,"column":5}}},"2":{"name":"(anonymous_7)","decl":{"start":{"line":45,"column":12},"end":{"line":45,"column":17}},"loc":{"start":{"line":45,"column":51},"end":{"line":51,"column":5}}}},"branchMap":{"0":{"loc":{"start":{"line":20,"column":12},"end":{"line":22,"column":13}},"type":"if","locations":[{"start":{"line":20,"column":12},"end":{"line":22,"column":13}}]},"1":{"loc":{"start":{"line":32,"column":12},"end":{"line":42,"column":13}},"type":"if","locations":[{"start":{"line":32,"column":12},"end":{"line":42,"column":13}},{"start":{"line":40,"column":19},"end":{"line":42,"column":13}}]},"2":{"loc":{"start":{"line":35,"column":16},"end":{"line":38,"column":17}},"type":"if","locations":[{"start":{"line":35,"column":16},"end":{"line":38,"column":17}}]},"3":{"loc":{"start":{"line":47,"column":8},"end":{"line":49,"column":9}},"type":"if","locations":[{"start":{"line":47,"column":8},"end":{"line":49,"column":9}}]}},"s":{"0":1,"1":1,"2":1,"3":1,"4":1,"5":1,"6":1,"7":0,"8":0,"9":0,"10":0,"11":0,"12":0,"13":0,"14":0,"15":0,"16":0,"17":0,"18":0,"19":0,"20":0,"21":0,"22":0,"23":0,"24":0,"25":0,"26":0,"27":0,"28":0,"29":1,"30":1},"f":{"0":0,"1":0,"2":0},"b":{"0":[0],"1":[0,0],"2":[0],"3":[0]}}
,"C:\\Users\\user\\Desktop\\GoodMorning_BE\\GoodMorning-BE\\src\\service\\Traffic.Service.ts": {"path":"C:\\Users\\user\\Desktop\\GoodMorning_BE\\GoodMorning-BE\\src\\service\\Traffic.Service.ts","statementMap":{"0":{"start":{"line":1,"column":0},"end":{"line":1,"column":41}},"1":{"start":{"line":2,"column":0},"end":{"line":2,"column":63}},"2":{"start":{"line":4,"column":0},"end":{"line":4,"column":61}},"3":{"start":{"line":6,"column":0},"end":{"line":6,"column":89}},"4":{"start":{"line":7,"column":0},"end":{"line":7,"column":101}},"5":{"start":{"line":10,"column":0},"end":{"line":10,"column":82}},"6":{"start":{"line":11,"column":0},"end":{"line":11,"column":95}},"7":{"start":{"line":13,"column":0},"end":{"line":13,"column":75}},"8":{"start":{"line":15,"column":0},"end":{"line":15,"column":99}},"9":{"start":{"line":17,"column":0},"end":{"line":17,"column":68}},"10":{"start":{"line":18,"column":0},"end":{"line":18,"column":87}},"11":{"start":{"line":19,"column":0},"end":{"line":19,"column":47}},"12":{"start":{"line":20,"column":0},"end":{"line":20,"column":44}},"13":{"start":{"line":23,"column":0},"end":{"line":23,"column":64}},"14":{"start":{"line":24,"column":0},"end":{"line":24,"column":51}},"15":{"start":{"line":25,"column":0},"end":{"line":25,"column":51}},"16":{"start":{"line":28,"column":7},"end":{"line":292,"column":null}},"17":{"start":{"line":31,"column":50},"end":{"line":31,"column":66}},"18":{"start":{"line":32,"column":63},"end":{"line":32,"column":92}},"19":{"start":{"line":33,"column":69},"end":{"line":33,"column":104}},"20":{"start":{"line":34,"column":60},"end":{"line":34,"column":86}},"21":{"start":{"line":35,"column":66},"end":{"line":35,"column":98}},"22":{"start":{"line":36,"column":56},"end":{"line":36,"column":78}},"23":{"start":{"line":37,"column":16},"end":{"line":37,"column":27}},"24":{"start":{"line":38,"column":16},"end":{"line":38,"column":24}},"25":{"start":{"line":47,"column":34},"end":{"line":47,"column":122}},"26":{"start":{"line":48,"column
[...]
,"C:\\Users\\user\\Desktop\\GoodMorning_BE\\GoodMorning-BE\\src\\util\\weatherData.ts": {"path":"C:\\Users\\user\\Desktop\\GoodMorning_BE\\GoodMorning-BE\\src\\util\\weatherData.ts","statementMap":{"0":{"start":{"line":1,"column":0},"end":{"line":1,"column":71}},"1":{"start":{"line":8,"column":33},"end":{"line":65,"column":1}},"2":{"start":{"line":9,"column":90},"end":{"line":9,"column":92}},"3":{"start":{"line":11,"column":4},"end":{"line":26,"column":5}},"4":{"start":{"line":12,"column":25},"end":{"line":12,"column":38}},"5":{"start":{"line":13,"column":29},"end":{"line":13,"column":42}},"6":{"start":{"line":14,"column":30},"end":{"line":14,"column":44}},"7":{"start":{"line":15,"column":29},"end":{"line":15,"column":42}},"8":{"start":{"line":17,"column":8},"end":{"line":19,"column":9}},"9":{"start":{"line":18,"column":12},"end":{"line":18,"column":44}},"10":{"start":{"line":21,"column":8},"end":{"line":23,"column":9}},"11":{"start":{"line":22,"column":12},"end":{"line":22,"column":58}},"12":{"start":{"line":25,"column":8},"end":{"line":25,"column":75}},"13":{"start":{"line":28,"column":43},"end":{"line":28,"column":45}},"14":{"start":{"line":29,"column":20},"end":{"line":29,"column":51}},"15":{"start":{"line":30,"column":20},"end":{"line":30,"column":70}},"16":{"start":{"line":32,"column":4},"end":{"line":51,"column":5}},"17":{"start":{"line":33,"column":8},"end":{"line":50,"column":9}},"18":{"start":{"line":35,"column":30},"end":{"line":35,"column":63}},"19":{"start":{"line":36,"column":38},"end":{"line":36,"column":71}},"20":{"start":{"line":37,"column":32},"end":{"line":37,"column":77}},"21":{"start":{"line":38,"column":40},"end":{"line":38,"column":133}},"22":{"start":{"line":40,"column":12},"end":{"line":49,"column":14}},"23":{"start":{"line":53,"column":4},"end":{"line":58,"column":7}},"24":{"start":{"line":54,"column":8},"end":{"line":56,"column":9}},"25":{"start":{"line":55,"column":12},"end":{"line":55,"column":48}},"26":{"start":{"line":57,"column":8},"end":{"line":57,"column":44}},"27":{"start":{"line":60,"column":4},"end":{"line":64,"column":6}},"28":{"start":{"line":61,"column":47},"end":{"line":61,"column":70}},"29":{"start":{"line":62,"column":47},"end":{"line":62,"column":70}},"30":{"start":{"line":8,"column":13},"end":{"line":8,"column":33}}},"fnMap":{"0":{"name":"(anonymous_0)","decl":{"start":{"line":8,"column":33},"end":{"line":8,"column":34}},"loc":{"start":{"line":8,"column":138},"end":{"line":65,"column":1}}},"1":{"name":"(anonymous_1)","decl":{"start":{"line":53,"column":16},"end":{"line":53,"column":17}},"loc":{"start":{"line":53,"column":35},"end":{"line":58,"column":5}}},"2":{"name":"(anonymous_2)","decl":{"start":{"line":61,"column":39},"end":{"line":61,"column":43}},"loc":{"start":{"line":61,"column":47},"end":{"line":61,"column":70}}},"3":{"name":"(anonymous_3)","decl":{"start":{"line":62,"column":39},"end":{"line":62,"column":43}},"loc":{"start":{"line":62,"column":47},"end":{"line":62,"column":70}}}},"branchMap":{"0":{"loc":{"start":{"line":17,"column":8},"end":{"line":19,"column":9}},"type":"if","locations":[{"start":{"line":17,"column":8},"end":{"line":19,"column":9}}]},"1":{"loc":{"start":{"line":21,"column":8},"end":{"line":23,"column":9}},"type":"if","locations":[{"start":{"line":21,"column":8},"end":{"line":23,"column":9}}]},"2":{"loc":{"start":{"line":35,"column":30},"end":{"line":35,"column":63}},"type":"binary-expr","locations":[{"start":{"line":35,"column":30},"end":{"line":35,"column":52}},{"start":{"line":35,"column":56},"end":{"line":35,"column":63}}]},"3":{"loc":{"start":{"line":36,"column":38},"end":{"line":36,"column":71}},"type":"binary-expr","locations":[{"start":{"line":36,"column":38},"end":{"line":36,"column":60}},{"start":{"line":36,"column":64},"end":{"line":36,"column":71}}]},"4":{"loc":{"start":{"line":37,"column":32},"end":{"line":37,"column":77}},"type":"cond-expr","locations":[{"start":{"line":37,"column":48},"end":{"line":37,"column":67}},{"start":{"line":37,"column":70},"end":{"line":37,"column":77}}]},"5":{"loc":{"start":{"line":38,"column":40},"end":{"line":38,"column":133}},"type":"cond-expr","locations":[{"start":{"line":38,"column":56},"end":{"line":38,"column":123}},{"start":{"line":38,"column":126},"end":{"line":38,"column":133}}]},"6":{"loc":{"start":{"line":38,"column":56},"end":{"line":38,"column":123}},"type":"cond-expr","locations":[{"start":{"line":38,"column":87},"end":{"line":38,"column":100}},{"start":{"line":38,"column":103},"end":{"line":38,"column":123}}]},"7":{"loc":{"start":{"line":54,"column":8},"end":{"line":56,"column":9}},"type":"if","locations":[{"start":{"line":54,"column":8},"end":{"line":56,"column":9}}]},"8":{"loc":{"start":{"line":61,"column":22},"end":{"line":61,"column":99}},"type":"binary-expr","locations":[{"start":{"line":61,"column":22},"end":{"line":61,"column":88}},{"start":{"line":61,"column":92},"end":{"line":61,"column":99}}]},"9":{"loc":{"start":{"line":62,"column":22},"end":{"line":62,"column":99}},"type":"binary-expr","locations":[{"start":{"line":62,"column":22},"end":{"line":62,"column":88}},{"start":{"line":62,"column":92},"end":{"line":62,"column":99}}]}},"s":{"0":1,"1":1,"2":0,"3":0,"4":0,"5":0,"6":0,"7":0,"8":0,"9":0,"10":0,"11":0,"12":0,"13":0,"14":0,"15":0,"16":0,"17":0,"18":0,"19":0,"20":0,"21":0,"22":0,"23":0,"24":0,"25":0,"26":0,"27":0,"28":0,"29":0,"30":1},"f":{"0":0,"1":0,"2":0,"3":0},"b":{"0":[0],"1":[0],"2":[0,0],"3":[0,0],"4":[0,0],"5":[0,0],"6":[0,0],"7":[0],"8":[0,0],"9":[0,0]}}
,"C:\\Users\\user\\Desktop\\GoodMorning_BE\\GoodMorning-BE\\src\\util\\enum\\EateryCategory.ts": {"path":"C:\\Users\\user\\Desktop\\GoodMorning_BE\\GoodMorning-BE\\src\\util\\enum\\EateryCategory.ts","statementMap":{"0":{"start":{"line":4,"column":0},"end":{"line":4,"column":null}},"1":{"start":{"line":5,"column":4},"end":{"line":5,"column":null}},"2":{"start":{"line":6,"column":4},"end":{"line":6,"column":null}},"3":{"start":{"line":10,"column":45},"end":{"line":12,"column":1}},"4":{"start":{"line":11,"column":4},"end":{"line":11,"column":62}},"5":{"start":{"line":10,"column":13},"end":{"line":10,"column":45}}},"fnMap":{"0":{"name":"(anonymous_0)","decl":{"start":{"line":4,"column":0},"end":{"line":4,"column":12}},"loc":{"start":{"line":4,"column":26},"end":{"line":7,"column":1}}},"1":{"name":"(anonymous_1)","decl":{"start":{"line":10,"column":45},"end":{"line":10,"column":46}},"loc":{"start":{"line":10,"column":69},"end":{"line":12,"column":1}}}},"branchMap":{"0":{"loc":{"start":{"line":4,"column":12},"end":{"line":4,"column":null}},"type":"binary-expr","locations":[{"start":{"line":4,"column":12},"end":{"line":4,"column":26}},{"start":{"line":4,"column":26},"end":{"line":4,"column":null}}]}},"s":{"0":1,"1":1,"2":1,"3":1,"4":0,"5":1},"f":{"0":1,"1":0},"b":{"0":[1,1]}}
,"C:\\Users\\user\\Desktop\\GoodMorning_BE\\GoodMorning-BE\\src\\util\\enum\\FamousSaying.ts": {"path":"C:\\Users\\user\\Desktop\\GoodMorning_BE\\GoodMorning-BE\\src\\util\\enum\\FamousSaying.ts","statementMap":{"0":{"start":{"line":1,"column":0},"end":{"line":1,"column":null}},"1":{"start":{"line":2,"column":4},"end":{"line":2,"column":null}},"2":{"start":{"line":3,"column":4},"end":{"line":3,"column":null}},"3":{"start":{"line":4,"column":4},"end":{"line":4,"column":null}},"4":{"start":{"line":5,"column":4},"end":{"line":5,"column":null}},"5":{"start":{"line":6,"column":4},"end":{"line":6,"column":null}},"6":{"start":{"line":7,"column":4},"end":{"line":7,"column":null}},"7":{"start":{"line":8,"column":4},"end":{"line":8,"column":null}},"8":{"start":{"line":9,"column":4},"end":{"line":9,"column":null}},"9":{"start":{"line":10,"column":4},"end":{"line":10,"column":null}},"10":{"start":{"line":11,"column":4},"end":{"line":11,"column":null}},"11":{"start":{"line":12,"column":4},"end":{"line":12,"column":null}},"12":{"start":{"line":13,"column":4},"end":{"line":13,"column":null}},"13":{"start":{"line":14,"column":4},"end":{"line":14,"column":null}},"14":{"start":{"line":15,"column":4},"end":{"line":15,"column":null}},"15":{"start":{"line":16,"column":4},"end":{"line":16,"column":null}},"16":{"start":{"line":17,"column":4},"end":{"line":17,"column":null}},"17":{"start":{"line":18,"column":4},"end":{"line":18,"column":null}},"18":{"start":{"line":19,"column":4},"end":{"line":19,"column":null}},"19":{"start":{"line":20,"column":4},"end":{"line":20,"column":null}},"20":{"start":{"line":21,"column":4},"end":{"line":21,"column":null}},"21":{"start":{"line":22,"column":4},"end":{"line":22,"column":null}},"22":{"start":{"line":23,"column":4},"end":{"line":23,"column":null}},"23":{"start":{"line":24,"column":4},"end":{"line":24,"column":null}},"24":{"start":{"line":25,"column":4},"end":{"line":25,"column":null}},"25":{"start":{"line":26,"column":4},"end":{"line":26,"column":null}},"26":{"start":{"line":27,"column":4},"end":{"line":27,"column":null}},"27":{"start":{"line":28,"column":4},"end":{"line":28,"column":null}},"28":{"start":{"line":29,"column":4},"end":{"line":29,"column":null}},"29":{"start":{"line":30,"column":4},"end":{"line":30,"column":null}},"30":{"start":{"line":31,"column":4},"end":{"line":31,"column":null}},"31":{"start":{"line":32,"column":4},"end":{"line":32,"column":null}},"32":{"start":{"line":33,"column":4},"end":{"line":33,"column":null}},"33":{"start":{"line":34,"column":4},"end":{"line":34,"column":null}},"34":{"start":{"line":35,"column":4},"end":{"line":35,"column":null}},"35":{"start":{"line":36,"column":4},"end":{"line":36,"column":null}},"36":{"start":{"line":37,"column":4},"end":{"line":37,"column":null}},"37":{"start":{"line":38,"column":4},"end":{"line":38,"column":null}},"38":{"start":{"line":39,"column":4},"end":{"line":39,"column":null}},"39":{"start":{"line":40,"column":4},"end":{"line":40,"column":null}},"40":{"start":{"line":41,"column":4},"end":{"line":41,"column":null}},"41":{"start":{"line":42,"column":4},"end":{"line":42,"column":null}},"42":{"start":{"line":43,"column":4},"end":{"line":43,"column":null}},"43":{"start":{"line":44,"column":4},"end":{"line":44,"column":null}},"44":{"start":{"line":45,"column":4},"end":{"line":45,"column":null}},"45":{"start":{"line":46,"column":4},"end":{"line":46,"column":null}},"46":{"start":{"line":47,"column":4},"end":{"line":47,"column":null}},"47":{"start":{"line":48,"column":4},"end":{"line":48,"column":null}},"48":{"start":{"line":49,"column":4},"end":{"line":49,"column":null}},"49":{"start":{"line":50,"column":4},"end":{"line":50,"column":null}},"50":{"start":{"line":51,"column":4},"end":{"line":51,"column":null}},"51":{"start":{"line":52,"column":4},"end":{"line":52,"column":null}},"52":{"start":{"line":53,"column":4},"end":{"line":53,"column":null}},"53":{"start":{"line":54,"column":4},"end":{"line":54,"column":null}},"54":{"start":{"line":55,"column":4},"end":{"line":55,"column":null}},"55":{"start":{"line":56,"column":4},"end":{"line":56,"column":null}},"56":{"start":{"line":57,"column":4},"end":{"line":57,"column":null}},"57":{"start":{"line":58,"column":4},"end":{"line":58,"column":null}},"58":{"start":{"line":59,"column":4},"end":{"line":59,"column":null}},"59":{"start":{"line":60,"column":4},"end":{"line":60,"column":null}},"60":{"start":{"line":61,"column":4},"end":{"line":61,"column":null}},"61":{"start":{"line":62,"column":4},"end":{"line":62,"column":null}},"62":{"start":{"line":63,"column":4},"end":{"line":63,"column":null}},"63":{"start":{"line":64,"column":4},"end":{"line":64,"column":null}},"64":{"start":{"line":65,"column":4},"end":{"line":65,"column":null}},"65":{"start":{"line":66,"column":4},"end":{"line":66,"column":null}},"66":{"start":{"line":67,"column":4},"end":{"line":67,"column":null}},"67":{"start":{"line":68,"column":4},"end":{"line":68,"column":null}},"68":{"start":{"line":69,"column":4},"end":{"line":69,"column":null}},"69":{"start":{"line":70,"column":4},"end":{"line":70,"column":null}},"70":{"start":{"line":71,"column":4},"end":{"line":71,"column":null}},"71":{"start":{"line":72,"column":4},"end":{"line":72,"column":null}},"72":{"start":{"line":73,"column":4},"end":{"line":73,"column":null}},"73":{"start":{"line":74,"column":4},"end":{"line":74,"column":null}},"74":{"start":{"line":75,"column":4},"end":{"line":75,"column":null}},"75":{"start":{"line":76,"column":4},"end":{"line":76,"column":null}},"76":{"start":{"line":77,"column":4},"end":{"line":77,"column":null}},"77":{"start":{"line":78,"column":4},"end":{"line":78,"column":null}},"78":{"start":{"line":79,"column":4},"end":{"line":79,"column":null}},"79":{"start":{"line":80,"column":4},"end":{"line":80,"column":null}},"80":{"start":{"line":81,"column":4},"end":{"line":81,"column":null}},"81":{"start":{"line":82,"column":4},"end":{"line":82,"column":null}},"82":{"start":{"line":83,"column":4},"end":{"line":83,"column":null}},"83":{"start":{"line":84,"column":4},"end":{"line":84,"column":null}},"84":{"start":{"line":85,"column":4},"end":{"line":85,"column":null}},"85":{"start":{"line":86,"column":4},"end":{"line":86,"column":null}},"86":{"start":{"line":87,"column":4},"end":{"line":87,"column":null}},"87":{"start":{"line":88,"column":4},"end":{"line":88,"column":null}},"88":{"start":{"line":89,"column":4},"end":{"line":89,"column":null}},"89":{"start":{"line":90,"column":4},"end":{"line":90,"column":null}},"90":{"start":{"line":91,"column":4},"end":{"line":91,"column":null}},"91":{"start":{"line":92,"column":4},"end":{"line":92,"column":null}},"92":{"start":{"line":93,"column":4},"end":{"line":93,"column":null}},"93":{"start":{"line":94,"column":4},"end":{"line":94,"column":null}},"94":{"start":{"line":95,"column":4},"end":{"line":95,"column":null}},"95":{"start":{"line":96,"column":4},"end":{"line":96,"column":null}},"96":{"start":{"line":97,"column":4},"end":{"line":97,"column":null}},"97":{"start":{"line":98,"column":4},"end":{"line":98,"column":null}},"98":{"start":{"line":99,"column":4},"end":{"line":99,"column":null}},"99":{"start":{"line":100,"column":4},"end":{"line":100,"column":null}},"100":{"start":{"line":101,"column":4},"end":{"line":101,"column":null}},"101":{"start":{"line":105,"column":52},"end":{"line":109,"column":39}},"102":{"start":{"line":107,"column":8},"end":{"line":107,"column":37}},"103":{"start":{"line":108,"column":8},"end":{"line":108,"column":19}},"104":{"start":{"line":117,"column":31},"end":{"line":119,"column":1}},"105":{"start":{"line":118,"column":4},"end":{"line":118,"column":35}},"106":{"start":{"line":117,"column":13},"end":{"line":117,"column":31}},"107":{"start":{"line":122,"column":43},"end":{"line":124,"column":1}},"108":{"start":{"line":123,"column":4},"end":{"line":123,"column":56}},"109":{"start":{"line":122,"column":13},"end":{"line":122,"column":43}},"110":{"start":{"line":133,"column":4},"end":{"line":133,"column":49}},"111":{"start":{"line":132,"column":0},"end":{"line":132,"column":16}},"112":{"start":{"line":137,"column":42},"end":{"line":238,"column":2}}},"fnMap":{"0":{"name":"(anonymous_0)","decl":{"start":{"line":1,"column":0},"end":{"line":1,"column":12}},"loc":{"start":{"line":1,"column":24},"end":{"line":102,"column":1}}},"1":{"name":"(anonymous_1)","decl":{"start":{"line":106,"column":12},"end":{"line":106,"column":13}},"loc":{"start":{"line":106,"column":25},"end":{"line":109,"column":5}}},"2":{"name":"(anonymous_2)","decl":{"start":{"line":117,"column":31},"end":{"line":117,"column":32}},"loc":{"start":{"line":117,"column":47},"end":{"line":119,"column":1}}},"3":{"name":"(anonymous_3)","decl":{"start":{"line":122,"column":43},"end":{"line":122,"column":45}},"loc":{"start":{"line":122,"column":47},"end":{"line":124,"column":1}}},"4":{"name":"getWriter","decl":{"start":{"line":132,"column":16},"end":{"line":132,"column":25}},"loc":{"start":{"line":132,"column":37},"end":{"line":134,"column":1}}}},"branchMap":{"0":{"loc":{"start":{"line":1,"column":12},"end":{"line":1,"column":null}},"type":"binary-expr","locations":[{"start":{"line":1,"column":12},"end":{"line":1,"column":24}},{"start":{"line":1,"column":24},"end":{"line":1,"column":null}}]},"1":{"loc":{"start":{"line":133,"column":11},"end":{"line":133,"column":48}},"type":"binary-expr","locations":[{"start":{"line":133,"column":11},"end":{"line":133,"column":23}},{"start":{"line":133,"column":27},"end":{"line":133,"column":48}}]}},"s":{"0":1,"1":1,"2":1,"3":1,"4":1,"5":1,"6":1,"7":1,"8":1,"9":1,"10":1,"11":1,"12":1,"13":1,"14":1,"15":1,"16":1,"17":1,"18":1,"19":1,"20":1,"21":1,"22":1,"23":1,"24":1,"25":1,"26":1,"27":1,"28":1,"29":1,"30":1,"31":1,"32":1,"33":1,"34":1,"35":1,"36":1,"37":1,"38":1,"39":1,"40":1,"41":1,"42":1,"43":1,"44":1,"45":1,"46":1,"47":1,"48":1,"49":1,"50":1,"51":1,"52":1,"53":1,"54":1,"55":1,"56":1,"57":1,"58":1,"59":1,"60":1,"61":1,"62":1,"63":1,"64":1,"65":1,"66":1,"67":1,"68":1,"69":1,"70":1,"71":1,"72":1,"73":1,"74":1,"75":1,"76":1,"77":1,"78":1,"79":1,"80":1,"81":1,"82":1,"83":1,"84":1,"85":1,"86":1,"87":1,"88":1,"89":1,"90":1,"91":1,"92":1,"93":1,"94":1,"95":1,"96":1,"97":1,"98":1,"99":1,"100":1,"101":1,"102":200,"103":200,"104":1,"105":0,"106":1,"107":1,"108":0,"109":1,"110":0,"111":1,"112":1},"f":{"0":1,"1":200,"2":0,"3":0,"4":0},"b":{"0":[1,1],"1":[0,0]}}
,"C:\\Users\\user\\Desktop\\GoodMorning_BE\\GoodMorning-BE\\src\\util\\enum\\Period.ts": {"path":"C:\\Users\\user\\Desktop\\GoodMorning_BE\\GoodMorning-BE\\src\\util\\enum\\Period.ts","statementMap":{"0":{"start":{"line":3,"column":0},"end":{"line":3,"column":null}},"1":{"start":{"line":4,"column":4},"end":{"line":4,"column":null}},"2":{"start":{"line":5,"column":4},"end":{"line":5,"column":null}},"3":{"start":{"line":6,"column":4},"end":{"line":6,"column":null}},"4":{"start":{"line":7,"column":4},"end":{"line":7,"column":null}},"5":{"start":{"line":8,"column":4},"end":{"line":8,"column":null}},"6":{"start":{"line":11,"column":30},"end":{"line":13,"column":1}},"7":{"start":{"line":12,"column":4},"end":{"line":12,"column":46}},"8":{"start":{"line":11,"column":13},"end":{"line":11,"column":30}},"9":{"start":{"line":15,"column":28},"end":{"line":23,"column":1}},"10":{"start":{"line":16,"column":17},"end":{"line":16,"column":66}},"11":{"start":{"line":17,"column":4},"end":{"line":21,"column":5}},"12":{"start":{"line":18,"column":8},"end":{"line":20,"column":9}},"13":{"start":{"line":19,"column":12},"end":{"line":19,"column":23}},"14":{"start":{"line":22,"column":4},"end":{"line":22,"column":16}},"15":{"start":{"line":15,"column":13},"end":{"line":15,"column":28}}},"fnMap":{"0":{"name":"(anonymous_0)","decl":{"start":{"line":3,"column":0},"end":{"line":3,"column":12}},"loc":{"start":{"line":3,"column":18},"end":{"line":9,"column":1}}},"1":{"name":"(anonymous_1)","decl":{"start":{"line":11,"column":30},"end":{"line":11,"column":31}},"loc":{"start":{"line":11,"column":54},"end":{"line":13,"column":1}}},"2":{"name":"(anonymous_2)","decl":{"start":{"line":15,"column":28},"end":{"line":15,"column":29}},"loc":{"start":{"line":15,"column":61},"end":{"line":23,"column":1}}}},"branchMap":{"0":{"loc":{"start":{"line":3,"column":12},"end":{"line":3,"column":null}},"type":"binary-expr","locations":[{"start":{"line":3,"column":12},"end":{"line":3,"column":18}},{"start":{"line":3,"column":18},"end":{"line":3,"column":null}}]},"1":{"loc":{"start":{"line":18,"column":8},"end":{"line":20,"column":9}},"type":"if","locations":[{"start":{"line":18,"column":8},"end":{"line":20,"column":9}}]}},"s":{"0":0,"1":0,"2":0,"3":0,"4":0,"5":0,"6":0,"7":0,"8":0,"9":0,"10":0,"11":0,"12":0,"13":0,"14":0,"15":0},"f":{"0":0,"1":0,"2":0},"b":{"0":[0,0],"1":[0]}}
}
