TN:
SF:src\controller\Auth.Controller.ts
FN:13,(anonymous_4)
FN:18,(anonymous_5)
FN:27,(anonymous_6)
FNF:3
FNH:3
FNDA:1,(anonymous_4)
FNDA:1,(anonymous_5)
FNDA:1,(anonymous_6)
DA:1,1
DA:3,1
DA:4,1
DA:5,1
DA:6,1
DA:7,1
DA:12,1
DA:14,1
DA:18,1
DA:20,1
DA:21,1
DA:22,1
DA:27,1
DA:29,1
DA:30,1
LF:15
LH:15
BRF:0
BRH:0
end_of_record
TN:
SF:src\controller\Calendar.Controller.ts
FN:17,(anonymous_4)
FN:30,(anonymous_5)
FN:46,(anonymous_6)
FN:62,(anonymous_7)
FN:78,(anonymous_8)
FN:94,(anonymous_9)
FNF:6
FNH:6
FNDA:1,(anonymous_4)
FNDA:1,(anonymous_5)
FNDA:1,(anonymous_6)
FNDA:1,(anonymous_7)
FNDA:1,(anonymous_8)
FNDA:1,(anonymous_9)
DA:1,1
DA:2,1
DA:3,1
DA:4,1
DA:5,1
DA:6,1
DA:8,1
DA:9,1
DA:15,1
DA:18,1
DA:30,1
DA:31,1
DA:32,1
DA:33,1
DA:46,1
DA:47,1
DA:48,1
DA:49,1
DA:62,1
DA:63,1
DA:64,1
DA:65,1
DA:78,1
DA:79,1
DA:80,1
DA:81,1
DA:94,1
DA:95,1
DA:96,1
DA:97,1
DA:98,1
LF:31
LH:31
BRF:0
BRH:0
end_of_record
TN:
SF:src\controller\FamousSaying.Controller.ts
FN:10,(anonymous_2)
FN:14,(anonymous_3)
FNF:2
FNH:2
FNDA:1,(anonymous_2)
FNDA:1,(anonymous_3)
DA:1,1
DA:2,1
DA:3,1
DA:4,1
DA:9,1
DA:10,1
DA:14,1
DA:15,1
DA:16,1
DA:17,1
LF:10
LH:10
BRF:0
BRH:0
end_of_record
TN:
SF:src\controller\Firebase.Controller.ts
FN:19,(anonymous_4)
FNF:1
FNH:1
FNDA:1,(anonymous_4)
DA:1,1
DA:2,1
DA:3,1
DA:4,1
DA:5,1
DA:10,1
DA:19,1
DA:20,1
DA:21,1
LF:9
LH:9
BRF:0
BRH:0
end_of_record
TN:
SF:src\controller\Kakao.Controller.ts
FN:14,(anonymous_4)
FN:28,(anonymous_5)
FNF:2
FNH:2
FNDA:1,(anonymous_4)
FNDA:1,(anonymous_5)
DA:3,1
DA:4,1
DA:5,1
DA:6,1
DA:12,1
DA:15,1
DA:28,1
DA:34,1
DA:35,1
DA:36,1
LF:10
LH:10
BRF:0
BRH:0
end_of_record
TN:
SF:src\controller\Music.Controller.ts
FN:10,(anonymous_2)
FN:14,(anonymous_3)
FNF:2
FNH:2
FNDA:1,(anonymous_2)
FNDA:1,(anonymous_3)
DA:1,1
DA:2,1
DA:3,1
DA:4,1
DA:8,1
DA:10,1
DA:14,1
DA:15,1
DA:16,1
DA:17,1
LF:10
LH:10
BRF:0
BRH:0
end_of_record
TN:
SF:src\controller\Token.Controller.ts
FN:11,(anonymous_4)
FN:15,(anonymous_5)
FNF:2
FNH:2
FNDA:1,(anonymous_4)
FNDA:1,(anonymous_5)
DA:1,1
DA:3,1
DA:4,1
DA:5,1
DA:6,1
DA:10,1
DA:11,1
DA:15,1
DA:17,1
DA:18,1
DA:19,1
LF:11
LH:11
BRF:0
BRH:0
end_of_record
TN:
SF:src\controller\Traffic.Controller.ts
FN:20,(anonymous_4)
FN:34,(anonymous_5)
FN:49,(anonymous_6)
FN:64,(anonymous_7)
FN:79,(anonymous_8)
FN:92,(anonymous_9)
FN:107,(anonymous_10)
FN:121,(anonymous_11)
FN:134,(anonymous_12)
FN:148,(anonymous_13)
FN:160,(anonymous_14)
FN:172,(anonymous_15)
FN:184,(anonymous_16)
FN:198,(anonymous_17)
FNF:14
FNH:14
FNDA:1,(anonymous_4)
FNDA:1,(anonymous_5)
FNDA:1,(anonymous_6)
FNDA:1,(anonymous_7)
FNDA:1,(anonymous_8)
FNDA:1,(anonymous_9)
FNDA:1,(anonymous_10)
FNDA:1,(anonymous_11)
FNDA:1,(anonymous_12)
FNDA:1,(anonymous_13)
FNDA:1,(anonymous_14)
FNDA:1,(anonymous_15)
FNDA:1,(anonymous_16)
FNDA:1,(anonymous_17)
DA:1,1
DA:2,1
DA:3,1
DA:4,1
DA:6,1
DA:7,1
DA:8,1
DA:9,1
DA:10,1
DA:11,1
DA:12,1
DA:13,1
DA:14,1
DA:18,1
DA:21,1
DA:22,1
DA:34,1
DA:35,1
DA:36,1
DA:37,1
DA:49,1
DA:50,1
DA:51,1
DA:52,1
DA:64,1
DA:65,1
DA:66,1
DA:67,1
DA:79,1
DA:80,1
DA:81,1
DA:82,1
DA:92,1
DA:93,1
DA:94,1
DA:95,1
DA:96,1
DA:107,1
DA:108,1
DA:109,1
DA:110,1
DA:121,1
DA:122,1
DA:123,1
DA:124,1
DA:134,1
DA:135,1
DA:136,1
DA:137,1
DA:148,1
DA:149,1
DA:150,1
DA:151,1
DA:160,1
DA:161,1
DA:162,1
DA:163,1
DA:172,1
DA:173,1
DA:174,1
DA:175,1
DA:184,1
DA:186,1
DA:187,1
DA:188,1
DA:198,1
DA:201,1
DA:202,1
DA:203,1
LF:69
LH:69
BRF:0
BRH:0
end_of_record
TN:
SF:src\controller\User.Controller.ts
FN:30,(anonymous_4)
FN:42,(anonymous_5)
FN:59,(anonymous_6)
FN:75,(anonymous_7)
FN:93,(anonymous_8)
FN:111,(anonymous_9)
FN:123,(anonymous_10)
FNF:7
FNH:7
FNDA:1,(anonymous_4)
FNDA:1,(anonymous_5)
FNDA:1,(anonymous_6)
FNDA:1,(anonymous_7)
FNDA:1,(anonymous_8)
FNDA:1,(anonymous_9)
FNDA:1,(anonymous_10)
DA:1,1
DA:14,1
DA:15,1
DA:16,1
DA:18,1
DA:21,1
DA:22,1
DA:23,1
DA:29,1
DA:31,1
DA:42,1
DA:46,1
DA:47,1
DA:59,1
DA:62,1
DA:63,1
DA:75,1
DA:79,1
DA:80,1
DA:93,1
DA:97,1
DA:98,1
DA:99,1
DA:111,1
DA:115,1
DA:116,1
DA:117,1
DA:123,1
DA:126,1
DA:127,1
DA:128,1
LF:31
LH:31
BRF:0
BRH:0
end_of_record
TN:
SF:src\controller\Weather.Controller.ts
FN:9,(anonymous_4)
FN:25,(anonymous_5)
FNF:2
FNH:2
FNDA:1,(anonymous_4)
FNDA:1,(anonymous_5)
DA:1,1
DA:2,1
DA:3,1
DA:4,1
DA:8,1
DA:10,1
DA:25,1
DA:33,1
DA:34,1
DA:35,1
LF:10
LH:10
BRF:0
BRH:0
end_of_record
TN:
SF:src\middleware\jwtMiddleware.ts
FN:12,(anonymous_1)
FN:18,(anonymous_2)
FN:30,(anonymous_3)
FNF:3
FNH:3
FNDA:8,(anonymous_1)
FNDA:5,(anonymous_2)
FNDA:2,(anonymous_3)
DA:2,4
DA:3,4
DA:12,4
DA:13,8
DA:14,6
DA:18,4
DA:20,5
DA:22,5
DA:23,5
DA:24,4
DA:26,2
DA:30,4
DA:31,2
DA:32,2
DA:33,1
DA:36,1
DA:38,1
LF:17
LH:17
BRDA:13,0,0,6
BRDA:13,1,0,8
BRDA:13,1,1,7
BRDA:24,2,0,1
BRDA:24,2,1,3
BRDA:26,3,0,1
BRF:6
BRH:6
end_of_record
TN:
SF:src\middleware\before\HelmetMiddleware.ts
FN:11,(anonymous_2)
FNF:1
FNH:1
FNDA:1,(anonymous_2)
DA:1,1
DA:3,1
DA:4,1
DA:8,1
DA:9,1
DA:12,1
LF:6
LH:6
BRF:0
BRH:0
end_of_record
TN:
SF:src\repository\Alarm.Repository.ts
FN:10,(anonymous_2)
FN:14,(anonymous_3)
FNF:2
FNH:2
FNDA:1,(anonymous_2)
FNDA:1,(anonymous_3)
DA:2,2
DA:3,2
DA:7,2
DA:11,1
DA:15,1
LF:5
LH:5
BRF:0
BRH:0
end_of_record
TN:
SF:src\repository\BusStation.Repository.ts
FN:12,(anonymous_1)
FN:21,(anonymous_2)
FN:32,(anonymous_3)
FN:43,(anonymous_4)
FNF:4
FNH:4
FNDA:1,(anonymous_1)
FNDA:1,(anonymous_2)
FNDA:1,(anonymous_3)
FNDA:1,(anonymous_4)
DA:1,6
DA:2,6
DA:5,6
DA:13,1
DA:22,1
DA:33,1
DA:44,1
DA:49,1
LF:8
LH:8
BRF:0
BRH:0
end_of_record
TN:
SF:src\repository\Calendar.Repository.ts
FN:14,(anonymous_1)
FN:15,(anonymous_2)
FN:27,(anonymous_3)
FN:42,(anonymous_4)
FN:57,(anonymous_5)
FN:72,(anonymous_6)
FN:82,(anonymous_7)
FNF:7
FNH:2
FNDA:1,(anonymous_1)
FNDA:2,(anonymous_2)
FNDA:0,(anonymous_3)
FNDA:0,(anonymous_4)
FNDA:0,(anonymous_5)
FNDA:0,(anonymous_6)
FNDA:0,(anonymous_7)
DA:1,3
DA:2,3
DA:4,3
DA:7,3
DA:15,1
DA:16,2
DA:17,1
DA:28,0
DA:43,0
DA:58,0
DA:73,0
DA:83,0
LF:12
LH:7
BRF:0
BRH:0
end_of_record
TN:
SF:src\repository\FirebaseToken.Repository.ts
FN:7,(anonymous_1)
FN:12,(anonymous_2)
FNF:2
FNH:2
FNDA:1,(anonymous_1)
FNDA:1,(anonymous_2)
DA:1,5
DA:2,5
DA:6,5
DA:8,1
DA:9,1
DA:13,1
LF:6
LH:6
BRF:0
BRH:0
end_of_record
TN:
SF:src\repository\GridCoordinates.Repository.ts
FN:13,(anonymous_1)
FNF:1
FNH:1
FNDA:1,(anonymous_1)
DA:1,2
DA:2,2
DA:5,2
DA:15,1
DA:17,1
LF:5
LH:5
BRF:0
BRH:0
end_of_record
TN:
SF:src\repository\SubwayStation.Repository.ts
FN:12,(anonymous_1)
FN:21,(anonymous_2)
FN:30,(anonymous_3)
FNF:3
FNH:0
FNDA:0,(anonymous_1)
FNDA:0,(anonymous_2)
FNDA:0,(anonymous_3)
DA:1,2
DA:2,2
DA:5,2
DA:13,0
DA:22,0
DA:31,0
LF:6
LH:3
BRF:0
BRH:0
end_of_record
TN:
SF:src\repository\TrafficCollection.Reposiotry.ts
FN:15,(anonymous_1)
FN:30,(anonymous_2)
FN:45,(anonymous_3)
FN:57,(anonymous_4)
FN:71,(anonymous_5)
FN:92,(anonymous_6)
FN:115,(anonymous_7)
FN:128,(anonymous_8)
FN:142,(anonymous_9)
FNF:9
FNH:0
FNDA:0,(anonymous_1)
FNDA:0,(anonymous_2)
FNDA:0,(anonymous_3)
FNDA:0,(anonymous_4)
FNDA:0,(anonymous_5)
FNDA:0,(anonymous_6)
FNDA:0,(anonymous_7)
FNDA:0,(anonymous_8)
FNDA:0,(anonymous_9)
DA:1,3
DA:2,3
DA:7,3
DA:16,0
DA:22,0
DA:31,0
DA:46,0
DA:58,0
DA:72,0
DA:93,0
DA:116,0
DA:129,0
DA:143,0
LF:13
LH:3
BRF:0
BRH:0
end_of_record
TN:
SF:src\repository\TrafficCollectionDetail.Repository.ts
FN:14,(anonymous_1)
FN:26,(anonymous_2)
FNF:2
FNH:0
FNDA:0,(anonymous_1)
FNDA:0,(anonymous_2)
DA:1,3
DA:2,3
DA:7,3
DA:15,0
DA:19,0
DA:27,0
LF:6
LH:3
BRF:0
BRH:0
end_of_record
TN:
SF:src\repository\Transportation.Repository.ts
FN:16,(anonymous_1)
FNF:1
FNH:0
FNDA:0,(anonymous_1)
DA:1,3
DA:2,3
DA:8,3
DA:17,0
DA:23,0
LF:5
LH:3
BRF:0
BRH:0
end_of_record
TN:
SF:src\repository\TransportationNumber.Repository.ts
FN:14,(anonymous_1)
FN:15,(anonymous_2)
FN:31,(anonymous_3)
FNF:3
FNH:0
FNDA:0,(anonymous_1)
FNDA:0,(anonymous_2)
FNDA:0,(anonymous_3)
DA:1,3
DA:2,3
DA:6,3
DA:15,0
DA:16,0
DA:20,0
DA:22,0
DA:23,0
DA:32,0
LF:9
LH:3
BRF:0
BRH:0
end_of_record
TN:
SF:src\repository\User.Repository.ts
FN:14,(anonymous_1)
FN:19,(anonymous_2)
FN:25,(anonymous_3)
FN:35,(anonymous_4)
FN:50,(anonymous_5)
FN:58,(anonymous_6)
FNF:6
FNH:6
FNDA:1,(anonymous_1)
FNDA:1,(anonymous_2)
FNDA:1,(anonymous_3)
FNDA:1,(anonymous_4)
FNDA:1,(anonymous_5)
FNDA:1,(anonymous_6)
DA:1,10
DA:2,10
DA:11,10
DA:15,1
DA:20,1
DA:21,1
DA:26,1
DA:36,1
DA:51,1
DA:59,1
LF:10
LH:10
BRF:0
BRH:0
end_of_record
TN:
SF:src\service\Auth.Service.ts
FN:13,(anonymous_5)
FN:20,(anonymous_6)
FN:39,(anonymous_7)
FN:45,(anonymous_8)
FNF:4
FNH:0
FNDA:0,(anonymous_5)
FNDA:0,(anonymous_6)
FNDA:0,(anonymous_7)
FNDA:0,(anonymous_8)
DA:1,1
DA:2,1
DA:3,1
DA:4,1
DA:5,1
DA:6,1
DA:7,1
DA:12,1
DA:14,0
DA:15,0
DA:16,0
DA:17,0
DA:24,0
DA:25,0
DA:26,0
DA:27,0
DA:32,0
DA:33,0
DA:34,0
DA:35,0
DA:40,0
DA:41,0
DA:42,0
DA:46,0
DA:47,0
DA:48,0
DA:51,0
DA:53,0
DA:54,0
DA:55,0
DA:58,0
DA:59,0
LF:32
LH:8
BRDA:26,0,0,0
BRDA:47,1,0,0
BRDA:47,2,0,0
BRDA:47,2,1,0
BRDA:54,3,0,0
BRF:5
BRH:0
end_of_record
TN:
SF:src\service\Calendar.Service.ts
FN:20,(anonymous_4)
FN:29,(anonymous_5)
FN:41,(anonymous_6)
FN:55,(anonymous_7)
FN:67,(anonymous_8)
FN:68,(anonymous_9)
FN:80,(anonymous_10)
FN:82,(anonymous_11)
FN:101,(anonymous_12)
FN:112,(anonymous_13)
FN:127,(anonymous_14)
FN:128,(anonymous_15)
FN:139,(anonymous_16)
FN:140,(anonymous_17)
FN:149,(anonymous_18)
FN:162,(anonymous_19)
FN:165,(anonymous_20)
FN:165,(anonymous_21)
FN:176,(anonymous_22)
FN:178,(anonymous_23)
FN:192,(anonymous_24)
FN:207,(anonymous_25)
FN:218,(anonymous_26)
FN:233,(anonymous_27)
FN:248,(anonymous_28)
FNF:25
FNH:25
FNDA:26,(anonymous_4)
FNDA:2,(anonymous_5)
FNDA:2,(anonymous_6)
FNDA:1,(anonymous_7)
FNDA:1,(anonymous_8)
FNDA:2,(anonymous_9)
FNDA:2,(anonymous_10)
FNDA:2,(anonymous_11)
FNDA:3,(anonymous_12)
FNDA:2,(anonymous_13)
FNDA:1,(anonymous_14)
FNDA:1,(anonymous_15)
FNDA:1,(anonymous_16)
FNDA:1,(anonymous_17)
FNDA:1,(anonymous_18)
FNDA:1,(anonymous_19)
FNDA:2,(anonymous_20)
FNDA:1,(anonymous_21)
FNDA:1,(anonymous_22)
FNDA:1,(anonymous_23)
FNDA:2,(anonymous_24)
FNDA:1,(anonymous_25)
FNDA:2,(anonymous_26)
FNDA:2,(anonymous_27)
FNDA:1,(anonymous_28)
DA:2,2
DA:3,2
DA:4,2
DA:6,2
DA:8,2
DA:9,2
DA:10,2
DA:11,2
DA:12,2
DA:13,2
DA:18,2
DA:21,26
DA:22,26
DA:30,2
DA:31,2
DA:32,1
DA:42,2
DA:43,2
DA:44,1
DA:56,1
DA:57,1
DA:58,1
DA:68,1
DA:69,2
DA:81,2
DA:82,2
DA:83,2
DA:84,2
DA:85,2
DA:86,1
DA:88,1
DA:102,3
DA:103,3
DA:104,3
DA:113,2
DA:114,2
DA:115,2
DA:116,1
DA:117,1
DA:128,1
DA:129,1
DA:140,1
DA:150,1
DA:151,1
DA:152,1
DA:163,1
DA:164,1
DA:165,2
DA:177,1
DA:178,1
DA:179,1
DA:181,1
DA:193,2
DA:194,2
DA:195,2
DA:196,1
DA:198,1
DA:208,1
DA:219,2
DA:220,1
DA:234,2
DA:235,115201
DA:236,115201
DA:238,115201
DA:249,1
DA:250,1
DA:251,1
DA:252,1
LF:68
LH:68
BRDA:85,0,0,1
BRDA:104,1,0,3
BRDA:104,1,1,2
BRDA:195,2,0,1
BRDA:195,2,1,1
BRDA:219,3,0,1
BRDA:219,4,0,2
BRDA:219,4,1,2
BRDA:235,5,0,115201
BRDA:235,6,0,115201
BRDA:235,6,1,115201
BRF:11
BRH:11
end_of_record
TN:
SF:src\service\FamousSaying.Service.ts
FN:10,(anonymous_1)
FNF:1
FNH:1
FNDA:1,(anonymous_1)
DA:1,2
DA:2,2
DA:3,2
DA:8,2
DA:11,1
DA:12,1
LF:6
LH:6
BRF:0
BRH:0
end_of_record
TN:
SF:src\service\Kakao.Service.ts
FN:12,(anonymous_2)
FN:23,(anonymous_3)
FN:37,(anonymous_4)
FN:38,(anonymous_5)
FNF:4
FNH:4
FNDA:3,(anonymous_2)
FNDA:2,(anonymous_3)
FNDA:1,(anonymous_4)
FNDA:2,(anonymous_5)
DA:2,2
DA:3,2
DA:4,2
DA:5,2
DA:6,2
DA:10,2
DA:12,3
DA:24,2
DA:25,1
DA:26,1
DA:38,1
DA:39,2
LF:12
LH:12
BRF:0
BRH:0
end_of_record
TN:
SF:src\service\KakaoApi.Service.ts
FN:11,(anonymous_2)
FN:28,(anonymous_3)
FNF:2
FNH:2
FNDA:2,(anonymous_2)
FNDA:2,(anonymous_3)
DA:1,4
DA:2,4
DA:3,4
DA:7,4
DA:8,4
DA:9,4
DA:12,2
DA:13,2
DA:18,1
DA:23,1
DA:29,2
DA:30,2
DA:32,1
DA:34,1
LF:14
LH:14
BRF:0
BRH:0
end_of_record
TN:
SF:src\service\Music.Service.ts
FN:10,(anonymous_2)
FN:13,(anonymous_3)
FNF:2
FNH:2
FNDA:1,(anonymous_2)
FNDA:1,(anonymous_3)
DA:2,2
DA:3,2
DA:4,2
DA:8,2
DA:10,1
DA:14,1
DA:20,1
LF:7
LH:7
BRF:0
BRH:0
end_of_record
TN:
SF:src\service\Redis.Service.ts
FN:17,(anonymous_1)
FN:28,(anonymous_2)
FN:32,(anonymous_3)
FNF:3
FNH:3
FNDA:1,(anonymous_1)
FNDA:1,(anonymous_2)
FNDA:1,(anonymous_3)
DA:2,7
DA:3,7
DA:4,7
DA:8,7
DA:10,3
DA:18,1
DA:29,1
DA:33,1
LF:8
LH:8
BRF:0
BRH:0
end_of_record
TN:
SF:src\service\Token.Service.ts
FN:10,(anonymous_5)
FN:16,(anonymous_6)
FN:45,(anonymous_7)
FNF:3
FNH:0
FNDA:0,(anonymous_5)
FNDA:0,(anonymous_6)
FNDA:0,(anonymous_7)
DA:1,1
DA:2,1
DA:3,1
DA:4,1
DA:5,1
DA:6,1
DA:9,1
DA:11,0
DA:12,0
DA:13,0
DA:17,0
DA:18,0
DA:19,0
DA:20,0
DA:21,0
DA:25,0
DA:26,0
DA:32,0
DA:33,0
DA:34,0
DA:35,0
DA:36,0
DA:37,0
DA:39,0
DA:41,0
DA:46,0
DA:47,0
DA:48,0
DA:50,0
LF:29
LH:7
BRDA:20,0,0,0
BRDA:32,1,0,0
BRDA:32,1,1,0
BRDA:35,2,0,0
BRDA:47,3,0,0
BRF:5
BRH:0
end_of_record
TN:
SF:src\service\Traffic.Service.ts
FN:29,(anonymous_4)
FN:45,(anonymous_5)
FN:55,(anonymous_6)
FN:68,(anonymous_7)
FN:77,(anonymous_8)
FN:86,(anonymous_9)
FN:97,(anonymous_10)
FN:100,(anonymous_11)
FN:101,(anonymous_12)
FN:104,(anonymous_13)
FN:122,(anonymous_14)
FN:131,(anonymous_15)
FN:142,(anonymous_16)
FN:151,(anonymous_17)
FN:152,(anonymous_18)
FN:154,(anonymous_19)
FN:183,(anonymous_20)
FN:186,(anonymous_21)
FN:187,(anonymous_22)
FN:189,(anonymous_23)
FN:218,(anonymous_24)
FN:220,(anonymous_25)
FN:231,(anonymous_26)
FN:234,(anonymous_27)
FN:245,(anonymous_28)
FN:259,(anonymous_29)
FN:274,(anonymous_30)
FN:278,(anonymous_31)
FN:279,(anonymous_32)
FN:288,(anonymous_33)
FN:291,(anonymous_34)
FN:292,(anonymous_35)
FNF:32
FNH:0
FNDA:0,(anonymous_4)
FNDA:0,(anonymous_5)
FNDA:0,(anonymous_6)
FNDA:0,(anonymous_7)
FNDA:0,(anonymous_8)
FNDA:0,(anonymous_9)
FNDA:0,(anonymous_10)
FNDA:0,(anonymous_11)
FNDA:0,(anonymous_12)
FNDA:0,(anonymous_13)
FNDA:0,(anonymous_14)
FNDA:0,(anonymous_15)
FNDA:0,(anonymous_16)
FNDA:0,(anonymous_17)
FNDA:0,(anonymous_18)
FNDA:0,(anonymous_19)
FNDA:0,(anonymous_20)
FNDA:0,(anonymous_21)
FNDA:0,(anonymous_22)
FNDA:0,(anonymous_23)
FNDA:0,(anonymous_24)
FNDA:0,(anonymous_25)
FNDA:0,(anonymous_26)
FNDA:0,(anonymous_27)
FNDA:0,(anonymous_28)
FNDA:0,(anonymous_29)
FNDA:0,(anonymous_30)
FNDA:0,(anonymous_31)
FNDA:0,(anonymous_32)
FNDA:0,(anonymous_33)
FNDA:0,(anonymous_34)
FNDA:0,(anonymous_35)
DA:1,3
DA:2,3
DA:4,3
DA:6,3
DA:7,3
DA:10,3
DA:11,3
DA:13,3
DA:14,3
DA:16,3
DA:17,3
DA:18,3
DA:19,3
DA:22,3
DA:23,3
DA:24,3
DA:27,3
DA:30,0
DA:31,0
DA:32,0
DA:33,0
DA:34,0
DA:35,0
DA:36,0
DA:37,0
DA:46,0
DA:47,0
DA:56,0
DA:57,0
DA:58,0
DA:59,0
DA:60,0
DA:69,0
DA:78,0
DA:87,0
DA:88,0
DA:89,0
DA:98,0
DA:99,0
DA:100,0
DA:101,0
DA:103,0
DA:104,0
DA:105,0
DA:106,0
DA:108,0
DA:113,0
DA:123,0
DA:132,0
DA:133,0
DA:134,0
DA:143,0
DA:144,0
DA:145,0
DA:147,0
DA:148,0
DA:149,0
DA:151,0
DA:152,0
DA:153,0
DA:154,0
DA:156,0
DA:157,0
DA:158,0
DA:159,0
DA:161,0
DA:162,0
DA:164,0
DA:167,0
DA:168,0
DA:169,0
DA:171,0
DA:184,0
DA:185,0
DA:186,0
DA:187,0
DA:188,0
DA:189,0
DA:191,0
DA:192,0
DA:193,0
DA:194,0
DA:196,0
DA:197,0
DA:199,0
DA:202,0
DA:203,0
DA:204,0
DA:206,0
DA:219,0
DA:220,0
DA:221,0
DA:232,0
DA:233,0
DA:235,0
DA:236,0
DA:246,0
DA:247,0
DA:249,0
DA:250,0
DA:260,0
DA:261,0
DA:263,0
DA:264,0
DA:275,0
DA:276,0
DA:277,0
DA:278,0
DA:279,0
DA:289,0
DA:290,0
DA:291,0
DA:292,0
LF:113
LH:17
BRDA:103,0,0,0
BRDA:105,1,0,0
BRDA:105,1,1,0
BRDA:105,2,0,0
BRDA:105,2,1,0
BRDA:144,3,0,0
BRDA:144,3,1,0
BRDA:144,4,0,0
BRDA:144,4,1,0
BRDA:147,5,0,0
BRDA:147,6,0,0
BRDA:147,6,1,0
BRDA:156,7,0,0
BRDA:156,7,1,0
BRDA:161,8,0,0
BRDA:161,8,1,0
BRDA:161,9,0,0
BRDA:161,9,1,0
BRDA:167,10,0,0
BRDA:184,11,0,0
BRDA:184,11,1,0
BRDA:191,12,0,0
BRDA:191,12,1,0
BRDA:196,13,0,0
BRDA:196,13,1,0
BRDA:196,14,0,0
BRDA:196,14,1,0
BRDA:202,15,0,0
BRDA:246,16,0,0
BRDA:249,17,0,0
BRDA:260,18,0,0
BRDA:263,19,0,0
BRF:32
BRH:0
end_of_record
TN:
SF:src\service\TrafficSearch.Service.ts
FN:20,(anonymous_4)
FN:32,(anonymous_5)
FN:45,(anonymous_6)
FN:54,(anonymous_7)
FN:90,(anonymous_8)
FN:105,(anonymous_9)
FN:114,(anonymous_10)
FN:116,(anonymous_11)
FN:129,(anonymous_12)
FN:139,(anonymous_13)
FN:151,(anonymous_14)
FN:158,(anonymous_15)
FN:167,(anonymous_16)
FN:182,(anonymous_17)
FN:186,(anonymous_18)
FN:194,(anonymous_19)
FN:197,(anonymous_20)
FNF:17
FNH:0
FNDA:0,(anonymous_4)
FNDA:0,(anonymous_5)
FNDA:0,(anonymous_6)
FNDA:0,(anonymous_7)
FNDA:0,(anonymous_8)
FNDA:0,(anonymous_9)
FNDA:0,(anonymous_10)
FNDA:0,(anonymous_11)
FNDA:0,(anonymous_12)
FNDA:0,(anonymous_13)
FNDA:0,(anonymous_14)
FNDA:0,(anonymous_15)
FNDA:0,(anonymous_16)
FNDA:0,(anonymous_17)
FNDA:0,(anonymous_18)
FNDA:0,(anonymous_19)
FNDA:0,(anonymous_20)
DA:1,1
DA:2,1
DA:3,1
DA:4,1
DA:5,1
DA:6,1
DA:7,1
DA:8,1
DA:10,1
DA:11,1
DA:13,1
DA:14,1
DA:15,1
DA:18,1
DA:21,0
DA:22,0
DA:23,0
DA:24,0
DA:33,0
DA:34,0
DA:36,0
DA:46,0
DA:55,0
DA:56,0
DA:62,0
DA:63,0
DA:64,0
DA:65,0
DA:67,0
DA:68,0
DA:70,0
DA:74,0
DA:75,0
DA:76,0
DA:77,0
DA:79,0
DA:80,0
DA:82,0
DA:91,0
DA:92,0
DA:93,0
DA:95,0
DA:96,0
DA:97,0
DA:106,0
DA:115,0
DA:117,0
DA:118,0
DA:119,0
DA:130,0
DA:140,0
DA:141,0
DA:142,0
DA:143,0
DA:152,0
DA:153,0
DA:154,0
DA:156,0
DA:157,0
DA:158,0
DA:165,0
DA:166,0
DA:167,0
DA:174,0
DA:183,0
DA:184,0
DA:185,0
DA:186,0
DA:195,0
DA:196,0
DA:197,0
LF:71
LH:14
BRDA:33,0,0,0
BRDA:33,0,1,0
BRDA:62,1,0,0
BRDA:67,2,0,0
BRDA:67,2,1,0
BRDA:67,3,0,0
BRDA:67,3,1,0
BRDA:75,4,0,0
BRDA:79,5,0,0
BRDA:79,6,0,0
BRDA:79,6,1,0
BRDA:92,7,0,0
BRDA:156,8,0,0
BRDA:165,9,0,0
BRF:14
BRH:0
end_of_record
TN:
SF:src\service\User.Service.ts
FN:14,(anonymous_4)
FN:25,(anonymous_5)
FN:39,(anonymous_6)
FN:47,(anonymous_7)
FN:58,(anonymous_8)
FN:70,(anonymous_9)
FN:81,(anonymous_10)
FNF:7
FNH:7
FNDA:12,(anonymous_4)
FNDA:2,(anonymous_5)
FNDA:2,(anonymous_6)
FNDA:2,(anonymous_7)
FNDA:2,(anonymous_8)
FNDA:2,(anonymous_9)
FNDA:2,(anonymous_10)
DA:2,2
DA:3,2
DA:4,2
DA:6,2
DA:7,2
DA:8,2
DA:9,2
DA:13,2
DA:15,12
DA:16,12
DA:28,2
DA:29,2
DA:30,1
DA:42,2
DA:43,2
DA:44,1
DA:48,2
DA:49,2
DA:50,1
DA:59,2
DA:60,2
DA:61,1
DA:71,2
DA:72,2
DA:73,1
DA:82,2
DA:83,2
DA:84,1
LF:28
LH:28
BRF:0
BRH:0
end_of_record
TN:
SF:src\service\Weather.Service.ts
FN:16,(anonymous_5)
FN:30,(anonymous_6)
FN:48,(anonymous_7)
FN:62,(anonymous_8)
FN:101,(anonymous_9)
FNF:5
FNH:0
FNDA:0,(anonymous_5)
FNDA:0,(anonymous_6)
FNDA:0,(anonymous_7)
FNDA:0,(anonymous_8)
FNDA:0,(anonymous_9)
DA:1,1
DA:2,1
DA:5,1
DA:6,1
DA:7,1
DA:8,1
DA:9,1
DA:11,1
DA:12,1
DA:15,1
DA:17,0
DA:18,0
DA:19,0
DA:21,0
DA:22,0
DA:32,0
DA:33,0
DA:35,0
DA:38,0
DA:39,0
DA:49,0
DA:51,0
DA:63,0
DA:64,0
DA:66,0
DA:68,0
DA:81,0
DA:83,0
DA:85,0
DA:102,0
DA:103,0
DA:105,0
LF:32
LH:10
BRDA:32,0,0,0
BRDA:32,0,1,0
BRF:2
BRH:0
end_of_record
TN:
SF:src\util\Alarm.ts
FN:10,(anonymous_2)
FN:16,(anonymous_3)
FN:17,(anonymous_4)
FN:30,(anonymous_5)
FN:40,(anonymous_6)
FN:43,(anonymous_7)
FN:52,(anonymous_8)
FN:67,(anonymous_9)
FN:68,(anonymous_10)
FN:78,(anonymous_11)
FN:79,(anonymous_12)
FN:80,(anonymous_13)
FNF:12
FNH:12
FNDA:8,(anonymous_2)
FNDA:1,(anonymous_3)
FNDA:2,(anonymous_4)
FNDA:3,(anonymous_5)
FNDA:1,(anonymous_6)
FNDA:1,(anonymous_7)
FNDA:3,(anonymous_8)
FNDA:1,(anonymous_9)
FNDA:2,(anonymous_10)
FNDA:1,(anonymous_11)
FNDA:2,(anonymous_12)
FNDA:3,(anonymous_13)
DA:1,2
DA:2,2
DA:4,2
DA:8,2
DA:10,8
DA:17,1
DA:18,2
DA:19,2
DA:20,2
DA:21,2
DA:31,3
DA:32,3
DA:41,1
DA:42,1
DA:43,1
DA:53,3
DA:54,1
DA:55,2
DA:56,1
DA:57,1
DA:58,1
DA:68,1
DA:69,2
DA:79,1
DA:80,3
LF:25
LH:25
BRDA:31,0,0,3
BRDA:41,1,0,1
BRDA:53,2,0,1
BRDA:53,2,1,2
BRDA:53,3,0,3
BRDA:53,3,1,2
BRDA:55,4,0,1
BRDA:55,4,1,1
BRDA:57,5,0,1
BRF:9
BRH:9
end_of_record
TN:
SF:src\util\YouTubeApi.ts
FN:11,(anonymous_2)
FN:20,(anonymous_3)
FNF:2
FNH:2
FNDA:2,(anonymous_2)
FNDA:1,(anonymous_3)
DA:1,3
DA:2,3
DA:3,3
DA:8,3
DA:10,3
DA:12,2
DA:13,2
DA:14,1
DA:16,1
DA:21,1
LF:10
LH:10
BRF:0
BRH:0
end_of_record
TN:
SF:src\util\YouTubeSchedule.ts
FN:10,(anonymous_2)
FN:15,(anonymous_3)
FN:23,(anonymous_4)
FN:30,(anonymous_5)
FNF:4
FNH:4
FNDA:3,(anonymous_2)
FNDA:1,(anonymous_3)
FNDA:3,(anonymous_4)
FNDA:1,(anonymous_5)
DA:1,2
DA:2,2
DA:3,2
DA:4,2
DA:7,2
DA:11,3
DA:12,3
DA:16,1
DA:17,1
DA:18,1
DA:19,1
DA:20,1
DA:24,3
DA:25,1
DA:26,1
DA:31,1
DA:32,1
DA:33,1
DA:34,1
DA:35,1
LF:20
LH:20
BRF:0
BRH:0
end_of_record
TN:
SF:src\util\checker.ts
FN:8,(anonymous_0)
FN:22,(anonymous_1)
FNF:2
FNH:2
FNDA:2,(anonymous_0)
FNDA:2,(anonymous_1)
DA:8,13
DA:9,2
DA:10,2
DA:11,1
DA:13,1
DA:22,13
DA:23,2
LF:7
LH:7
BRDA:10,0,0,1
BRF:1
BRH:1
end_of_record
TN:
SF:src\util\firebaseMessage.ts
FN:11,(anonymous_0)
FNF:1
FNH:1
FNDA:1,(anonymous_0)
DA:2,4
DA:11,4
DA:12,1
DA:20,1
DA:21,1
LF:5
LH:5
BRF:0
BRH:0
end_of_record
TN:
SF:src\util\openAi.ts
FN:8,(anonymous_1)
FNF:1
FNH:1
FNDA:1,(anonymous_1)
DA:1,3
DA:2,3
DA:4,3
DA:8,3
DA:11,1
DA:20,1
DA:26,1
LF:7
LH:7
BRF:0
BRH:0
end_of_record
TN:
SF:src\util\publicData.ts
FN:12,(anonymous_2)
FN:34,(anonymous_3)
FNF:2
FNH:2
FNDA:2,(anonymous_2)
FNDA:3,(anonymous_3)
DA:1,5
DA:2,5
DA:3,5
DA:4,5
DA:7,5
DA:8,5
DA:9,5
DA:13,2
DA:14,2
DA:15,2
DA:16,2
DA:18,2
DA:19,1
DA:21,1
DA:24,1
DA:30,5
DA:31,5
DA:32,5
DA:35,3
DA:36,3
DA:37,3
DA:38,3
DA:39,3
DA:41,3
DA:42,3
DA:44,3
DA:45,1
DA:48,2
DA:51,1
LF:29
LH:29
BRDA:18,0,0,1
BRDA:18,1,0,2
BRDA:18,1,1,2
BRDA:44,2,0,1
BRDA:48,3,0,1
BRDA:48,3,1,1
BRF:6
BRH:6
end_of_record
TN:
SF:src\util\scheduler.ts
FN:10,(anonymous_1)
FN:17,(anonymous_2)
FN:24,(anonymous_3)
FN:30,(anonymous_4)
FNF:4
FNH:4
FNDA:1,(anonymous_1)
FNDA:1,(anonymous_2)
FNDA:1,(anonymous_3)
FNDA:1,(anonymous_4)
DA:2,1
DA:3,1
DA:4,1
DA:5,1
DA:6,1
DA:7,1
DA:8,1
DA:10,1
DA:12,1
DA:18,1
DA:20,1
DA:24,1
DA:25,1
DA:31,1
DA:32,1
DA:33,1
DA:35,1
LF:17
LH:17
BRF:0
BRH:0
end_of_record
TN:
SF:src\util\verify.ts
FN:14,(anonymous_0)
FN:26,(anonymous_1)
FN:38,(anonymous_2)
FN:49,(anonymous_3)
FN:58,(anonymous_4)
FN:68,(anonymous_5)
FNF:6
FNH:6
FNDA:2,(anonymous_0)
FNDA:2,(anonymous_1)
FNDA:2,(anonymous_2)
FNDA:2,(anonymous_3)
FNDA:2,(anonymous_4)
FNDA:2,(anonymous_5)
DA:7,11
DA:8,11
DA:9,11
DA:14,11
DA:15,2
DA:16,1
DA:26,11
DA:27,2
DA:28,1
DA:38,11
DA:39,2
DA:40,1
DA:49,11
DA:50,2
DA:51,1
DA:58,11
DA:59,2
DA:60,1
DA:68,11
DA:69,2
DA:70,1
LF:21
LH:21
BRDA:15,0,0,1
BRDA:27,1,0,1
BRDA:39,2,0,1
BRDA:50,3,0,1
BRDA:59,4,0,1
BRDA:69,5,0,1
BRF:6
BRH:6
end_of_record
TN:
SF:src\util\weatherData.ts
FN:8,(anonymous_0)
FN:53,(anonymous_1)
FN:63,(anonymous_2)
FN:64,(anonymous_3)
FN:66,(anonymous_4)
FN:67,(anonymous_5)
FNF:6
FNH:6
FNDA:9,(anonymous_0)
FNDA:8,(anonymous_1)
FNDA:41,(anonymous_2)
FNDA:8,(anonymous_3)
FNDA:43,(anonymous_4)
FNDA:10,(anonymous_5)
DA:1,2
DA:8,2
DA:9,9
DA:11,9
DA:12,46
DA:13,46
DA:14,46
DA:15,46
DA:17,46
DA:18,11
DA:21,46
DA:22,16
DA:25,46
DA:28,9
DA:29,9
DA:30,9
DA:32,9
DA:33,11
DA:35,16
DA:36,16
DA:37,16
DA:38,16
DA:40,16
DA:53,9
DA:54,8
DA:55,5
DA:57,3
DA:60,9
DA:63,41
DA:64,8
DA:66,43
DA:67,10
LF:32
LH:32
BRDA:17,0,0,11
BRDA:21,1,0,16
BRDA:35,2,0,16
BRDA:35,2,1,5
BRDA:36,3,0,16
BRDA:36,3,1,4
BRDA:37,4,0,12
BRDA:37,4,1,4
BRDA:38,5,0,2
BRDA:38,5,1,14
BRDA:38,6,0,1
BRDA:38,6,1,1
BRDA:54,7,0,5
BRDA:63,8,0,2
BRDA:63,8,1,7
BRDA:66,9,0,2
BRDA:66,9,1,7
BRF:17
BRH:17
end_of_record
TN:
SF:src\util\enum\EateryCategory.ts
FN:4,(anonymous_0)
FN:10,(anonymous_1)
FNF:2
FNH:2
FNDA:3,(anonymous_0)
FNDA:1,(anonymous_1)
DA:4,3
DA:5,3
DA:6,3
DA:10,3
DA:11,1
LF:5
LH:5
BRDA:4,0,0,3
BRDA:4,0,1,3
BRF:2
BRH:2
end_of_record
TN:
SF:src\util\enum\FamousSaying.ts
FN:1,(anonymous_0)
FN:106,(anonymous_1)
FN:117,(anonymous_2)
FN:122,(anonymous_3)
FN:132,getWriter
FNF:5
FNH:5
FNDA:3,(anonymous_0)
FNDA:600,(anonymous_1)
FNDA:6,(anonymous_2)
FNDA:1,(anonymous_3)
FNDA:5,getWriter
DA:1,3
DA:2,3
DA:3,3
DA:4,3
DA:5,3
DA:6,3
DA:7,3
DA:8,3
DA:9,3
DA:10,3
DA:11,3
DA:12,3
DA:13,3
DA:14,3
DA:15,3
DA:16,3
DA:17,3
DA:18,3
DA:19,3
DA:20,3
DA:21,3
DA:22,3
DA:23,3
DA:24,3
DA:25,3
DA:26,3
DA:27,3
DA:28,3
DA:29,3
DA:30,3
DA:31,3
DA:32,3
DA:33,3
DA:34,3
DA:35,3
DA:36,3
DA:37,3
DA:38,3
DA:39,3
DA:40,3
DA:41,3
DA:42,3
DA:43,3
DA:44,3
DA:45,3
DA:46,3
DA:47,3
DA:48,3
DA:49,3
DA:50,3
DA:51,3
DA:52,3
DA:53,3
DA:54,3
DA:55,3
DA:56,3
DA:57,3
DA:58,3
DA:59,3
DA:60,3
DA:61,3
DA:62,3
DA:63,3
DA:64,3
DA:65,3
DA:66,3
DA:67,3
DA:68,3
DA:69,3
DA:70,3
DA:71,3
DA:72,3
DA:73,3
DA:74,3
DA:75,3
DA:76,3
DA:77,3
DA:78,3
DA:79,3
DA:80,3
DA:81,3
DA:82,3
DA:83,3
DA:84,3
DA:85,3
DA:86,3
DA:87,3
DA:88,3
DA:89,3
DA:90,3
DA:91,3
DA:92,3
DA:93,3
DA:94,3
DA:95,3
DA:96,3
DA:97,3
DA:98,3
DA:99,3
DA:100,3
DA:101,3
DA:105,3
DA:107,600
DA:108,600
DA:117,3
DA:118,6
DA:122,3
DA:123,1
DA:132,3
DA:133,5
DA:137,3
LF:111
LH:111
BRDA:1,0,0,3
BRDA:1,0,1,3
BRDA:133,1,0,5
BRDA:133,1,1,2
BRF:4
BRH:4
end_of_record
TN:
SF:src\util\enum\Period.ts
FN:3,(anonymous_0)
FN:11,(anonymous_1)
FN:15,(anonymous_2)
FNF:3
FNH:3
FNDA:4,(anonymous_0)
FNDA:6,(anonymous_1)
FNDA:7,(anonymous_2)
DA:3,4
DA:4,4
DA:5,4
DA:6,4
DA:7,4
DA:8,4
DA:11,4
DA:12,6
DA:15,4
DA:16,7
DA:17,7
DA:18,60
DA:19,5
DA:22,2
LF:14
LH:14
BRDA:3,0,0,4
BRDA:3,0,1,4
BRDA:18,1,0,5
BRF:3
BRH:3
end_of_record
