TN:
SF:src\controller\Auth.Controller.ts
FN:13,(anonymous_4)
FN:18,(anonymous_5)
FN:27,(anonymous_6)
FNF:3
FNH:0
FNDA:0,(anonymous_4)
FNDA:0,(anonymous_5)
FNDA:0,(anonymous_6)
DA:1,0
DA:3,0
DA:4,0
DA:5,0
DA:6,0
DA:7,0
DA:12,0
DA:14,0
DA:18,0
DA:20,0
DA:21,0
DA:22,0
DA:27,0
DA:29,0
DA:30,0
LF:15
LH:0
BRF:0
BRH:0
end_of_record
TN:
SF:src\controller\Calendar.Controller.ts
FN:17,(anonymous_4)
FN:30,(anonymous_5)
FN:46,(anonymous_6)
FN:62,(anonymous_7)
FN:78,(anonymous_8)
FN:94,(anonymous_9)
FNF:6
FNH:0
FNDA:0,(anonymous_4)
FNDA:0,(anonymous_5)
FNDA:0,(anonymous_6)
FNDA:0,(anonymous_7)
FNDA:0,(anonymous_8)
FNDA:0,(anonymous_9)
DA:1,0
DA:2,0
DA:3,0
DA:4,0
DA:5,0
DA:6,0
DA:8,0
DA:9,0
DA:15,0
DA:18,0
DA:30,0
DA:31,0
DA:32,0
DA:33,0
DA:46,0
DA:47,0
DA:48,0
DA:49,0
DA:62,0
DA:63,0
DA:64,0
DA:65,0
DA:78,0
DA:79,0
DA:80,0
DA:81,0
DA:94,0
DA:95,0
DA:96,0
DA:97,0
DA:98,0
LF:31
LH:0
BRF:0
BRH:0
end_of_record
TN:
SF:src\controller\FamousSaying.Controller.ts
FN:10,(anonymous_2)
FN:14,(anonymous_3)
FNF:2
FNH:0
FNDA:0,(anonymous_2)
FNDA:0,(anonymous_3)
DA:1,0
DA:2,0
DA:3,0
DA:4,0
DA:9,0
DA:10,0
DA:14,0
DA:15,0
DA:16,0
DA:17,0
LF:10
LH:0
BRF:0
BRH:0
end_of_record
TN:
SF:src\controller\Firebase.Controller.ts
FN:19,(anonymous_4)
FNF:1
FNH:0
FNDA:0,(anonymous_4)
DA:1,0
DA:2,0
DA:3,0
DA:4,0
DA:5,0
DA:10,0
DA:19,0
DA:20,0
DA:21,0
LF:9
LH:0
BRF:0
BRH:0
end_of_record
TN:
SF:src\controller\Kakao.Controller.ts
FN:14,(anonymous_4)
FN:28,(anonymous_5)
FNF:2
FNH:0
FNDA:0,(anonymous_4)
FNDA:0,(anonymous_5)
DA:3,0
DA:4,0
DA:5,0
DA:6,0
DA:12,0
DA:15,0
DA:28,0
DA:34,0
DA:35,0
DA:36,0
LF:10
LH:0
BRF:0
BRH:0
end_of_record
TN:
SF:src\controller\Music.Controller.ts
FN:10,(anonymous_2)
FN:14,(anonymous_3)
FNF:2
FNH:0
FNDA:0,(anonymous_2)
FNDA:0,(anonymous_3)
DA:1,0
DA:2,0
DA:3,0
DA:4,0
DA:8,0
DA:10,0
DA:14,0
DA:15,0
DA:16,0
DA:17,0
LF:10
LH:0
BRF:0
BRH:0
end_of_record
TN:
SF:src\controller\Token.Controller.ts
FN:11,(anonymous_4)
FN:15,(anonymous_5)
FNF:2
FNH:0
FNDA:0,(anonymous_4)
FNDA:0,(anonymous_5)
DA:1,0
DA:3,0
DA:4,0
DA:5,0
DA:6,0
DA:10,0
DA:11,0
DA:15,0
DA:17,0
DA:18,0
DA:19,0
LF:11
LH:0
BRF:0
BRH:0
end_of_record
TN:
SF:src\controller\Traffic.Controller.ts
FN:20,(anonymous_4)
FN:34,(anonymous_5)
FN:49,(anonymous_6)
FN:64,(anonymous_7)
FN:79,(anonymous_8)
FN:92,(anonymous_9)
FN:107,(anonymous_10)
FN:121,(anonymous_11)
FN:134,(anonymous_12)
FN:148,(anonymous_13)
FN:160,(anonymous_14)
FN:172,(anonymous_15)
FN:184,(anonymous_16)
FN:198,(anonymous_17)
FNF:14
FNH:0
FNDA:0,(anonymous_4)
FNDA:0,(anonymous_5)
FNDA:0,(anonymous_6)
FNDA:0,(anonymous_7)
FNDA:0,(anonymous_8)
FNDA:0,(anonymous_9)
FNDA:0,(anonymous_10)
FNDA:0,(anonymous_11)
FNDA:0,(anonymous_12)
FNDA:0,(anonymous_13)
FNDA:0,(anonymous_14)
FNDA:0,(anonymous_15)
FNDA:0,(anonymous_16)
FNDA:0,(anonymous_17)
DA:1,0
DA:2,0
DA:3,0
DA:4,0
DA:6,0
DA:7,0
DA:8,0
DA:9,0
DA:10,0
DA:11,0
DA:12,0
DA:13,0
DA:14,0
DA:18,0
DA:21,0
DA:22,0
DA:34,0
DA:35,0
DA:36,0
DA:37,0
DA:49,0
DA:50,0
DA:51,0
DA:52,0
DA:64,0
DA:65,0
DA:66,0
DA:67,0
DA:79,0
DA:80,0
DA:81,0
DA:82,0
DA:92,0
DA:93,0
DA:94,0
DA:95,0
DA:96,0
DA:107,0
DA:108,0
DA:109,0
DA:110,0
DA:121,0
DA:122,0
DA:123,0
DA:124,0
DA:134,0
DA:135,0
DA:136,0
DA:137,0
DA:148,0
DA:149,0
DA:150,0
DA:151,0
DA:160,0
DA:161,0
DA:162,0
DA:163,0
DA:172,0
DA:173,0
DA:174,0
DA:175,0
DA:184,0
DA:186,0
DA:187,0
DA:188,0
DA:198,0
DA:201,0
DA:202,0
DA:203,0
LF:69
LH:0
BRF:0
BRH:0
end_of_record
TN:
SF:src\controller\User.Controller.ts
FN:30,(anonymous_4)
FN:42,(anonymous_5)
FN:59,(anonymous_6)
FN:75,(anonymous_7)
FN:93,(anonymous_8)
FN:111,(anonymous_9)
FN:123,(anonymous_10)
FNF:7
FNH:0
FNDA:0,(anonymous_4)
FNDA:0,(anonymous_5)
FNDA:0,(anonymous_6)
FNDA:0,(anonymous_7)
FNDA:0,(anonymous_8)
FNDA:0,(anonymous_9)
FNDA:0,(anonymous_10)
DA:1,0
DA:14,0
DA:15,0
DA:16,0
DA:18,0
DA:21,0
DA:22,0
DA:23,0
DA:29,0
DA:31,0
DA:42,0
DA:46,0
DA:47,0
DA:59,0
DA:62,0
DA:63,0
DA:75,0
DA:79,0
DA:80,0
DA:93,0
DA:97,0
DA:98,0
DA:99,0
DA:111,0
DA:115,0
DA:116,0
DA:117,0
DA:123,0
DA:126,0
DA:127,0
DA:128,0
LF:31
LH:0
BRF:0
BRH:0
end_of_record
TN:
SF:src\controller\Weather.Controller.ts
FN:9,(anonymous_4)
FN:25,(anonymous_5)
FNF:2
FNH:0
FNDA:0,(anonymous_4)
FNDA:0,(anonymous_5)
DA:1,0
DA:2,0
DA:3,0
DA:4,0
DA:8,0
DA:10,0
DA:25,0
DA:33,0
DA:34,0
DA:35,0
LF:10
LH:0
BRF:0
BRH:0
end_of_record
TN:
SF:src\middleware\jwtMiddleware.ts
FN:12,(anonymous_1)
FN:18,(anonymous_2)
FN:30,(anonymous_3)
FNF:3
FNH:3
FNDA:8,(anonymous_1)
FNDA:5,(anonymous_2)
FNDA:2,(anonymous_3)
DA:2,1
DA:3,1
DA:12,1
DA:13,8
DA:14,6
DA:18,1
DA:20,5
DA:22,5
DA:23,5
DA:24,4
DA:26,2
DA:30,1
DA:31,2
DA:32,2
DA:33,1
DA:36,1
DA:38,1
LF:17
LH:17
BRDA:13,0,0,6
BRDA:13,1,0,8
BRDA:13,1,1,7
BRDA:24,2,0,1
BRDA:24,2,1,3
BRDA:26,3,0,1
BRF:6
BRH:6
end_of_record
TN:
SF:src\middleware\before\HelmetMiddleware.ts
FN:11,(anonymous_2)
FNF:1
FNH:1
FNDA:1,(anonymous_2)
DA:1,1
DA:3,1
DA:4,1
DA:8,1
DA:9,1
DA:12,1
LF:6
LH:6
BRF:0
BRH:0
end_of_record
TN:
SF:src\repository\Alarm.Repository.ts
FN:10,(anonymous_2)
FN:14,(anonymous_3)
FNF:2
FNH:0
FNDA:0,(anonymous_2)
FNDA:0,(anonymous_3)
DA:2,0
DA:3,0
DA:7,0
DA:11,0
DA:15,0
LF:5
LH:0
BRF:0
BRH:0
end_of_record
TN:
SF:src\repository\Bus.Repository.ts
FN:11,(anonymous_1)
FNF:1
FNH:0
FNDA:0,(anonymous_1)
DA:1,0
DA:2,0
DA:5,0
DA:12,0
LF:4
LH:0
BRF:0
BRH:0
end_of_record
TN:
SF:src\repository\BusStation.Repository.ts
FN:12,(anonymous_1)
FN:21,(anonymous_2)
FN:32,(anonymous_3)
FN:43,(anonymous_4)
FNF:4
FNH:0
FNDA:0,(anonymous_1)
FNDA:0,(anonymous_2)
FNDA:0,(anonymous_3)
FNDA:0,(anonymous_4)
DA:1,3
DA:2,3
DA:5,3
DA:13,0
DA:22,0
DA:33,0
DA:44,0
DA:49,0
LF:8
LH:3
BRF:0
BRH:0
end_of_record
TN:
SF:src\repository\Calendar.Repository.ts
FN:14,(anonymous_1)
FN:15,(anonymous_2)
FN:27,(anonymous_3)
FN:42,(anonymous_4)
FN:57,(anonymous_5)
FN:72,(anonymous_6)
FN:82,(anonymous_7)
FNF:7
FNH:0
FNDA:0,(anonymous_1)
FNDA:0,(anonymous_2)
FNDA:0,(anonymous_3)
FNDA:0,(anonymous_4)
FNDA:0,(anonymous_5)
FNDA:0,(anonymous_6)
FNDA:0,(anonymous_7)
DA:1,1
DA:2,1
DA:4,1
DA:7,1
DA:15,0
DA:16,0
DA:17,0
DA:28,0
DA:43,0
DA:58,0
DA:73,0
DA:83,0
LF:12
LH:4
BRF:0
BRH:0
end_of_record
TN:
SF:src\repository\FirebaseToken.Repository.ts
FN:7,(anonymous_1)
FN:12,(anonymous_2)
FN:20,(anonymous_3)
FNF:3
FNH:0
FNDA:0,(anonymous_1)
FNDA:0,(anonymous_2)
FNDA:0,(anonymous_3)
DA:1,2
DA:2,2
DA:6,2
DA:8,0
DA:9,0
DA:13,0
DA:21,0
LF:7
LH:3
BRF:0
BRH:0
end_of_record
TN:
SF:src\repository\GridCoordinates.Repository.ts
FN:13,(anonymous_1)
FNF:1
FNH:0
FNDA:0,(anonymous_1)
DA:1,1
DA:2,1
DA:5,1
DA:15,0
DA:17,0
LF:5
LH:3
BRF:0
BRH:0
end_of_record
TN:
SF:src\repository\SubwayStation.Repository.ts
FN:12,(anonymous_1)
FN:21,(anonymous_2)
FN:30,(anonymous_3)
FNF:3
FNH:0
FNDA:0,(anonymous_1)
FNDA:0,(anonymous_2)
FNDA:0,(anonymous_3)
DA:1,2
DA:2,2
DA:5,2
DA:13,0
DA:22,0
DA:31,0
LF:6
LH:3
BRF:0
BRH:0
end_of_record
TN:
SF:src\repository\TrafficCollection.Reposiotry.ts
FN:15,(anonymous_1)
FN:30,(anonymous_2)
FN:45,(anonymous_3)
FN:57,(anonymous_4)
FN:71,(anonymous_5)
FN:92,(anonymous_6)
FN:115,(anonymous_7)
FN:128,(anonymous_8)
FN:142,(anonymous_9)
FNF:9
FNH:0
FNDA:0,(anonymous_1)
FNDA:0,(anonymous_2)
FNDA:0,(anonymous_3)
FNDA:0,(anonymous_4)
FNDA:0,(anonymous_5)
FNDA:0,(anonymous_6)
FNDA:0,(anonymous_7)
FNDA:0,(anonymous_8)
FNDA:0,(anonymous_9)
DA:1,1
DA:2,1
DA:7,1
DA:16,0
DA:22,0
DA:31,0
DA:46,0
DA:58,0
DA:72,0
DA:93,0
DA:116,0
DA:129,0
DA:143,0
LF:13
LH:3
BRF:0
BRH:0
end_of_record
TN:
SF:src\repository\TrafficCollectionDetail.Repository.ts
FN:14,(anonymous_1)
FN:26,(anonymous_2)
FNF:2
FNH:0
FNDA:0,(anonymous_1)
FNDA:0,(anonymous_2)
DA:1,1
DA:2,1
DA:7,1
DA:15,0
DA:19,0
DA:27,0
LF:6
LH:3
BRF:0
BRH:0
end_of_record
TN:
SF:src\repository\Transportation.Repository.ts
FN:16,(anonymous_1)
FNF:1
FNH:0
FNDA:0,(anonymous_1)
DA:1,1
DA:2,1
DA:8,1
DA:17,0
DA:23,0
LF:5
LH:3
BRF:0
BRH:0
end_of_record
TN:
SF:src\repository\TransportationNumber.Repository.ts
FN:14,(anonymous_1)
FN:15,(anonymous_2)
FN:31,(anonymous_3)
FNF:3
FNH:0
FNDA:0,(anonymous_1)
FNDA:0,(anonymous_2)
FNDA:0,(anonymous_3)
DA:1,1
DA:2,1
DA:6,1
DA:15,0
DA:16,0
DA:20,0
DA:22,0
DA:23,0
DA:32,0
LF:9
LH:3
BRF:0
BRH:0
end_of_record
TN:
SF:src\repository\User.Repository.ts
FN:14,(anonymous_1)
FN:19,(anonymous_2)
FN:25,(anonymous_3)
FN:35,(anonymous_4)
FN:50,(anonymous_5)
FN:58,(anonymous_6)
FNF:6
FNH:0
FNDA:0,(anonymous_1)
FNDA:0,(anonymous_2)
FNDA:0,(anonymous_3)
FNDA:0,(anonymous_4)
FNDA:0,(anonymous_5)
FNDA:0,(anonymous_6)
DA:1,4
DA:2,4
DA:11,4
DA:15,0
DA:20,0
DA:21,0
DA:26,0
DA:36,0
DA:51,0
DA:59,0
LF:10
LH:3
BRF:0
BRH:0
end_of_record
TN:
SF:src\service\Auth.Service.ts
FN:13,(anonymous_5)
FN:20,(anonymous_6)
FN:39,(anonymous_7)
FN:45,(anonymous_8)
FNF:4
FNH:4
FNDA:6,(anonymous_5)
FNDA:2,(anonymous_6)
FNDA:1,(anonymous_7)
FNDA:3,(anonymous_8)
DA:1,1
DA:2,1
DA:3,1
DA:4,1
DA:5,1
DA:6,1
DA:7,1
DA:12,1
DA:14,6
DA:15,6
DA:16,6
DA:17,6
DA:24,2
DA:25,2
DA:26,2
DA:27,1
DA:33,2
DA:34,2
DA:35,2
DA:36,2
DA:40,1
DA:41,1
DA:42,1
DA:46,3
DA:47,3
DA:48,1
DA:51,2
DA:53,2
DA:54,2
DA:55,1
DA:58,1
DA:59,1
LF:32
LH:32
BRDA:26,0,0,1
BRDA:47,1,0,1
BRDA:47,2,0,3
BRDA:47,2,1,2
BRDA:54,3,0,1
BRF:5
BRH:5
end_of_record
TN:
SF:src\service\Calendar.Service.ts
FN:19,(anonymous_4)
FN:28,(anonymous_5)
FN:40,(anonymous_6)
FN:54,(anonymous_7)
FN:66,(anonymous_8)
FN:67,(anonymous_9)
FN:79,(anonymous_10)
FN:81,(anonymous_11)
FN:97,(anonymous_12)
FN:108,(anonymous_13)
FN:119,(anonymous_14)
FN:134,(anonymous_15)
FN:135,(anonymous_16)
FN:146,(anonymous_17)
FN:147,(anonymous_18)
FN:156,(anonymous_19)
FN:169,(anonymous_20)
FN:172,(anonymous_21)
FN:172,(anonymous_22)
FN:183,(anonymous_23)
FN:185,(anonymous_24)
FN:199,(anonymous_25)
FN:214,(anonymous_26)
FN:225,(anonymous_27)
FN:240,(anonymous_28)
FN:255,(anonymous_29)
FNF:26
FNH:2
FNDA:1,(anonymous_4)
FNDA:1,(anonymous_5)
FNDA:0,(anonymous_6)
FNDA:0,(anonymous_7)
FNDA:0,(anonymous_8)
FNDA:0,(anonymous_9)
FNDA:0,(anonymous_10)
FNDA:0,(anonymous_11)
FNDA:0,(anonymous_12)
FNDA:0,(anonymous_13)
FNDA:0,(anonymous_14)
FNDA:0,(anonymous_15)
FNDA:0,(anonymous_16)
FNDA:0,(anonymous_17)
FNDA:0,(anonymous_18)
FNDA:0,(anonymous_19)
FNDA:0,(anonymous_20)
FNDA:0,(anonymous_21)
FNDA:0,(anonymous_22)
FNDA:0,(anonymous_23)
FNDA:0,(anonymous_24)
FNDA:0,(anonymous_25)
FNDA:0,(anonymous_26)
FNDA:0,(anonymous_27)
FNDA:0,(anonymous_28)
FNDA:0,(anonymous_29)
DA:2,1
DA:3,1
DA:4,1
DA:6,1
DA:8,1
DA:9,1
DA:10,1
DA:11,1
DA:12,1
DA:17,1
DA:20,1
DA:21,1
DA:29,1
DA:30,1
DA:31,1
DA:41,0
DA:42,0
DA:43,0
DA:55,0
DA:56,0
DA:57,0
DA:67,0
DA:68,0
DA:80,0
DA:81,0
DA:82,0
DA:83,0
DA:84,0
DA:85,0
DA:87,0
DA:98,0
DA:109,0
DA:110,0
DA:111,0
DA:120,0
DA:121,0
DA:122,0
DA:123,0
DA:124,0
DA:135,0
DA:136,0
DA:147,0
DA:157,0
DA:158,0
DA:159,0
DA:170,0
DA:171,0
DA:172,0
DA:184,0
DA:185,0
DA:186,0
DA:188,0
DA:200,0
DA:201,0
DA:202,0
DA:203,0
DA:205,0
DA:215,0
DA:226,0
DA:227,0
DA:241,0
DA:242,0
DA:243,0
DA:245,0
DA:256,0
DA:257,0
DA:258,0
DA:259,0
LF:68
LH:15
BRDA:84,0,0,0
BRDA:111,1,0,0
BRDA:111,1,1,0
BRDA:202,2,0,0
BRDA:202,2,1,0
BRDA:226,3,0,0
BRDA:226,4,0,0
BRDA:226,4,1,0
BRDA:242,5,0,0
BRDA:242,6,0,0
BRDA:242,6,1,0
BRF:11
BRH:0
end_of_record
TN:
SF:src\service\FamousSaying.Service.ts
FN:10,(anonymous_1)
FNF:1
FNH:0
FNDA:0,(anonymous_1)
DA:1,0
DA:2,0
DA:3,0
DA:8,0
DA:11,0
DA:12,0
LF:6
LH:0
BRF:0
BRH:0
end_of_record
TN:
SF:src\service\Kakao.Service.ts
FN:12,(anonymous_2)
FN:23,(anonymous_3)
FN:37,(anonymous_4)
FN:38,(anonymous_5)
FNF:4
FNH:0
FNDA:0,(anonymous_2)
FNDA:0,(anonymous_3)
FNDA:0,(anonymous_4)
FNDA:0,(anonymous_5)
DA:2,0
DA:3,0
DA:4,0
DA:5,0
DA:6,0
DA:10,0
DA:12,0
DA:24,0
DA:25,0
DA:26,0
DA:38,0
DA:39,0
LF:12
LH:0
BRF:0
BRH:0
end_of_record
TN:
SF:src\service\KakaoApi.Service.ts
FN:11,(anonymous_2)
FN:29,(anonymous_3)
FNF:2
FNH:0
FNDA:0,(anonymous_2)
FNDA:0,(anonymous_3)
DA:1,1
DA:2,1
DA:3,1
DA:7,1
DA:8,0
DA:9,0
DA:12,0
DA:13,0
DA:18,0
DA:23,0
DA:24,0
DA:30,0
DA:32,0
DA:33,0
DA:35,0
LF:15
LH:4
BRDA:32,0,0,0
BRDA:32,0,1,0
BRF:2
BRH:0
end_of_record
TN:
SF:src\service\Music.Service.ts
FN:10,(anonymous_2)
FN:13,(anonymous_3)
FNF:2
FNH:0
FNDA:0,(anonymous_2)
FNDA:0,(anonymous_3)
DA:2,0
DA:3,0
DA:4,0
DA:8,0
DA:10,0
DA:14,0
DA:20,0
LF:7
LH:0
BRF:0
BRH:0
end_of_record
TN:
SF:src\service\Redis.Service.ts
FN:13,(anonymous_1)
FN:18,(anonymous_2)
FN:23,(anonymous_3)
FN:29,(anonymous_4)
FN:33,(anonymous_5)
FNF:5
FNH:0
FNDA:0,(anonymous_1)
FNDA:0,(anonymous_2)
FNDA:0,(anonymous_3)
FNDA:0,(anonymous_4)
FNDA:0,(anonymous_5)
DA:2,1
DA:3,1
DA:4,1
DA:6,1
DA:9,1
DA:11,0
DA:14,0
DA:15,0
DA:19,0
DA:20,0
DA:24,0
DA:25,0
DA:26,0
DA:30,0
DA:34,0
LF:15
LH:5
BRF:0
BRH:0
end_of_record
TN:
SF:src\service\Token.Service.ts
FN:9,(anonymous_5)
FN:14,(anonymous_6)
FN:40,(anonymous_7)
FNF:3
FNH:3
FNDA:5,(anonymous_5)
FNDA:3,(anonymous_6)
FNDA:3,(anonymous_7)
DA:1,1
DA:2,1
DA:3,1
DA:4,1
DA:5,1
DA:8,1
DA:10,5
DA:11,5
DA:15,3
DA:16,3
DA:17,1
DA:20,1
DA:21,1
DA:27,2
DA:28,1
DA:29,1
DA:30,1
DA:31,1
DA:32,1
DA:34,1
DA:36,1
DA:41,3
DA:42,3
DA:43,1
DA:45,2
LF:25
LH:25
BRDA:27,0,0,1
BRDA:27,0,1,1
BRDA:30,1,0,1
BRDA:42,2,0,1
BRF:4
BRH:4
end_of_record
TN:
SF:src\service\Traffic.Service.ts
FN:30,(anonymous_4)
FN:46,(anonymous_5)
FN:56,(anonymous_6)
FN:69,(anonymous_7)
FN:78,(anonymous_8)
FN:87,(anonymous_9)
FN:98,(anonymous_10)
FN:101,(anonymous_11)
FN:102,(anonymous_12)
FN:105,(anonymous_13)
FN:123,(anonymous_14)
FN:132,(anonymous_15)
FN:142,(anonymous_16)
FN:151,(anonymous_17)
FN:152,(anonymous_18)
FN:154,(anonymous_19)
FN:181,(anonymous_20)
FN:184,(anonymous_21)
FN:185,(anonymous_22)
FN:187,(anonymous_23)
FN:214,(anonymous_24)
FN:216,(anonymous_25)
FN:227,(anonymous_26)
FN:230,(anonymous_27)
FN:241,(anonymous_28)
FN:255,(anonymous_29)
FN:270,(anonymous_30)
FN:274,(anonymous_31)
FN:275,(anonymous_32)
FN:284,(anonymous_33)
FN:287,(anonymous_34)
FN:288,(anonymous_35)
FNF:32
FNH:32
FNDA:30,(anonymous_4)
FNDA:1,(anonymous_5)
FNDA:1,(anonymous_6)
FNDA:1,(anonymous_7)
FNDA:1,(anonymous_8)
FNDA:1,(anonymous_9)
FNDA:3,(anonymous_10)
FNDA:6,(anonymous_11)
FNDA:11,(anonymous_12)
FNDA:8,(anonymous_13)
FNDA:1,(anonymous_14)
FNDA:1,(anonymous_15)
FNDA:8,(anonymous_16)
FNDA:12,(anonymous_17)
FNDA:8,(anonymous_18)
FNDA:8,(anonymous_19)
FNDA:6,(anonymous_20)
FNDA:9,(anonymous_21)
FNDA:6,(anonymous_22)
FNDA:6,(anonymous_23)
FNDA:1,(anonymous_24)
FNDA:1,(anonymous_25)
FNDA:1,(anonymous_26)
FNDA:1,(anonymous_27)
FNDA:1,(anonymous_28)
FNDA:1,(anonymous_29)
FNDA:1,(anonymous_30)
FNDA:2,(anonymous_31)
FNDA:1,(anonymous_32)
FNDA:1,(anonymous_33)
FNDA:2,(anonymous_34)
FNDA:1,(anonymous_35)
DA:1,1
DA:2,1
DA:4,1
DA:6,1
DA:7,1
DA:10,1
DA:11,1
DA:13,1
DA:15,1
DA:17,1
DA:18,1
DA:19,1
DA:20,1
DA:23,1
DA:24,1
DA:25,1
DA:28,1
DA:31,30
DA:32,30
DA:33,30
DA:34,30
DA:35,30
DA:36,30
DA:37,30
DA:38,30
DA:47,1
DA:48,1
DA:57,1
DA:58,1
DA:59,1
DA:60,1
DA:61,1
DA:70,1
DA:79,1
DA:88,1
DA:89,1
DA:90,1
DA:99,3
DA:100,3
DA:101,3
DA:102,11
DA:104,6
DA:105,4
DA:106,8
DA:107,6
DA:109,2
DA:114,3
DA:124,1
DA:133,1
DA:134,1
DA:143,8
DA:144,8
DA:145,8
DA:147,8
DA:148,2
DA:149,2
DA:151,12
DA:152,8
DA:153,8
DA:154,8
DA:156,8
DA:157,5
DA:158,5
DA:159,2
DA:161,3
DA:162,3
DA:165,3
DA:166,3
DA:167,3
DA:169,8
DA:182,6
DA:183,6
DA:184,9
DA:185,6
DA:186,6
DA:187,6
DA:189,6
DA:190,4
DA:191,4
DA:192,2
DA:194,2
DA:195,2
DA:198,2
DA:199,2
DA:200,2
DA:202,6
DA:215,1
DA:216,1
DA:217,1
DA:228,1
DA:229,1
DA:231,1
DA:232,1
DA:242,1
DA:243,1
DA:245,1
DA:246,1
DA:256,1
DA:257,1
DA:259,1
DA:260,1
DA:271,1
DA:272,1
DA:273,1
DA:274,2
DA:275,1
DA:285,1
DA:286,1
DA:287,2
DA:288,1
LF:110
LH:110
BRDA:104,0,0,4
BRDA:106,1,0,6
BRDA:106,1,1,2
BRDA:106,2,0,8
BRDA:106,2,1,2
BRDA:144,3,0,6
BRDA:144,3,1,2
BRDA:144,4,0,8
BRDA:144,4,1,2
BRDA:147,5,0,2
BRDA:147,6,0,8
BRDA:147,6,1,2
BRDA:156,7,0,5
BRDA:156,7,1,3
BRDA:161,8,0,3
BRDA:161,9,0,3
BRDA:161,9,1,3
BRDA:165,10,0,3
BRDA:182,11,0,3
BRDA:182,11,1,3
BRDA:189,12,0,4
BRDA:189,12,1,2
BRDA:194,13,0,2
BRDA:194,14,0,2
BRDA:194,14,1,2
BRDA:198,15,0,2
BRDA:242,16,0,1
BRDA:245,17,0,1
BRDA:256,18,0,1
BRDA:259,19,0,1
BRF:30
BRH:30
end_of_record
TN:
SF:src\service\TrafficSearch.Service.ts
FN:21,(anonymous_4)
FN:33,(anonymous_5)
FN:46,(anonymous_6)
FN:55,(anonymous_7)
FN:87,(anonymous_8)
FN:99,(anonymous_9)
FN:108,(anonymous_10)
FN:110,(anonymous_11)
FN:123,(anonymous_12)
FN:133,(anonymous_13)
FN:145,(anonymous_14)
FN:152,(anonymous_15)
FN:161,(anonymous_16)
FN:176,(anonymous_17)
FN:180,(anonymous_18)
FN:188,(anonymous_19)
FN:191,(anonymous_20)
FNF:17
FNH:17
FNDA:16,(anonymous_4)
FNDA:2,(anonymous_5)
FNDA:2,(anonymous_6)
FNDA:3,(anonymous_7)
FNDA:1,(anonymous_8)
FNDA:4,(anonymous_9)
FNDA:2,(anonymous_10)
FNDA:2,(anonymous_11)
FNDA:1,(anonymous_12)
FNDA:1,(anonymous_13)
FNDA:1,(anonymous_14)
FNDA:1,(anonymous_15)
FNDA:1,(anonymous_16)
FNDA:1,(anonymous_17)
FNDA:1,(anonymous_18)
FNDA:1,(anonymous_19)
FNDA:1,(anonymous_20)
DA:1,1
DA:2,1
DA:3,1
DA:4,1
DA:6,1
DA:7,1
DA:8,1
DA:9,1
DA:11,1
DA:12,1
DA:14,1
DA:15,1
DA:16,1
DA:19,1
DA:22,16
DA:23,16
DA:24,16
DA:25,16
DA:34,2
DA:35,1
DA:37,1
DA:47,2
DA:56,3
DA:57,3
DA:58,3
DA:64,3
DA:65,2
DA:66,2
DA:67,1
DA:69,1
DA:70,1
DA:74,3
DA:75,3
DA:76,1
DA:77,1
DA:79,3
DA:88,1
DA:89,1
DA:90,1
DA:91,1
DA:100,4
DA:109,2
DA:111,2
DA:112,2
DA:113,2
DA:124,1
DA:134,1
DA:135,1
DA:136,1
DA:137,1
DA:146,1
DA:147,1
DA:148,1
DA:150,1
DA:151,1
DA:152,1
DA:159,1
DA:160,1
DA:161,1
DA:168,1
DA:177,1
DA:178,1
DA:179,1
DA:180,1
DA:189,1
DA:190,1
DA:191,1
LF:67
LH:67
BRDA:34,0,0,1
BRDA:34,0,1,1
BRDA:64,1,0,2
BRDA:69,2,0,1
BRDA:69,3,0,1
BRDA:69,3,1,1
BRDA:75,4,0,1
BRDA:150,5,0,1
BRDA:159,6,0,1
BRF:9
BRH:9
end_of_record
TN:
SF:src\service\User.Service.ts
FN:14,(anonymous_4)
FN:25,(anonymous_5)
FN:39,(anonymous_6)
FN:47,(anonymous_7)
FN:61,(anonymous_8)
FN:73,(anonymous_9)
FN:84,(anonymous_10)
FNF:7
FNH:0
FNDA:0,(anonymous_4)
FNDA:0,(anonymous_5)
FNDA:0,(anonymous_6)
FNDA:0,(anonymous_7)
FNDA:0,(anonymous_8)
FNDA:0,(anonymous_9)
FNDA:0,(anonymous_10)
DA:2,0
DA:3,0
DA:4,0
DA:6,0
DA:7,0
DA:8,0
DA:9,0
DA:13,0
DA:15,0
DA:16,0
DA:28,0
DA:29,0
DA:30,0
DA:42,0
DA:43,0
DA:44,0
DA:48,0
DA:49,0
DA:50,0
DA:53,0
DA:62,0
DA:63,0
DA:64,0
DA:74,0
DA:75,0
DA:76,0
DA:85,0
DA:86,0
DA:87,0
LF:29
LH:0
BRDA:49,0,0,0
BRF:1
BRH:0
end_of_record
TN:
SF:src\service\Weather.Service.ts
FN:18,(anonymous_5)
FN:32,(anonymous_6)
FN:50,(anonymous_7)
FN:64,(anonymous_8)
FN:103,(anonymous_9)
FNF:5
FNH:5
FNDA:5,(anonymous_5)
FNDA:2,(anonymous_6)
FNDA:1,(anonymous_7)
FNDA:1,(anonymous_8)
FNDA:1,(anonymous_9)
DA:1,1
DA:2,1
DA:5,1
DA:6,1
DA:7,1
DA:8,1
DA:9,1
DA:11,1
DA:12,1
DA:17,1
DA:19,5
DA:20,5
DA:21,5
DA:23,5
DA:24,5
DA:34,2
DA:35,1
DA:37,1
DA:40,2
DA:41,2
DA:51,1
DA:53,1
DA:65,1
DA:66,1
DA:68,1
DA:70,1
DA:83,1
DA:85,1
DA:87,1
DA:104,1
DA:105,1
DA:107,1
LF:32
LH:32
BRDA:34,0,0,1
BRDA:34,0,1,1
BRF:2
BRH:2
end_of_record
TN:
SF:src\util\Alarm.ts
FN:10,(anonymous_2)
FN:16,(anonymous_3)
FN:17,(anonymous_4)
FN:30,(anonymous_5)
FN:40,(anonymous_6)
FN:43,(anonymous_7)
FN:52,(anonymous_8)
FN:67,(anonymous_9)
FN:68,(anonymous_10)
FN:78,(anonymous_11)
FN:79,(anonymous_12)
FN:80,(anonymous_13)
FNF:12
FNH:0
FNDA:0,(anonymous_2)
FNDA:0,(anonymous_3)
FNDA:0,(anonymous_4)
FNDA:0,(anonymous_5)
FNDA:0,(anonymous_6)
FNDA:0,(anonymous_7)
FNDA:0,(anonymous_8)
FNDA:0,(anonymous_9)
FNDA:0,(anonymous_10)
FNDA:0,(anonymous_11)
FNDA:0,(anonymous_12)
FNDA:0,(anonymous_13)
DA:1,0
DA:2,0
DA:4,0
DA:8,0
DA:10,0
DA:17,0
DA:18,0
DA:19,0
DA:20,0
DA:21,0
DA:31,0
DA:32,0
DA:41,0
DA:42,0
DA:43,0
DA:53,0
DA:54,0
DA:55,0
DA:56,0
DA:57,0
DA:58,0
DA:68,0
DA:69,0
DA:79,0
DA:80,0
LF:25
LH:0
BRDA:31,0,0,0
BRDA:41,1,0,0
BRDA:53,2,0,0
BRDA:53,2,1,0
BRDA:53,3,0,0
BRDA:53,3,1,0
BRDA:55,4,0,0
BRDA:55,4,1,0
BRDA:57,5,0,0
BRF:9
BRH:0
end_of_record
TN:
SF:src\util\YouTubeApi.ts
FN:11,(anonymous_2)
FN:21,(anonymous_3)
FNF:2
FNH:0
FNDA:0,(anonymous_2)
FNDA:0,(anonymous_3)
DA:1,0
DA:2,0
DA:3,0
DA:8,0
DA:10,0
DA:12,0
DA:13,0
DA:14,0
DA:16,0
DA:17,0
DA:22,0
LF:11
LH:0
BRF:0
BRH:0
end_of_record
TN:
SF:src\util\YouTubeSchedule.ts
FN:10,(anonymous_2)
FN:15,(anonymous_3)
FN:23,(anonymous_4)
FN:30,(anonymous_5)
FNF:4
FNH:0
FNDA:0,(anonymous_2)
FNDA:0,(anonymous_3)
FNDA:0,(anonymous_4)
FNDA:0,(anonymous_5)
DA:1,0
DA:2,0
DA:3,0
DA:4,0
DA:7,0
DA:11,0
DA:12,0
DA:16,0
DA:17,0
DA:18,0
DA:19,0
DA:20,0
DA:24,0
DA:25,0
DA:26,0
DA:31,0
DA:32,0
DA:33,0
DA:34,0
DA:35,0
LF:20
LH:0
BRF:0
BRH:0
end_of_record
TN:
SF:src\util\checker.ts
FN:8,(anonymous_0)
FNF:1
FNH:1
FNDA:2,(anonymous_0)
DA:8,3
DA:9,2
DA:10,2
DA:11,0
DA:13,2
LF:5
LH:4
BRDA:10,0,0,0
BRF:1
BRH:0
end_of_record
TN:
SF:src\util\firebaseMessage.ts
FN:11,(anonymous_0)
FNF:1
FNH:0
FNDA:0,(anonymous_0)
DA:2,0
DA:11,0
DA:12,0
DA:19,0
DA:20,0
LF:5
LH:0
BRF:0
BRH:0
end_of_record
TN:
SF:src\util\logger.ts
FN:12,(anonymous_1)
FN:13,(anonymous_2)
FNF:2
FNH:0
FNDA:0,(anonymous_1)
FNDA:0,(anonymous_2)
DA:3,0
DA:4,0
DA:13,0
DA:14,0
DA:16,0
DA:17,0
DA:20,0
DA:22,0
DA:24,0
DA:30,0
LF:10
LH:0
BRF:0
BRH:0
end_of_record
TN:
SF:src\util\openAi.ts
FN:8,(anonymous_1)
FNF:1
FNH:0
FNDA:0,(anonymous_1)
DA:1,0
DA:2,0
DA:4,0
DA:8,0
DA:11,0
DA:20,0
DA:26,0
DA:27,0
LF:8
LH:0
BRF:0
BRH:0
end_of_record
TN:
SF:src\util\publicData.ts
FN:12,(anonymous_2)
FN:34,(anonymous_3)
FNF:2
FNH:0
FNDA:0,(anonymous_2)
FNDA:0,(anonymous_3)
DA:1,2
DA:2,2
DA:3,2
DA:4,2
DA:7,2
DA:8,0
DA:9,0
DA:13,0
DA:14,0
DA:15,0
DA:16,0
DA:18,0
DA:19,0
DA:21,0
DA:23,0
DA:24,0
DA:30,2
DA:31,0
DA:32,0
DA:35,0
DA:36,0
DA:37,0
DA:38,0
DA:39,0
DA:41,0
DA:42,0
DA:44,0
DA:45,0
DA:48,0
DA:50,0
DA:51,0
LF:31
LH:6
BRDA:18,0,0,0
BRDA:18,1,0,0
BRDA:18,1,1,0
BRDA:44,2,0,0
BRDA:48,3,0,0
BRDA:48,3,1,0
BRF:6
BRH:0
end_of_record
TN:
SF:src\util\scheduler.ts
FN:10,(anonymous_1)
FN:17,(anonymous_2)
FN:24,(anonymous_3)
FN:30,(anonymous_4)
FNF:4
FNH:0
FNDA:0,(anonymous_1)
FNDA:0,(anonymous_2)
FNDA:0,(anonymous_3)
FNDA:0,(anonymous_4)
DA:2,0
DA:3,0
DA:4,0
DA:5,0
DA:6,0
DA:7,0
DA:8,0
DA:10,0
DA:12,0
DA:18,0
DA:20,0
DA:24,0
DA:25,0
DA:31,0
DA:32,0
DA:33,0
DA:35,0
LF:17
LH:0
BRF:0
BRH:0
end_of_record
TN:
SF:src\util\verify.ts
FN:14,(anonymous_0)
FN:26,(anonymous_1)
FN:38,(anonymous_2)
FN:49,(anonymous_3)
FN:58,(anonymous_4)
FN:68,(anonymous_5)
FNF:6
FNH:1
FNDA:0,(anonymous_0)
FNDA:0,(anonymous_1)
FNDA:0,(anonymous_2)
FNDA:0,(anonymous_3)
FNDA:2,(anonymous_4)
FNDA:0,(anonymous_5)
DA:7,3
DA:8,3
DA:9,3
DA:14,3
DA:15,0
DA:16,0
DA:26,3
DA:27,0
DA:28,0
DA:38,3
DA:39,0
DA:40,0
DA:49,3
DA:50,0
DA:51,0
DA:58,3
DA:59,2
DA:60,0
DA:68,3
DA:69,0
DA:70,0
LF:21
LH:10
BRDA:15,0,0,0
BRDA:27,1,0,0
BRDA:39,2,0,0
BRDA:50,3,0,0
BRDA:59,4,0,0
BRDA:69,5,0,0
BRF:6
BRH:0
end_of_record
TN:
SF:src\util\weatherData.ts
FN:8,(anonymous_0)
FN:53,(anonymous_1)
FN:61,(anonymous_2)
FN:62,(anonymous_3)
FNF:4
FNH:0
FNDA:0,(anonymous_0)
FNDA:0,(anonymous_1)
FNDA:0,(anonymous_2)
FNDA:0,(anonymous_3)
DA:1,1
DA:8,1
DA:9,0
DA:11,0
DA:12,0
DA:13,0
DA:14,0
DA:15,0
DA:17,0
DA:18,0
DA:21,0
DA:22,0
DA:25,0
DA:28,0
DA:29,0
DA:30,0
DA:32,0
DA:33,0
DA:35,0
DA:36,0
DA:37,0
DA:38,0
DA:40,0
DA:53,0
DA:54,0
DA:55,0
DA:57,0
DA:60,0
DA:61,0
DA:62,0
LF:30
LH:2
BRDA:17,0,0,0
BRDA:21,1,0,0
BRDA:35,2,0,0
BRDA:35,2,1,0
BRDA:36,3,0,0
BRDA:36,3,1,0
BRDA:37,4,0,0
BRDA:37,4,1,0
BRDA:38,5,0,0
BRDA:38,5,1,0
BRDA:38,6,0,0
BRDA:38,6,1,0
BRDA:54,7,0,0
BRDA:61,8,0,0
BRDA:61,8,1,0
BRDA:62,9,0,0
BRDA:62,9,1,0
BRF:17
BRH:0
end_of_record
TN:
SF:src\util\enum\EateryCategory.ts
FN:4,(anonymous_0)
FN:10,(anonymous_1)
FNF:2
FNH:0
FNDA:0,(anonymous_0)
FNDA:0,(anonymous_1)
DA:4,0
DA:5,0
DA:6,0
DA:10,0
DA:11,0
LF:5
LH:0
BRDA:4,0,0,0
BRDA:4,0,1,0
BRF:2
BRH:0
end_of_record
TN:
SF:src\util\enum\FamousSaying.ts
FN:1,(anonymous_0)
FN:106,(anonymous_1)
FN:117,(anonymous_2)
FN:122,(anonymous_3)
FN:132,getWriter
FNF:5
FNH:0
FNDA:0,(anonymous_0)
FNDA:0,(anonymous_1)
FNDA:0,(anonymous_2)
FNDA:0,(anonymous_3)
FNDA:0,getWriter
DA:1,0
DA:2,0
DA:3,0
DA:4,0
DA:5,0
DA:6,0
DA:7,0
DA:8,0
DA:9,0
DA:10,0
DA:11,0
DA:12,0
DA:13,0
DA:14,0
DA:15,0
DA:16,0
DA:17,0
DA:18,0
DA:19,0
DA:20,0
DA:21,0
DA:22,0
DA:23,0
DA:24,0
DA:25,0
DA:26,0
DA:27,0
DA:28,0
DA:29,0
DA:30,0
DA:31,0
DA:32,0
DA:33,0
DA:34,0
DA:35,0
DA:36,0
DA:37,0
DA:38,0
DA:39,0
DA:40,0
DA:41,0
DA:42,0
DA:43,0
DA:44,0
DA:45,0
DA:46,0
DA:47,0
DA:48,0
DA:49,0
DA:50,0
DA:51,0
DA:52,0
DA:53,0
DA:54,0
DA:55,0
DA:56,0
DA:57,0
DA:58,0
DA:59,0
DA:60,0
DA:61,0
DA:62,0
DA:63,0
DA:64,0
DA:65,0
DA:66,0
DA:67,0
DA:68,0
DA:69,0
DA:70,0
DA:71,0
DA:72,0
DA:73,0
DA:74,0
DA:75,0
DA:76,0
DA:77,0
DA:78,0
DA:79,0
DA:80,0
DA:81,0
DA:82,0
DA:83,0
DA:84,0
DA:85,0
DA:86,0
DA:87,0
DA:88,0
DA:89,0
DA:90,0
DA:91,0
DA:92,0
DA:93,0
DA:94,0
DA:95,0
DA:96,0
DA:97,0
DA:98,0
DA:99,0
DA:100,0
DA:101,0
DA:105,0
DA:107,0
DA:108,0
DA:117,0
DA:118,0
DA:122,0
DA:123,0
DA:132,0
DA:133,0
DA:137,0
LF:111
LH:0
BRDA:1,0,0,0
BRDA:1,0,1,0
BRDA:133,1,0,0
BRDA:133,1,1,0
BRF:4
BRH:0
end_of_record
TN:
SF:src\util\enum\Period.ts
FN:3,(anonymous_0)
FN:11,(anonymous_1)
FN:15,(anonymous_2)
FNF:3
FNH:1
FNDA:2,(anonymous_0)
FNDA:0,(anonymous_1)
FNDA:0,(anonymous_2)
DA:3,2
DA:4,2
DA:5,2
DA:6,2
DA:7,2
DA:8,2
DA:11,2
DA:12,0
DA:15,2
DA:16,0
DA:17,0
DA:18,0
DA:19,0
DA:22,0
LF:14
LH:8
BRDA:3,0,0,2
BRDA:3,0,1,2
BRDA:18,1,0,0
BRF:3
BRH:2
end_of_record
